#
# A fatal error has been detected by the Java Runtime Environment:
#
#  SIGSEGV (0xb) at pc=0x0000000110a8a0b1, pid=85451, tid=259
#
# JRE version: Java(TM) SE Runtime Environment (21.0.2+13) (build 21.0.2+13-LTS-58)
# Java VM: Java HotSpot(TM) 64-Bit Server VM (21.0.2+13-LTS-58, mixed mode, sharing, tiered, compressed oops, compressed class ptrs, g1 gc, bsd-amd64)
# Problematic frame:
# C  [libglass.dylib+0x30b1]  -[GlassWindow(Java) _sendJavaWindowMoveEventForFrame:]+0xf1
#
# No core dump will be written. Core dumps have been disabled. To enable core dumping, try "ulimit -c unlimited" before starting Java again
#
# If you would like to submit a bug report, please visit:
#   https://bugreport.java.com/bugreport/crash.jsp
#

---------------  S U M M A R Y ------------

Command Line: --module-path=/Users/mac/Projects-NIC/LocalSecurePasswordManager/target/classes:/Users/mac/.m2/repository/org/openjfx/javafx-base/13/javafx-base-13-mac.jar:/Users/mac/.m2/repository/org/openjfx/javafx-controls/13/javafx-controls-13-mac.jar:/Users/mac/.m2/repository/org/openjfx/javafx-fxml/13/javafx-fxml-13-mac.jar:/Users/mac/.m2/repository/org/openjfx/javafx-graphics/13/javafx-graphics-13-mac.jar --add-modules=com.mycompany.securepasswordmanager -Djdk.module.main=com.mycompany.securepasswordmanager com.mycompany.securepasswordmanager/com.mycompany.securepasswordmanager.App

Host: "MacBookPro12,1" x86_64 2700 MHz, 4 cores, 8G, Darwin 21.6.0, macOS 12.7.1 (21G920)
Time: Sat Jul 13 21:33:27 2024 IST elapsed time: 64.326577 seconds (0d 0h 1m 4s)

---------------  T H R E A D  ---------------

Current thread is native thread

Stack: [0x00007ff7afdd8000,0x00007ff7b05d8000],  sp=0x00007ff7b05d3e10,  free space=8175k
Native frames: (J=compiled Java code, j=interpreted, Vv=VM code, C=native code)
C  [libglass.dylib+0x30b1]  -[GlassWindow(Java) _sendJavaWindowMoveEventForFrame:]+0xf1
C  [libglass.dylib+0x1df6]  -[GlassWindow(Overrides) windowDidMove:]+0x56
C  [CoreFoundation+0x7568c]  __CFNOTIFICATIONCENTER_IS_CALLING_OUT_TO_AN_OBSERVER__+0xc
C  [CoreFoundation+0x112aa2]  ___CFXRegistrationPost_block_invoke+0x31
C  [CoreFoundation+0x112a20]  _CFXRegistrationPost+0x1f0
C  [CoreFoundation+0x472f8]  _CFXNotificationPost+0x2df
C  [Foundation+0x97ce]  -[NSNotificationCenter postNotificationName:object:userInfo:]+0x52
C  [AppKit+0x8f585]  -[NSWindow _setFrameCommon:display:fromServer:]+0x6f5
C  [AppKit+0x96561f]  -[_NSExitFullScreenTransitionController setupWindowForAfterFullScreenExit]+0x23d
C  [AppKit+0x969014]  __46-[_NSExitFullScreenTransitionController start]_block_invoke.336+0x39
C  [libdispatch.dylib+0x20cc]  _dispatch_call_block_and_release+0xc
C  [libdispatch.dylib+0x3317]  _dispatch_client_callout+0x8
C  [libdispatch.dylib+0xfc78]  _dispatch_main_queue_drain+0x3af
C  [libdispatch.dylib+0xf8bb]  _dispatch_main_queue_callback_4CF+0x1f
C  [CoreFoundation+0xbde67]  __CFRUNLOOP_IS_SERVICING_THE_MAIN_DISPATCH_QUEUE__+0x9
C  [CoreFoundation+0x7eeff]  __CFRunLoopRun+0xad3
C  [CoreFoundation+0x7dd6c]  CFRunLoopRunSpecific+0x232
C  [libjli.dylib+0x6ee2]  CreateExecutionEnvironment+0x182
C  [libjli.dylib+0x28bd]  JLI_Launch+0x54d
C  [java+0x3c17]  main+0x187
C  0x00000001144e652e

siginfo: si_signo: 11 (SIGSEGV), si_code: 1 (SEGV_MAPERR), si_addr: 0x0000000000000000

Registers:
RAX=0x0000000000000103, RBX=0x00007f8bb61eaca8, RCX=0x0000000000000000, RDX=0x000000000060dc00
RSP=0x00007ff7b05d3e10, RBP=0x00007ff7b05d4260, RSI=0x00007ff7b05d4270, RDI=0x000000010fa40380
R8 =0x00007f8bb61ca600, R9 =0x0000000000000600, R10=0x0000000000008003, R11=0x0000000000003fff
R12=0x0000600002f0a1c0, R13=0x0000000110acbb48, R14=0x0000000000000000, R15=0x0000000000000000
RIP=0x0000000110a8a0b1, EFLAGS=0x0000000000010206, ERR=0x0000000000000004
  TRAPNO=0x000000000000000e


Top of Stack: (sp=0x00007ff7b05d3e10)
0x00007ff7b05d3e10:   0001000000008000 0040002200000000
0x00007ff7b05d3e20:   0000000000000000 00040000031272a7
0x00007ff7b05d3e30:   0000000110a8a06c 0000000110a88df6
0x00007ff7b05d3e40:   00007ff81763b68c 00007ff8176d8aa2
0x00007ff7b05d3e50:   00007ff8176d8a20 00007ff81760d2f8
0x00007ff7b05d3e60:   00007ff81844c7ce 00007ff81a0cf585
0x00007ff7b05d3e70:   00007ff81a9a561f 00007ff81a9a9014
0x00007ff7b05d3e80:   00007ff8173c60cc 00007ff8173c7317
0x00007ff7b05d3e90:   00007ff8173d3c78 00007ff8173d38bb
0x00007ff7b05d3ea0:   00007ff817683e67 00007ff817644eff
0x00007ff7b05d3eb0:   00007ff817643d6c 000000010fa57ee2
0x00007ff7b05d3ec0:   000000010fa538bd 000000010f92bc17
0x00007ff7b05d3ed0:   00000001144e652e 0000000000000000
0x00007ff7b05d3ee0:   00006000007747c0 0000600102f04be0
0x00007ff7b05d3ef0:   00007ff7b05d50b0 00007ff7b05d4720
0x00007ff7b05d3f00:   0000040000000002 0001000000000000
0x00007ff7b05d3f10:   0000000000000012 0000000000000012
0x00007ff7b05d3f20:   00007ff7b05d3f40 00007ff8174280ba
0x00007ff7b05d3f30:   00007ff831adecc9 00007f8bb6f80510
0x00007ff7b05d3f40:   00007ff81725d000 00007ff858b03418
0x00007ff7b05d3f50:   0000000000000003 00007ff81a09c7df
0x00007ff7b05d3f60:   00000000ffdd79d1 0000600002f04be0
0x00007ff7b05d3f70:   00007ff7b05d4510 00007ff817413559
0x00007ff7b05d3f80:   00007ff7b05d3fc0 00007ff8174280ba
0x00007ff7b05d3f90:   00007ff8319a41b7 00007f8bb6f80510
0x00007ff7b05d3fa0:   00007ff81725d000 00007ff858b03418
0x00007ff7b05d3fb0:   0000000000000003 00007ff81a04bb64
0x00007ff7b05d3fc0:   00000000ffdd79d1 0000600002f04be0
0x00007ff7b05d3fd0:   00007ff7b05d4570 00007ff817413559
0x00007ff7b05d3fe0:   00000000ffdd79d1 000000010fa48a00
0x00007ff7b05d3ff0:   00007ff7b05d4590 00007ff817542cd8
0x00007ff7b05d4000:   00007ff800000000 00007f8bb6f80510 

Instructions: (pc=0x0000000110a8a0b1)
0x0000000110a89fb1:   5d 41 5e 41 5f 5d c3 e8 65 c5 02 00 0f 1f 00 55
0x0000000110a89fc1:   48 89 e5 41 57 41 56 41 55 41 54 53 48 81 ec 28
0x0000000110a89fd1:   04 00 00 49 89 fc 48 8b 05 52 71 03 00 48 8b 00
0x0000000110a89fe1:   48 89 45 d0 48 8d 05 bc 0e 04 00 48 8b 00 41 80
0x0000000110a89ff1:   3c 04 00 0f 85 43 01 00 00 48 8d 75 10 48 8d 05
0x0000000110a8a001:   b3 0e 04 00 48 8b 00 48 8b 0e 48 8b 56 08 49 89
0x0000000110a8a011:   54 04 08 49 89 0c 04 4c 8d 2d 29 1b 04 00 4d 8b
0x0000000110a8a021:   75 00 4d 85 f6 0f 85 85 00 00 00 48 8b 05 05 71
0x0000000110a8a031:   03 00 48 8b 38 48 8d 35 5a 14 03 00 48 8d 15 93
0x0000000110a8a041:   17 03 00 48 8d 0d ea 16 03 00 41 b8 54 00 00 00
0x0000000110a8a051:   31 c0 e8 06 c5 02 00 4c 8d b5 d0 fb ff ff be 80
0x0000000110a8a061:   00 00 00 4c 89 f7 e8 d4 c4 02 00 41 89 c7 4c 89
0x0000000110a8a071:   f7 44 89 fe e8 cc c4 02 00 49 89 c6 45 85 ff 7e
0x0000000110a8a081:   1f 45 89 ff 4c 89 f3 0f 1f 84 00 00 00 00 00 48
0x0000000110a8a091:   8b 3b e8 52 c6 02 00 48 83 c3 08 49 ff cf 75 ef
0x0000000110a8a0a1:   4c 89 f7 e8 bb c4 02 00 4d 8b 75 00 48 8d 75 10
0x0000000110a8a0b1:   49 8b 06 48 8b 80 e8 01 00 00 48 89 85 b8 fb ff
0x0000000110a8a0c1:   ff 48 8d 05 87 0d 04 00 48 8b 00 49 8b 04 04 48
0x0000000110a8a0d1:   89 85 c0 fb ff ff 48 8d 05 c2 1a 04 00 f2 0f 2c
0x0000000110a8a0e1:   0e 89 8d cc fb ff ff 4c 8b 28 f2 44 0f 2c 7e 08
0x0000000110a8a0f1:   48 8d 05 50 0d 04 00 48 8b 00 49 8b 3c 04 48 8b
0x0000000110a8a101:   35 0a f6 03 00 48 8b 1d 73 70 03 00 ff d3 44 0f
0x0000000110a8a111:   be c8 31 c0 4c 89 f7 48 8b b5 c0 fb ff ff 4c 89
0x0000000110a8a121:   ea 8b 8d cc fb ff ff 45 89 f8 ff 95 b8 fb ff ff
0x0000000110a8a131:   48 8b 35 58 f6 03 00 4c 89 e7 ff d3 48 8b 05 ec
0x0000000110a8a141:   6f 03 00 48 8b 00 48 3b 45 d0 75 12 48 81 c4 28
0x0000000110a8a151:   04 00 00 5b 41 5c 41 5d 41 5e 41 5f 5d c3 e8 be
0x0000000110a8a161:   c3 02 00 66 66 66 2e 0f 1f 84 00 00 00 00 00 55
0x0000000110a8a171:   48 89 e5 41 57 41 56 41 55 41 54 53 48 81 ec 28
0x0000000110a8a181:   04 00 00 49 89 ff 48 8b 05 a2 6f 03 00 48 8b 00
0x0000000110a8a191:   48 89 45 d0 48 8d 05 14 0d 04 00 48 8b 00 41 80
0x0000000110a8a1a1:   3c 07 00 0f 85 36 01 00 00 89 95 cc fb ff ff 4c 



---------------  P R O C E S S  ---------------

VM state: at safepoint (normal execution)

VM Mutex/Monitor currently owned by a thread:  ([mutex/lock_event])
[0x0000000111b09570] Threads_lock - owner thread: 0x00007f8bb6806fc0
[0x0000000111b09670] Heap_lock - owner thread: 0x00007f8bb7811c00

Heap address: 0x0000000780000000, size: 2048 MB, Compressed Oops mode: Zero based, Oop shift amount: 3

CDS archive(s) mapped at: [0x000000012e000000-0x000000012eca8000-0x000000012eca8000), size 13271040, SharedBaseAddress: 0x000000012e000000, ArchiveRelocationMode: 1.
Compressed class space mapped at: 0x000000012f000000-0x000000016f000000, reserved size: 1073741824
Narrow klass base: 0x000000012e000000, Narrow klass shift: 0, Narrow klass range: 0x100000000

GC Precious Log:
<Skipped>

Heap:
 garbage-first heap   total 133120K, used 73887K [0x0000000780000000, 0x0000000800000000)
  region size 1024K, 67 young (68608K), 4 survivors (4096K)
 Metaspace       used 21105K, committed 21504K, reserved 1114112K
  class space    used 3012K, committed 3200K, reserved 1048576K

Heap Regions: E=young(eden), S=young(survivor), O=old, HS=humongous(starts), HC=humongous(continues), CS=collection set, F=free, TAMS=top-at-mark-start, PB=parsable bottom
|   0|0x0000000780000000, 0x0000000780100000, 0x0000000780100000|100%|HS|  |TAMS 0x0000000780000000| PB 0x0000000780000000| Complete 
|   1|0x0000000780100000, 0x0000000780200000, 0x0000000780200000|100%|HS|  |TAMS 0x0000000780100000| PB 0x0000000780100000| Complete 
|   2|0x0000000780200000, 0x0000000780300000, 0x0000000780300000|100%| O|  |TAMS 0x0000000780200000| PB 0x0000000780200000| Untracked 
|   3|0x0000000780300000, 0x0000000780324480, 0x0000000780400000| 14%| O|  |TAMS 0x0000000780300000| PB 0x0000000780300000| Untracked 
|   4|0x0000000780400000, 0x0000000780500000, 0x0000000780500000|100%|HS|  |TAMS 0x0000000780400000| PB 0x0000000780400000| Complete 
|   5|0x0000000780500000, 0x0000000780600000, 0x0000000780600000|100%|HC|  |TAMS 0x0000000780500000| PB 0x0000000780500000| Complete 
|   6|0x0000000780600000, 0x0000000780700000, 0x0000000780700000|100%|HS|  |TAMS 0x0000000780600000| PB 0x0000000780600000| Complete 
|   7|0x0000000780700000, 0x0000000780700000, 0x0000000780800000|  0%| F|  |TAMS 0x0000000780700000| PB 0x0000000780700000| Untracked 
|   8|0x0000000780800000, 0x0000000780800000, 0x0000000780900000|  0%| F|  |TAMS 0x0000000780800000| PB 0x0000000780800000| Untracked 
|   9|0x0000000780900000, 0x0000000780900000, 0x0000000780a00000|  0%| F|  |TAMS 0x0000000780900000| PB 0x0000000780900000| Untracked 
|  10|0x0000000780a00000, 0x0000000780a00000, 0x0000000780b00000|  0%| F|  |TAMS 0x0000000780a00000| PB 0x0000000780a00000| Untracked 
|  11|0x0000000780b00000, 0x0000000780b00000, 0x0000000780c00000|  0%| F|  |TAMS 0x0000000780b00000| PB 0x0000000780b00000| Untracked 
|  12|0x0000000780c00000, 0x0000000780c00000, 0x0000000780d00000|  0%| F|  |TAMS 0x0000000780c00000| PB 0x0000000780c00000| Untracked 
|  13|0x0000000780d00000, 0x0000000780d00000, 0x0000000780e00000|  0%| F|  |TAMS 0x0000000780d00000| PB 0x0000000780d00000| Untracked 
|  14|0x0000000780e00000, 0x0000000780e00000, 0x0000000780f00000|  0%| F|  |TAMS 0x0000000780e00000| PB 0x0000000780e00000| Untracked 
|  15|0x0000000780f00000, 0x0000000780f00000, 0x0000000781000000|  0%| F|  |TAMS 0x0000000780f00000| PB 0x0000000780f00000| Untracked 
|  16|0x0000000781000000, 0x0000000781000000, 0x0000000781100000|  0%| F|  |TAMS 0x0000000781000000| PB 0x0000000781000000| Untracked 
|  17|0x0000000781100000, 0x0000000781100000, 0x0000000781200000|  0%| F|  |TAMS 0x0000000781100000| PB 0x0000000781100000| Untracked 
|  18|0x0000000781200000, 0x0000000781200000, 0x0000000781300000|  0%| F|  |TAMS 0x0000000781200000| PB 0x0000000781200000| Untracked 
|  19|0x0000000781300000, 0x0000000781300000, 0x0000000781400000|  0%| F|  |TAMS 0x0000000781300000| PB 0x0000000781300000| Untracked 
|  20|0x0000000781400000, 0x0000000781400000, 0x0000000781500000|  0%| F|  |TAMS 0x0000000781400000| PB 0x0000000781400000| Untracked 
|  21|0x0000000781500000, 0x0000000781500000, 0x0000000781600000|  0%| F|  |TAMS 0x0000000781500000| PB 0x0000000781500000| Untracked 
|  22|0x0000000781600000, 0x0000000781600000, 0x0000000781700000|  0%| F|  |TAMS 0x0000000781600000| PB 0x0000000781600000| Untracked 
|  23|0x0000000781700000, 0x0000000781700000, 0x0000000781800000|  0%| F|  |TAMS 0x0000000781700000| PB 0x0000000781700000| Untracked 
|  24|0x0000000781800000, 0x0000000781800000, 0x0000000781900000|  0%| F|  |TAMS 0x0000000781800000| PB 0x0000000781800000| Untracked 
|  25|0x0000000781900000, 0x0000000781900000, 0x0000000781a00000|  0%| F|  |TAMS 0x0000000781900000| PB 0x0000000781900000| Untracked 
|  26|0x0000000781a00000, 0x0000000781a00000, 0x0000000781b00000|  0%| F|  |TAMS 0x0000000781a00000| PB 0x0000000781a00000| Untracked 
|  27|0x0000000781b00000, 0x0000000781b00000, 0x0000000781c00000|  0%| F|  |TAMS 0x0000000781b00000| PB 0x0000000781b00000| Untracked 
|  28|0x0000000781c00000, 0x0000000781c00000, 0x0000000781d00000|  0%| F|  |TAMS 0x0000000781c00000| PB 0x0000000781c00000| Untracked 
|  29|0x0000000781d00000, 0x0000000781d00000, 0x0000000781e00000|  0%| F|  |TAMS 0x0000000781d00000| PB 0x0000000781d00000| Untracked 
|  30|0x0000000781e00000, 0x0000000781e00000, 0x0000000781f00000|  0%| F|  |TAMS 0x0000000781e00000| PB 0x0000000781e00000| Untracked 
|  31|0x0000000781f00000, 0x0000000781f00000, 0x0000000782000000|  0%| F|  |TAMS 0x0000000781f00000| PB 0x0000000781f00000| Untracked 
|  32|0x0000000782000000, 0x0000000782000000, 0x0000000782100000|  0%| F|  |TAMS 0x0000000782000000| PB 0x0000000782000000| Untracked 
|  33|0x0000000782100000, 0x0000000782100000, 0x0000000782200000|  0%| F|  |TAMS 0x0000000782100000| PB 0x0000000782100000| Untracked 
|  34|0x0000000782200000, 0x0000000782200000, 0x0000000782300000|  0%| F|  |TAMS 0x0000000782200000| PB 0x0000000782200000| Untracked 
|  35|0x0000000782300000, 0x0000000782300000, 0x0000000782400000|  0%| F|  |TAMS 0x0000000782300000| PB 0x0000000782300000| Untracked 
|  36|0x0000000782400000, 0x0000000782400000, 0x0000000782500000|  0%| F|  |TAMS 0x0000000782400000| PB 0x0000000782400000| Untracked 
|  37|0x0000000782500000, 0x0000000782500000, 0x0000000782600000|  0%| F|  |TAMS 0x0000000782500000| PB 0x0000000782500000| Untracked 
|  38|0x0000000782600000, 0x0000000782600000, 0x0000000782700000|  0%| F|  |TAMS 0x0000000782600000| PB 0x0000000782600000| Untracked 
|  39|0x0000000782700000, 0x0000000782700000, 0x0000000782800000|  0%| F|  |TAMS 0x0000000782700000| PB 0x0000000782700000| Untracked 
|  40|0x0000000782800000, 0x0000000782800000, 0x0000000782900000|  0%| F|  |TAMS 0x0000000782800000| PB 0x0000000782800000| Untracked 
|  41|0x0000000782900000, 0x0000000782900000, 0x0000000782a00000|  0%| F|  |TAMS 0x0000000782900000| PB 0x0000000782900000| Untracked 
|  42|0x0000000782a00000, 0x0000000782a00000, 0x0000000782b00000|  0%| F|  |TAMS 0x0000000782a00000| PB 0x0000000782a00000| Untracked 
|  43|0x0000000782b00000, 0x0000000782b00000, 0x0000000782c00000|  0%| F|  |TAMS 0x0000000782b00000| PB 0x0000000782b00000| Untracked 
|  44|0x0000000782c00000, 0x0000000782c00000, 0x0000000782d00000|  0%| F|  |TAMS 0x0000000782c00000| PB 0x0000000782c00000| Untracked 
|  45|0x0000000782d00000, 0x0000000782d00000, 0x0000000782e00000|  0%| F|  |TAMS 0x0000000782d00000| PB 0x0000000782d00000| Untracked 
|  46|0x0000000782e00000, 0x0000000782e00000, 0x0000000782f00000|  0%| F|  |TAMS 0x0000000782e00000| PB 0x0000000782e00000| Untracked 
|  47|0x0000000782f00000, 0x0000000782f00000, 0x0000000783000000|  0%| F|  |TAMS 0x0000000782f00000| PB 0x0000000782f00000| Untracked 
|  48|0x0000000783000000, 0x0000000783000000, 0x0000000783100000|  0%| F|  |TAMS 0x0000000783000000| PB 0x0000000783000000| Untracked 
|  49|0x0000000783100000, 0x0000000783100000, 0x0000000783200000|  0%| F|  |TAMS 0x0000000783100000| PB 0x0000000783100000| Untracked 
|  50|0x0000000783200000, 0x0000000783200000, 0x0000000783300000|  0%| F|  |TAMS 0x0000000783200000| PB 0x0000000783200000| Untracked 
|  51|0x0000000783300000, 0x0000000783300000, 0x0000000783400000|  0%| F|  |TAMS 0x0000000783300000| PB 0x0000000783300000| Untracked 
|  52|0x0000000783400000, 0x0000000783400000, 0x0000000783500000|  0%| F|  |TAMS 0x0000000783400000| PB 0x0000000783400000| Untracked 
|  53|0x0000000783500000, 0x0000000783500000, 0x0000000783600000|  0%| F|  |TAMS 0x0000000783500000| PB 0x0000000783500000| Untracked 
|  54|0x0000000783600000, 0x0000000783600000, 0x0000000783700000|  0%| F|  |TAMS 0x0000000783600000| PB 0x0000000783600000| Untracked 
|  55|0x0000000783700000, 0x0000000783700000, 0x0000000783800000|  0%| F|  |TAMS 0x0000000783700000| PB 0x0000000783700000| Untracked 
|  56|0x0000000783800000, 0x0000000783800000, 0x0000000783900000|  0%| F|  |TAMS 0x0000000783800000| PB 0x0000000783800000| Untracked 
|  57|0x0000000783900000, 0x0000000783900000, 0x0000000783a00000|  0%| F|  |TAMS 0x0000000783900000| PB 0x0000000783900000| Untracked 
|  58|0x0000000783a00000, 0x0000000783a00000, 0x0000000783b00000|  0%| F|  |TAMS 0x0000000783a00000| PB 0x0000000783a00000| Untracked 
|  59|0x0000000783b00000, 0x0000000783b00000, 0x0000000783c00000|  0%| F|  |TAMS 0x0000000783b00000| PB 0x0000000783b00000| Untracked 
|  60|0x0000000783c00000, 0x0000000783c00000, 0x0000000783d00000|  0%| F|  |TAMS 0x0000000783c00000| PB 0x0000000783c00000| Untracked 
|  61|0x0000000783d00000, 0x0000000783d93f98, 0x0000000783e00000| 57%| E|  |TAMS 0x0000000783d00000| PB 0x0000000783d00000| Complete 
|  62|0x0000000783e00000, 0x0000000783f00000, 0x0000000783f00000|100%| E|CS|TAMS 0x0000000783e00000| PB 0x0000000783e00000| Complete 
|  63|0x0000000783f00000, 0x0000000784000000, 0x0000000784000000|100%| E|CS|TAMS 0x0000000783f00000| PB 0x0000000783f00000| Complete 
|  64|0x0000000784000000, 0x0000000784100000, 0x0000000784100000|100%| E|CS|TAMS 0x0000000784000000| PB 0x0000000784000000| Complete 
|  65|0x0000000784100000, 0x0000000784200000, 0x0000000784200000|100%| E|CS|TAMS 0x0000000784100000| PB 0x0000000784100000| Complete 
|  66|0x0000000784200000, 0x0000000784300000, 0x0000000784300000|100%| E|CS|TAMS 0x0000000784200000| PB 0x0000000784200000| Complete 
|  67|0x0000000784300000, 0x0000000784400000, 0x0000000784400000|100%| E|CS|TAMS 0x0000000784300000| PB 0x0000000784300000| Complete 
|  68|0x0000000784400000, 0x0000000784500000, 0x0000000784500000|100%| E|CS|TAMS 0x0000000784400000| PB 0x0000000784400000| Complete 
|  69|0x0000000784500000, 0x0000000784600000, 0x0000000784600000|100%| E|CS|TAMS 0x0000000784500000| PB 0x0000000784500000| Complete 
|  70|0x0000000784600000, 0x0000000784700000, 0x0000000784700000|100%| E|CS|TAMS 0x0000000784600000| PB 0x0000000784600000| Complete 
|  71|0x0000000784700000, 0x0000000784800000, 0x0000000784800000|100%| E|CS|TAMS 0x0000000784700000| PB 0x0000000784700000| Complete 
|  72|0x0000000784800000, 0x0000000784900000, 0x0000000784900000|100%| E|CS|TAMS 0x0000000784800000| PB 0x0000000784800000| Complete 
|  73|0x0000000784900000, 0x0000000784a00000, 0x0000000784a00000|100%| E|CS|TAMS 0x0000000784900000| PB 0x0000000784900000| Complete 
|  74|0x0000000784a00000, 0x0000000784b00000, 0x0000000784b00000|100%| E|CS|TAMS 0x0000000784a00000| PB 0x0000000784a00000| Complete 
|  75|0x0000000784b00000, 0x0000000784c00000, 0x0000000784c00000|100%| E|CS|TAMS 0x0000000784b00000| PB 0x0000000784b00000| Complete 
|  76|0x0000000784c00000, 0x0000000784d00000, 0x0000000784d00000|100%| E|  |TAMS 0x0000000784c00000| PB 0x0000000784c00000| Complete 
|  77|0x0000000784d00000, 0x0000000784e00000, 0x0000000784e00000|100%| E|CS|TAMS 0x0000000784d00000| PB 0x0000000784d00000| Complete 
|  78|0x0000000784e00000, 0x0000000784f00000, 0x0000000784f00000|100%| E|CS|TAMS 0x0000000784e00000| PB 0x0000000784e00000| Complete 
|  79|0x0000000784f00000, 0x0000000785000000, 0x0000000785000000|100%| E|CS|TAMS 0x0000000784f00000| PB 0x0000000784f00000| Complete 
|  80|0x0000000785000000, 0x0000000785100000, 0x0000000785100000|100%| E|CS|TAMS 0x0000000785000000| PB 0x0000000785000000| Complete 
|  81|0x0000000785100000, 0x0000000785200000, 0x0000000785200000|100%| E|CS|TAMS 0x0000000785100000| PB 0x0000000785100000| Complete 
|  82|0x0000000785200000, 0x0000000785300000, 0x0000000785300000|100%| E|CS|TAMS 0x0000000785200000| PB 0x0000000785200000| Complete 
|  83|0x0000000785300000, 0x0000000785400000, 0x0000000785400000|100%| E|CS|TAMS 0x0000000785300000| PB 0x0000000785300000| Complete 
|  84|0x0000000785400000, 0x0000000785500000, 0x0000000785500000|100%| E|CS|TAMS 0x0000000785400000| PB 0x0000000785400000| Complete 
|  85|0x0000000785500000, 0x0000000785600000, 0x0000000785600000|100%| E|CS|TAMS 0x0000000785500000| PB 0x0000000785500000| Complete 
|  86|0x0000000785600000, 0x0000000785700000, 0x0000000785700000|100%| E|CS|TAMS 0x0000000785600000| PB 0x0000000785600000| Complete 
|  87|0x0000000785700000, 0x0000000785800000, 0x0000000785800000|100%| E|CS|TAMS 0x0000000785700000| PB 0x0000000785700000| Complete 
|  88|0x0000000785800000, 0x0000000785900000, 0x0000000785900000|100%| E|CS|TAMS 0x0000000785800000| PB 0x0000000785800000| Complete 
|  89|0x0000000785900000, 0x0000000785a00000, 0x0000000785a00000|100%| E|CS|TAMS 0x0000000785900000| PB 0x0000000785900000| Complete 
|  90|0x0000000785a00000, 0x0000000785b00000, 0x0000000785b00000|100%| E|CS|TAMS 0x0000000785a00000| PB 0x0000000785a00000| Complete 
|  91|0x0000000785b00000, 0x0000000785c00000, 0x0000000785c00000|100%| E|CS|TAMS 0x0000000785b00000| PB 0x0000000785b00000| Complete 
|  92|0x0000000785c00000, 0x0000000785d00000, 0x0000000785d00000|100%| E|CS|TAMS 0x0000000785c00000| PB 0x0000000785c00000| Complete 
|  93|0x0000000785d00000, 0x0000000785e00000, 0x0000000785e00000|100%| E|CS|TAMS 0x0000000785d00000| PB 0x0000000785d00000| Complete 
|  94|0x0000000785e00000, 0x0000000785f00000, 0x0000000785f00000|100%| E|CS|TAMS 0x0000000785e00000| PB 0x0000000785e00000| Complete 
|  95|0x0000000785f00000, 0x0000000786000000, 0x0000000786000000|100%| E|CS|TAMS 0x0000000785f00000| PB 0x0000000785f00000| Complete 
|  96|0x0000000786000000, 0x0000000786100000, 0x0000000786100000|100%| E|CS|TAMS 0x0000000786000000| PB 0x0000000786000000| Complete 
|  97|0x0000000786100000, 0x0000000786200000, 0x0000000786200000|100%| S|CS|TAMS 0x0000000786100000| PB 0x0000000786100000| Complete 
|  98|0x0000000786200000, 0x0000000786300000, 0x0000000786300000|100%| S|CS|TAMS 0x0000000786200000| PB 0x0000000786200000| Complete 
|  99|0x0000000786300000, 0x0000000786400000, 0x0000000786400000|100%| S|CS|TAMS 0x0000000786300000| PB 0x0000000786300000| Complete 
| 100|0x0000000786400000, 0x0000000786500000, 0x0000000786500000|100%| S|CS|TAMS 0x0000000786400000| PB 0x0000000786400000| Complete 
| 101|0x0000000786500000, 0x0000000786600000, 0x0000000786600000|100%| E|CS|TAMS 0x0000000786500000| PB 0x0000000786500000| Complete 
| 102|0x0000000786600000, 0x0000000786700000, 0x0000000786700000|100%| E|CS|TAMS 0x0000000786600000| PB 0x0000000786600000| Complete 
| 103|0x0000000786700000, 0x0000000786800000, 0x0000000786800000|100%| E|CS|TAMS 0x0000000786700000| PB 0x0000000786700000| Complete 
| 104|0x0000000786800000, 0x0000000786900000, 0x0000000786900000|100%| E|CS|TAMS 0x0000000786800000| PB 0x0000000786800000| Complete 
| 105|0x0000000786900000, 0x0000000786a00000, 0x0000000786a00000|100%| E|CS|TAMS 0x0000000786900000| PB 0x0000000786900000| Complete 
| 106|0x0000000786a00000, 0x0000000786b00000, 0x0000000786b00000|100%| E|CS|TAMS 0x0000000786a00000| PB 0x0000000786a00000| Complete 
| 107|0x0000000786b00000, 0x0000000786c00000, 0x0000000786c00000|100%| E|CS|TAMS 0x0000000786b00000| PB 0x0000000786b00000| Complete 
| 108|0x0000000786c00000, 0x0000000786d00000, 0x0000000786d00000|100%| E|CS|TAMS 0x0000000786c00000| PB 0x0000000786c00000| Complete 
| 109|0x0000000786d00000, 0x0000000786e00000, 0x0000000786e00000|100%| E|CS|TAMS 0x0000000786d00000| PB 0x0000000786d00000| Complete 
| 110|0x0000000786e00000, 0x0000000786f00000, 0x0000000786f00000|100%| E|CS|TAMS 0x0000000786e00000| PB 0x0000000786e00000| Complete 
| 111|0x0000000786f00000, 0x0000000787000000, 0x0000000787000000|100%| E|CS|TAMS 0x0000000786f00000| PB 0x0000000786f00000| Complete 
| 112|0x0000000787000000, 0x0000000787100000, 0x0000000787100000|100%| E|CS|TAMS 0x0000000787000000| PB 0x0000000787000000| Complete 
| 113|0x0000000787100000, 0x0000000787200000, 0x0000000787200000|100%| E|CS|TAMS 0x0000000787100000| PB 0x0000000787100000| Complete 
| 114|0x0000000787200000, 0x0000000787300000, 0x0000000787300000|100%| E|CS|TAMS 0x0000000787200000| PB 0x0000000787200000| Complete 
| 115|0x0000000787300000, 0x0000000787400000, 0x0000000787400000|100%| E|CS|TAMS 0x0000000787300000| PB 0x0000000787300000| Complete 
| 116|0x0000000787400000, 0x0000000787500000, 0x0000000787500000|100%| E|CS|TAMS 0x0000000787400000| PB 0x0000000787400000| Complete 
| 117|0x0000000787500000, 0x0000000787600000, 0x0000000787600000|100%| E|CS|TAMS 0x0000000787500000| PB 0x0000000787500000| Complete 
| 118|0x0000000787600000, 0x0000000787700000, 0x0000000787700000|100%| E|CS|TAMS 0x0000000787600000| PB 0x0000000787600000| Complete 
| 119|0x0000000787700000, 0x0000000787800000, 0x0000000787800000|100%| E|CS|TAMS 0x0000000787700000| PB 0x0000000787700000| Complete 
| 120|0x0000000787800000, 0x0000000787900000, 0x0000000787900000|100%| E|CS|TAMS 0x0000000787800000| PB 0x0000000787800000| Complete 
| 121|0x0000000787900000, 0x0000000787a00000, 0x0000000787a00000|100%| E|CS|TAMS 0x0000000787900000| PB 0x0000000787900000| Complete 
| 122|0x0000000787a00000, 0x0000000787b00000, 0x0000000787b00000|100%| E|CS|TAMS 0x0000000787a00000| PB 0x0000000787a00000| Complete 
| 123|0x0000000787b00000, 0x0000000787c00000, 0x0000000787c00000|100%| E|CS|TAMS 0x0000000787b00000| PB 0x0000000787b00000| Complete 
| 124|0x0000000787c00000, 0x0000000787d00000, 0x0000000787d00000|100%| E|CS|TAMS 0x0000000787c00000| PB 0x0000000787c00000| Complete 
| 125|0x0000000787d00000, 0x0000000787e00000, 0x0000000787e00000|100%| E|CS|TAMS 0x0000000787d00000| PB 0x0000000787d00000| Complete 
| 126|0x0000000787e00000, 0x0000000787f00000, 0x0000000787f00000|100%| E|CS|TAMS 0x0000000787e00000| PB 0x0000000787e00000| Complete 
| 127|0x0000000787f00000, 0x0000000788000000, 0x0000000788000000|100%| E|CS|TAMS 0x0000000787f00000| PB 0x0000000787f00000| Complete 
|2046|0x00000007ffe00000, 0x00000007fff00000, 0x00000007fff00000|100%| O|  |TAMS 0x00000007ffe00000| PB 0x00000007ffe00000| Untracked 
|2047|0x00000007fff00000, 0x00000007fff03890, 0x0000000800000000|  1%| O|  |TAMS 0x00000007fff00000| PB 0x00000007fff00000| Untracked 

Card table byte_map: [0x00000001100fc000,0x00000001104fc000] _byte_map_base: 0x000000010c4fc000

Marking Bits: (CMBitMap*) 0x00007f8bb8008210
 Bits: [0x0000000111f28000, 0x0000000113f28000)

Polling page: 0x000000010fa4f000

Metaspace:

Usage:
  Non-class:     17.67 MB used.
      Class:      2.94 MB used.
       Both:     20.61 MB used.

Virtual space:
  Non-class space:       64.00 MB reserved,      17.88 MB ( 28%) committed,  1 nodes.
      Class space:        1.00 GB reserved,       3.12 MB ( <1%) committed,  1 nodes.
             Both:        1.06 GB reserved,      21.00 MB (  2%) committed. 

Chunk freelists:
   Non-Class:  13.33 MB
       Class:  12.72 MB
        Both:  26.05 MB

MaxMetaspaceSize: unlimited
CompressedClassSpaceSize: 1.00 GB
Initial GC threshold: 21.00 MB
Current GC threshold: 21.00 MB
CDS: on
 - commit_granule_bytes: 65536.
 - commit_granule_words: 8192.
 - virtual_space_node_default_size: 8388608.
 - enlarge_chunks_in_place: 1.
 - use_allocation_guard: 0.


Internal statistics:

num_allocs_failed_limit: 0.
num_arena_births: 436.
num_arena_deaths: 0.
num_vsnodes_births: 2.
num_vsnodes_deaths: 0.
num_space_committed: 336.
num_space_uncommitted: 0.
num_chunks_returned_to_freelist: 0.
num_chunks_taken_from_freelist: 1122.
num_chunk_merges: 0.
num_chunk_splits: 767.
num_chunks_enlarged: 568.
num_inconsistent_stats: 0.

CodeHeap 'non-profiled nmethods': size=120032Kb used=1707Kb max_used=1707Kb free=118324Kb
 bounds [0x000000012439d000, 0x000000012460d000, 0x000000012b8d5000]
CodeHeap 'profiled nmethods': size=120028Kb used=8419Kb max_used=8419Kb free=111608Kb
 bounds [0x000000011c8d5000, 0x000000011d115000, 0x0000000123e0c000]
CodeHeap 'non-nmethods': size=5700Kb used=1833Kb max_used=1855Kb free=3867Kb
 bounds [0x0000000123e0c000, 0x000000012407c000, 0x000000012439d000]
 total_blobs=5009 nmethods=4142 adapters=770
 compilation: enabled
              stopped_count=0, restarted_count=0
 full_count=0

Compilation events (20 events):
Event: 64.246 Thread 0x00007f8bb701d400 4135       3       java.nio.ByteBuffer::allocateDirect (9 bytes)
Event: 64.246 Thread 0x00007f8bb701d400 nmethod 4135 0x000000011d109890 code [0x000000011d109a40, 0x000000011d109bd8]
Event: 64.246 Thread 0x00007f8bb701d400 4136   !   3       java.nio.DirectByteBuffer::<init> (171 bytes)
Event: 64.248 Thread 0x00007f8bb701d400 nmethod 4136 0x000000011d109c90 code [0x000000011d109fa0, 0x000000011d10afd8]
Event: 64.248 Thread 0x00007f8bb701d400 4137       3       java.lang.StrictMath::floorOrCeil (128 bytes)
Event: 64.249 Thread 0x00007f8bb701d400 nmethod 4137 0x000000011d10b690 code [0x000000011d10b860, 0x000000011d10bce0]
Event: 64.249 Thread 0x00007f8bb701d400 4138       3       java.nio.DirectFloatBufferU::<init> (51 bytes)
Event: 64.249 Thread 0x00007f8bb701d400 nmethod 4138 0x000000011d10bd90 code [0x000000011d10bf60, 0x000000011d10c348]
Event: 64.249 Thread 0x00007f8bb701d400 4139       3       java.nio.FloatBuffer::<init> (14 bytes)
Event: 64.249 Thread 0x00007f8bb701d400 nmethod 4139 0x000000011d10c490 code [0x000000011d10c640, 0x000000011d10c790]
Event: 64.287 Thread 0x00007f8bb701d400 4140       3       java.lang.invoke.MethodHandle::isSafeToCache (14 bytes)
Event: 64.288 Thread 0x00007f8bb701d400 nmethod 4140 0x000000011d10c890 code [0x000000011d10ca40, 0x000000011d10cbb8]
Event: 64.291 Thread 0x00007f8bb6024e00 4141       4       java.util.HashMap::containsKey (14 bytes)
Event: 64.297 Thread 0x00007f8bb6024e00 nmethod 4141 0x0000000124547410 code [0x00000001245475e0, 0x0000000124547998]
Event: 64.311 Thread 0x00007f8bb701d400 4142       3       java.util.HashMap::keysToArray (81 bytes)
Event: 64.312 Thread 0x00007f8bb701d400 nmethod 4142 0x000000011d10cc90 code [0x000000011d10ce60, 0x000000011d10d318]
Event: 64.319 Thread 0x00007f8bb701d400 4143       3       java.lang.invoke.MethodHandle::setAsTypeCache (33 bytes)
Event: 64.320 Thread 0x00007f8bb701d400 nmethod 4143 0x000000011d10d510 code [0x000000011d10d700, 0x000000011d10dd10]
Event: 64.321 Thread 0x00007f8bb701d400 4144       1       java.util.logging.LogManager$LoggerContext::getOwner (5 bytes)
Event: 64.321 Thread 0x00007f8bb701d400 nmethod 4144 0x0000000124547c90 code [0x0000000124547e20, 0x0000000124547ee8]

GC Heap History (4 events):
Event: 0.697 GC heap before
{Heap before GC invocations=0 (full 0):
 garbage-first heap   total 133120K, used 14350K [0x0000000780000000, 0x0000000800000000)
  region size 1024K, 13 young (13312K), 0 survivors (0K)
 Metaspace       used 2944K, committed 3200K, reserved 1114112K
  class space    used 324K, committed 448K, reserved 1048576K
}
Event: 0.700 GC heap after
{Heap after GC invocations=1 (full 0):
 garbage-first heap   total 133120K, used 2758K [0x0000000780000000, 0x0000000800000000)
  region size 1024K, 2 young (2048K), 2 survivors (2048K)
 Metaspace       used 2944K, committed 3200K, reserved 1114112K
  class space    used 324K, committed 448K, reserved 1048576K
}
Event: 1.602 GC heap before
{Heap before GC invocations=1 (full 0):
 garbage-first heap   total 133120K, used 29382K [0x0000000780000000, 0x0000000800000000)
  region size 1024K, 27 young (27648K), 2 survivors (2048K)
 Metaspace       used 10247K, committed 10560K, reserved 1114112K
  class space    used 1357K, committed 1536K, reserved 1048576K
}
Event: 1.617 GC heap after
{Heap after GC invocations=2 (full 0):
 garbage-first heap   total 133120K, used 8351K [0x0000000780000000, 0x0000000800000000)
  region size 1024K, 4 young (4096K), 4 survivors (4096K)
 Metaspace       used 10247K, committed 10560K, reserved 1114112K
  class space    used 1357K, committed 1536K, reserved 1048576K
}

Dll operation events (12 events):
Event: 0.010 Loaded shared library /Library/Java/JavaVirtualMachines/jdk-21.jdk/Contents/Home/lib/libjava.dylib
Event: 0.132 Loaded shared library /Library/Java/JavaVirtualMachines/jdk-21.jdk/Contents/Home/lib/libnio.dylib
Event: 0.164 Loaded shared library /Library/Java/JavaVirtualMachines/jdk-21.jdk/Contents/Home/lib/libnet.dylib
Event: 0.206 Loaded shared library /Library/Java/JavaVirtualMachines/jdk-21.jdk/Contents/Home/lib/libzip.dylib
Event: 0.485 Loading shared library /Users/mac/.m2/repository/org/openjfx/javafx-graphics/13/libprism_es2.dylib failed, dlopen(/Users/mac/.m2/repository/org/openjfx/javafx-graphics/13/libprism_es2.dylib, 0x0001): tried: '/Users/mac/.m2/repository/org/openjfx/javafx-gr
Event: 0.554 Loaded shared library /Users/mac/.openjfx/cache/13/libprism_es2.dylib
Event: 0.682 Loading shared library /Users/mac/.m2/repository/org/openjfx/javafx-graphics/13/libglass.dylib failed, dlopen(/Users/mac/.m2/repository/org/openjfx/javafx-graphics/13/libglass.dylib, 0x0001): tried: '/Users/mac/.m2/repository/org/openjfx/javafx-graphics/1
Event: 0.691 Loaded shared library /Users/mac/.openjfx/cache/13/libglass.dylib
Event: 0.996 Loaded shared library /Library/Java/JavaVirtualMachines/jdk-21.jdk/Contents/Home/lib/libjimage.dylib
Event: 1.566 Loading shared library /Users/mac/.m2/repository/org/openjfx/javafx-graphics/13/libjavafx_font.dylib failed, dlopen(/Users/mac/.m2/repository/org/openjfx/javafx-graphics/13/libjavafx_font.dylib, 0x0001): tried: '/Users/mac/.m2/repository/org/openjfx/javaf
Event: 1.568 Loaded shared library /Users/mac/.openjfx/cache/13/libjavafx_font.dylib
Event: 16.254 Loaded shared library /private/var/folders/zl/nrqd4rt96d77gmwxhn69bq4r0000gn/T/sqlite-3.42.0.0-f912a35a-4159-481a-9b74-ec18266cc76f-libsqlitejdbc.jnilib

Deoptimization events (20 events):
Event: 32.284 Thread 0x00007f8bb7955200 Uncommon trap: trap_request=0xffffffd6 fr.pc=0x00000001244f1d70 relative=0x0000000000001cf0
Event: 32.284 Thread 0x00007f8bb7955200 Uncommon trap: reason=array_check action=maybe_recompile pc=0x00000001244f1d70 method=javafx.css.SimpleSelector.applies(Ljavafx/css/Styleable;[Ljava/util/Set;I)Z @ 37 c2
Event: 32.284 Thread 0x00007f8bb7955200 DEOPT PACKING pc=0x00000001244f1d70 sp=0x00007ff7b05d1320
Event: 32.284 Thread 0x00007f8bb7955200 DEOPT UNPACKING pc=0x0000000123e5ff99 sp=0x00007ff7b05d12a0 mode 2
Event: 32.284 Thread 0x00007f8bb7955200 Uncommon trap: trap_request=0xffffffd6 fr.pc=0x00000001244f1d70 relative=0x0000000000001cf0
Event: 32.284 Thread 0x00007f8bb7955200 Uncommon trap: reason=array_check action=maybe_recompile pc=0x00000001244f1d70 method=javafx.css.SimpleSelector.applies(Ljavafx/css/Styleable;[Ljava/util/Set;I)Z @ 37 c2
Event: 32.284 Thread 0x00007f8bb7955200 DEOPT PACKING pc=0x00000001244f1d70 sp=0x00007ff7b05d1260
Event: 32.284 Thread 0x00007f8bb7955200 DEOPT UNPACKING pc=0x0000000123e5ff99 sp=0x00007ff7b05d1208 mode 2
Event: 36.749 Thread 0x00007f8bb7955200 Uncommon trap: trap_request=0xffffff45 fr.pc=0x00000001244a8204 relative=0x00000000000000c4
Event: 36.749 Thread 0x00007f8bb7955200 Uncommon trap: reason=unstable_if action=reinterpret pc=0x00000001244a8204 method=java.lang.StrictMath.floorOrCeil(DDDD)D @ 38 c2
Event: 36.749 Thread 0x00007f8bb7955200 DEOPT PACKING pc=0x00000001244a8204 sp=0x00007ff7b05d1e10
Event: 36.749 Thread 0x00007f8bb7955200 DEOPT UNPACKING pc=0x0000000123e5ff99 sp=0x00007ff7b05d1d50 mode 2
Event: 36.752 Thread 0x00007f8bb7955200 Uncommon trap: trap_request=0xffffff45 fr.pc=0x00000001245222a4 relative=0x0000000000000084
Event: 36.752 Thread 0x00007f8bb7955200 Uncommon trap: reason=unstable_if action=reinterpret pc=0x00000001245222a4 method=com.sun.javafx.tk.quantum.QuantumToolkit.runWithoutRenderLock(Ljava/util/function/Supplier;)Ljava/lang/Object; @ 8 c2
Event: 36.752 Thread 0x00007f8bb7955200 DEOPT PACKING pc=0x00000001245222a4 sp=0x00007ff7b05d07b0
Event: 36.752 Thread 0x00007f8bb7955200 DEOPT UNPACKING pc=0x0000000123e5ff99 sp=0x00007ff7b05d0758 mode 2
Event: 64.241 Thread 0x00007f8bb7955200 Uncommon trap: trap_request=0xffffffc6 fr.pc=0x00000001245458f4 relative=0x0000000000000534
Event: 64.241 Thread 0x00007f8bb7955200 Uncommon trap: reason=bimorphic_or_optimized_type_check action=maybe_recompile pc=0x00000001245458f4 method=java.util.stream.ReduceOps$3ReducingSink.accept(Ljava/lang/Object;)V @ 9 c2
Event: 64.241 Thread 0x00007f8bb7955200 DEOPT PACKING pc=0x00000001245458f4 sp=0x00007ff7b05ce2d0
Event: 64.241 Thread 0x00007f8bb7955200 DEOPT UNPACKING pc=0x0000000123e5ff99 sp=0x00007ff7b05ce280 mode 2

Classes loaded (20 events):
Event: 16.294 Loading class java/util/Base64
Event: 16.294 Loading class java/util/Base64 done
Event: 16.294 Loading class java/util/Base64$Encoder
Event: 16.294 Loading class java/util/Base64$Encoder done
Event: 16.388 Loading class java/text/MessageFormat
Event: 16.389 Loading class java/text/MessageFormat done
Event: 16.390 Loading class java/text/MessageFormat$Field
Event: 16.390 Loading class java/text/MessageFormat$Field done
Event: 16.390 Loading class java/text/ChoiceFormat
Event: 16.390 Loading class java/text/ChoiceFormat done
Event: 16.390 Loading class java/text/FieldPosition$Delegate
Event: 16.390 Loading class java/text/FieldPosition$Delegate done
Event: 20.563 Loading class java/util/BitSet
Event: 20.563 Loading class java/util/BitSet done
Event: 32.334 Loading class java/lang/FdLibm$Acos
Event: 32.334 Loading class java/lang/FdLibm$Acos done
Event: 64.321 Loading class java/lang/Throwable$WrappedPrintStream
Event: 64.321 Loading class java/lang/Throwable$PrintStreamOrWriter
Event: 64.321 Loading class java/lang/Throwable$PrintStreamOrWriter done
Event: 64.321 Loading class java/lang/Throwable$WrappedPrintStream done

Classes unloaded (0 events):
No events

Classes redefined (0 events):
No events

Internal exceptions (20 events):
Event: 2.635 Thread 0x00007f8bb7955200 Exception <a 'java/lang/NoSuchMethodError'{0x00000007865b9530}: 'long java.lang.invoke.DirectMethodHandle$Holder.invokeStaticInit(java.lang.Object, java.lang.Object, java.lang.Object)'> (0x00000007865b9530) 
thrown [open/src/hotspot/share/interpreter/linkResolver.cpp, line 773]
Event: 2.637 Thread 0x00007f8bb7955200 Exception <a 'java/lang/NoSuchMethodError'{0x00000007865cdb28}: 'java.lang.Object java.lang.invoke.DirectMethodHandle$Holder.newInvokeSpecial(java.lang.Object, java.lang.Object, long)'> (0x00000007865cdb28) 
thrown [open/src/hotspot/share/interpreter/linkResolver.cpp, line 773]
Event: 2.637 Thread 0x00007f8bb80bce00 Exception <a 'java/lang/NoSuchMethodError'{0x0000000786061558}: 'int java.lang.invoke.DirectMethodHandle$Holder.invokeStaticInit(java.lang.Object, java.lang.Object)'> (0x0000000786061558) 
thrown [open/src/hotspot/share/interpreter/linkResolver.cpp, line 773]
Event: 2.638 Thread 0x00007f8bb7955200 Exception <a 'java/lang/NoSuchMethodError'{0x00000007865d1170}: 'java.lang.Object java.lang.invoke.Invokers$Holder.linkToTargetMethod(java.lang.Object, long, java.lang.Object)'> (0x00000007865d1170) 
thrown [open/src/hotspot/share/interpreter/linkResolver.cpp, line 773]
Event: 5.635 Thread 0x00007f8bb7955200 Exception <a 'java/lang/NoSuchMethodError'{0x0000000785bd1d00}: 'java.lang.Object java.lang.invoke.DirectMethodHandle$Holder.newInvokeSpecial(java.lang.Object, java.lang.Object, long, int, int, int)'> (0x0000000785bd1d00) 
thrown [open/src/hotspot/share/interpreter/linkResolver.cpp, line 773]
Event: 5.639 Thread 0x00007f8bb7955200 Exception <a 'java/lang/NoSuchMethodError'{0x0000000785a099c8}: 'java.lang.Object java.lang.invoke.DirectMethodHandle$Holder.newInvokeSpecial(java.lang.Object, java.lang.Object, int, java.lang.Object, long, int, int, int, int)'> (0x0000000785a099c8) 
thrown [open/src/hotspot/share/interpreter/linkResolver.cpp, line 773]
Event: 9.750 Thread 0x00007f8bb7955200 Exception <a 'java/lang/NoSuchMethodError'{0x0000000785949718}: 'java.lang.Object java.lang.invoke.DirectMethodHandle$Holder.newInvokeSpecial(java.lang.Object, java.lang.Object, int, int, int, int, int, java.lang.Object)'> (0x0000000785949718) 
thrown [open/src/hotspot/share/interpreter/linkResolver.cpp, line 773]
Event: 9.753 Thread 0x00007f8bb7955200 Exception <a 'java/lang/NoSuchMethodError'{0x000000078595b328}: 'java.lang.Object java.lang.invoke.DirectMethodHandle$Holder.newInvokeSpecial(java.lang.Object, java.lang.Object, java.lang.Object, int, int, int, int, int)'> (0x000000078595b328) 
thrown [open/src/hotspot/share/interpreter/linkResolver.cpp, line 773]
Event: 9.754 Thread 0x00007f8bb7955200 Exception <a 'java/lang/NoSuchMethodError'{0x0000000785962668}: 'java.lang.Object java.lang.invoke.Invokers$Holder.linkToTargetMethod(java.lang.Object, java.lang.Object, int, int, int, int, int, java.lang.Object)'> (0x0000000785962668) 
thrown [open/src/hotspot/share/interpreter/linkResolver.cpp, line 773]
Event: 15.595 Thread 0x00007f8bb7955200 Exception <a 'sun/nio/fs/UnixException'{0x00000007855b13b0}> (0x00000007855b13b0) 
thrown [open/src/hotspot/share/prims/jni.cpp, line 520]
Event: 15.596 Thread 0x00007f8bb7955200 Exception <a 'sun/nio/fs/UnixException'{0x00000007855b23c8}> (0x00000007855b23c8) 
thrown [open/src/hotspot/share/prims/jni.cpp, line 520]
Event: 16.289 Thread 0x00007f8bb7955200 Exception <a 'java/lang/NoSuchMethodError'{0x00000007854538a8}: 'java.lang.Object java.lang.invoke.DirectMethodHandle$Holder.invokeSpecial(java.lang.Object, java.lang.Object, int, java.lang.Object, long)'> (0x00000007854538a8) 
thrown [open/src/hotspot/share/interpreter/linkResolver.cpp, line 773]
Event: 16.315 Thread 0x00007f8bb7955200 Exception <a 'java/lang/NoSuchMethodError'{0x00000007854ce190}: 'java.lang.Object java.lang.invoke.DelegatingMethodHandle$Holder.reinvoke_L(java.lang.Object, double, double, double, double)'> (0x00000007854ce190) 
thrown [open/src/hotspot/share/interpreter/linkResolver.cpp, line 773]
Event: 16.317 Thread 0x00007f8bb7955200 Exception <a 'java/lang/NoSuchMethodError'{0x00000007854d8a50}: 'java.lang.Object java.lang.invoke.DirectMethodHandle$Holder.invokeStatic(java.lang.Object, java.lang.Object, int)'> (0x00000007854d8a50) 
thrown [open/src/hotspot/share/interpreter/linkResolver.cpp, line 773]
Event: 16.318 Thread 0x00007f8bb7955200 Exception <a 'java/lang/NoSuchMethodError'{0x00000007854e3600}: 'void java.lang.invoke.DelegatingMethodHandle$Holder.delegate(java.lang.Object, java.lang.Object, int, java.lang.Object)'> (0x00000007854e3600) 
thrown [open/src/hotspot/share/interpreter/linkResolver.cpp, line 773]
Event: 16.356 Thread 0x00007f8bb7955200 Exception <a 'java/io/FileNotFoundException'{0x00000007853c7f58}> (0x00000007853c7f58) 
thrown [open/src/hotspot/share/prims/jni.cpp, line 520]
Event: 16.506 Thread 0x00007f8bb80bce00 Exception <a 'java/lang/NoSuchMethodError'{0x0000000785893d60}: 'java.lang.Object java.lang.invoke.DirectMethodHandle$Holder.invokeStaticInit(java.lang.Object, int)'> (0x0000000785893d60) 
thrown [open/src/hotspot/share/interpreter/linkResolver.cpp, line 773]
Event: 20.517 Thread 0x00007f8bb7955200 Exception <a 'java/io/FileNotFoundException'{0x0000000784cd0578}> (0x0000000784cd0578) 
thrown [open/src/hotspot/share/prims/jni.cpp, line 520]
Event: 34.281 Thread 0x00007f8bb7955200 Exception <a 'java/lang/NoSuchMethodError'{0x00000007843c2b00}: 'java.lang.Object java.lang.invoke.DirectMethodHandle$Holder.newInvokeSpecial(java.lang.Object, java.lang.Object, int, java.lang.Object, double, double, double, double, double, double, int, int, int, int, int, int, int, int)'> (0x00000007843c2b00) 
thrown [open/src/hotspot/share/interpreter/linkResolver.cpp, line 773]
Event: 64.321 Thread 0x00007f8bb7955200 Exception <a 'java/io/FileNotFoundException'{0x0000000783d4abd8}> (0x0000000783d4abd8) 
thrown [open/src/hotspot/share/prims/jni.cpp, line 520]

ZGC Phase Switch (0 events):
No events

VM Operations (20 events):
Event: 33.509 Executing VM operation: Cleanup
Event: 33.509 Executing VM operation: Cleanup done
Event: 34.513 Executing VM operation: Cleanup
Event: 34.513 Executing VM operation: Cleanup done
Event: 35.513 Executing VM operation: Cleanup
Event: 35.513 Executing VM operation: Cleanup done
Event: 36.518 Executing VM operation: Cleanup
Event: 36.518 Executing VM operation: Cleanup done
Event: 37.522 Executing VM operation: Cleanup
Event: 37.522 Executing VM operation: Cleanup done
Event: 38.527 Executing VM operation: Cleanup
Event: 38.527 Executing VM operation: Cleanup done
Event: 40.531 Executing VM operation: Cleanup
Event: 40.531 Executing VM operation: Cleanup done
Event: 42.537 Executing VM operation: Cleanup
Event: 42.537 Executing VM operation: Cleanup done
Event: 60.084 Executing VM operation: HandshakeAllThreads (HandshakeForDeflation)
Event: 60.084 Executing VM operation: HandshakeAllThreads (HandshakeForDeflation) done
Event: 60.084 Executing VM operation: RendezvousGCThreads
Event: 60.084 Executing VM operation: RendezvousGCThreads done

Events (20 events):
Event: 64.320 Protecting memory [0x000070000753f000,0x0000700007543000] with protection modes 3
Event: 64.320 Thread 0x00007f8bb80bce00 Thread exited: 0x00007f8bb80bce00
Event: 64.320 Protecting memory [0x00007ff7afdd8000,0x00007ff7afddc000] with protection modes 3
Event: 64.320 Thread 0x00007f8bb7955200 Thread exited: 0x00007f8bb7955200
Event: 64.320 Protecting memory [0x0000700007c5a000,0x0000700007c5e000] with protection modes 3
Event: 64.320 Thread 0x00007f8bb81e6600 Thread exited: 0x00007f8bb81e6600
Event: 64.321 Protecting memory [0x0000700006306000,0x000070000630a000] with protection modes 3
Event: 64.321 Thread 0x00007f8bb7811c00 Thread exited: 0x00007f8bb7811c00
Event: 64.321 Protecting memory [0x0000700006306000,0x000070000630a000] with protection modes 0
Event: 64.321 Thread 0x00007f8bb7811c00 Thread added: 0x00007f8bb7811c00
Event: 64.321 Thread 0x00007f8bb7842800 Thread added: 0x00007f8bb7842800
Event: 64.321 Protecting memory [0x000070000753f000,0x0000700007543000] with protection modes 0
Event: 64.321 Thread 0x00007f8bb7955200 Thread added: 0x00007f8bb7955200
Event: 64.321 Protecting memory [0x0000700007c5a000,0x0000700007c5e000] with protection modes 0
Event: 64.321 Protecting memory [0x000070000753f000,0x0000700007543000] with protection modes 3
Event: 64.321 Thread 0x00007f8bb7842800 Thread exited: 0x00007f8bb7842800
Event: 64.322 Protecting memory [0x0000700007c5a000,0x0000700007c5e000] with protection modes 3
Event: 64.322 Thread 0x00007f8bb7955200 Thread exited: 0x00007f8bb7955200
Event: 64.323 Protecting memory [0x0000700006306000,0x000070000630a000] with protection modes 3
Event: 64.323 Thread 0x00007f8bb7811c00 Thread exited: 0x00007f8bb7811c00


Dynamic libraries:
0x000000010fa51000 	/Library/Java/JavaVirtualMachines/jdk-21.jdk/Contents/Home/lib/libjli.dylib
0x00007ff822297000 	/usr/lib/libz.1.dylib
0x00007ff822377000 	/usr/lib/libSystem.B.dylib
0x00007ff822372000 	/usr/lib/system/libcache.dylib
0x00007ff82232e000 	/usr/lib/system/libcommonCrypto.dylib
0x00007ff822357000 	/usr/lib/system/libcompiler_rt.dylib
0x00007ff82234d000 	/usr/lib/system/libcopyfile.dylib
0x00007ff817306000 	/usr/lib/system/libcorecrypto.dylib
0x00007ff8173c4000 	/usr/lib/system/libdispatch.dylib
0x00007ff817585000 	/usr/lib/system/libdyld.dylib
0x00007ff822369000 	/usr/lib/system/libkeymgr.dylib
0x00007ff82230c000 	/usr/lib/system/libmacho.dylib
0x00007ff82198d000 	/usr/lib/system/libquarantine.dylib
0x00007ff822367000 	/usr/lib/system/libremovefile.dylib
0x00007ff81c519000 	/usr/lib/system/libsystem_asl.dylib
0x00007ff8172af000 	/usr/lib/system/libsystem_blocks.dylib
0x00007ff817449000 	/usr/lib/system/libsystem_c.dylib
0x00007ff82235f000 	/usr/lib/system/libsystem_collections.dylib
0x00007ff820c41000 	/usr/lib/system/libsystem_configuration.dylib
0x00007ff81feeb000 	/usr/lib/system/libsystem_containermanager.dylib
0x00007ff822044000 	/usr/lib/system/libsystem_coreservices.dylib
0x00007ff819bbc000 	/usr/lib/system/libsystem_darwin.dylib
0x00007ff82236a000 	/usr/lib/system/libsystem_dnssd.dylib
0x00007ff817446000 	/usr/lib/system/libsystem_featureflags.dylib
0x00007ff81759b000 	/usr/lib/system/libsystem_info.dylib
0x00007ff8222aa000 	/usr/lib/system/libsystem_m.dylib
0x00007ff817398000 	/usr/lib/system/libsystem_malloc.dylib
0x00007ff81c4b4000 	/usr/lib/system/libsystem_networkextension.dylib
0x00007ff819fe2000 	/usr/lib/system/libsystem_notify.dylib
0x00007ff8285ea000 	/usr/lib/system/libsystem_product_info_filter.dylib
0x00007ff820c45000 	/usr/lib/system/libsystem_sandbox.dylib
0x00007ff822364000 	/usr/lib/system/libsystem_secinit.dylib
0x00007ff817541000 	/usr/lib/system/libsystem_kernel.dylib
0x00007ff817591000 	/usr/lib/system/libsystem_platform.dylib
0x00007ff817579000 	/usr/lib/system/libsystem_pthread.dylib
0x00007ff81dd67000 	/usr/lib/system/libsystem_symptoms.dylib
0x00007ff8172ed000 	/usr/lib/system/libsystem_trace.dylib
0x00007ff82233a000 	/usr/lib/system/libunwind.dylib
0x00007ff8172b1000 	/usr/lib/system/libxpc.dylib
0x00007ff81752b000 	/usr/lib/libc++abi.dylib
0x00007ff81740b000 	/usr/lib/libobjc.A.dylib
0x00007ff822345000 	/usr/lib/liboah.dylib
0x00007ff8174d2000 	/usr/lib/libc++.1.dylib
0x00007ff82e3f7000 	/System/Library/Frameworks/Cocoa.framework/Versions/A/Cocoa
0x00007ff81a040000 	/System/Library/Frameworks/AppKit.framework/Versions/C/AppKit
0x00007ff81d555000 	/System/Library/Frameworks/CoreData.framework/Versions/A/CoreData
0x00007ff818443000 	/System/Library/Frameworks/Foundation.framework/Versions/C/Foundation
0x00007ff81aed0000 	/System/Library/PrivateFrameworks/UIFoundation.framework/Versions/A/UIFoundation
0x00007ff8282ed000 	/System/Library/PrivateFrameworks/RemoteViewServices.framework/Versions/A/RemoteViewServices
0x00007ff8205cb000 	/System/Library/PrivateFrameworks/XCTTargetBootstrap.framework/Versions/A/XCTTargetBootstrap
0x00007ff824183000 	/System/Library/PrivateFrameworks/InternationalSupport.framework/Versions/A/InternationalSupport
0x00007ff82420d000 	/System/Library/PrivateFrameworks/UserActivity.framework/Versions/A/UserActivity
0x00007ff82355f000 	/usr/lib/libspindump.dylib
0x00007ff81b15f000 	/System/Library/Frameworks/UniformTypeIdentifiers.framework/Versions/A/UniformTypeIdentifiers
0x00007ff81ecf0000 	/usr/lib/libapp_launch_measurement.dylib
0x00007ff81df27000 	/System/Library/PrivateFrameworks/CoreAnalytics.framework/Versions/A/CoreAnalytics
0x00007ff81ecf3000 	/System/Library/PrivateFrameworks/CoreAutoLayout.framework/Versions/A/CoreAutoLayout
0x00007ff81ff23000 	/System/Library/Frameworks/Metal.framework/Versions/A/Metal
0x00007ff820c51000 	/usr/lib/liblangid.dylib
0x00007ff8205d0000 	/System/Library/PrivateFrameworks/CoreSVG.framework/Versions/A/CoreSVG
0x00007ff81c549000 	/System/Library/PrivateFrameworks/SkyLight.framework/Versions/A/SkyLight
0x00007ff81c8e8000 	/System/Library/Frameworks/CoreGraphics.framework/Versions/A/CoreGraphics
0x00007ff8289ad000 	/System/Library/Frameworks/Accelerate.framework/Versions/A/Accelerate
0x00007ff822fde000 	/System/Library/PrivateFrameworks/IconServices.framework/Versions/A/IconServices
0x00007ff81ff08000 	/System/Library/Frameworks/IOSurface.framework/Versions/A/IOSurface
0x00007ff81df55000 	/usr/lib/libDiagnosticMessagesClient.dylib
0x00007ff82c09b000 	/System/Library/Frameworks/ApplicationServices.framework/Versions/A/ApplicationServices
0x00007ff8205b7000 	/System/Library/PrivateFrameworks/DFRFoundation.framework/Versions/A/DFRFoundation
0x00007ff819928000 	/usr/lib/libicucore.A.dylib
0x00007ff824f79000 	/System/Library/Frameworks/AudioToolbox.framework/Versions/A/AudioToolbox
0x00007ff82418f000 	/System/Library/PrivateFrameworks/DataDetectorsCore.framework/Versions/A/DataDetectorsCore
0x00007ff920694000 	/System/Library/PrivateFrameworks/TextInput.framework/Versions/A/TextInput
0x00007ff81c4cc000 	/usr/lib/libMobileGestalt.dylib
0x00007ff8202c3000 	/System/Library/Frameworks/Carbon.framework/Versions/A/Frameworks/HIToolbox.framework/Versions/A/HIToolbox
0x00007ff81e6f2000 	/System/Library/Frameworks/QuartzCore.framework/Versions/A/QuartzCore
0x00007ff8195cd000 	/System/Library/Frameworks/Security.framework/Versions/A/Security
0x00007ff828325000 	/System/Library/Frameworks/Carbon.framework/Versions/A/Frameworks/SpeechRecognition.framework/Versions/A/SpeechRecognition
0x00007ff81ea50000 	/System/Library/PrivateFrameworks/CoreUI.framework/Versions/A/CoreUI
0x00007ff818e97000 	/System/Library/Frameworks/CoreAudio.framework/Versions/A/CoreAudio
0x00007ff81e044000 	/System/Library/Frameworks/DiskArbitration.framework/Versions/A/DiskArbitration
0x00007ff82394f000 	/System/Library/PrivateFrameworks/MultitouchSupport.framework/Versions/A/MultitouchSupport
0x00007ff81c4cb000 	/usr/lib/libenergytrace.dylib
0x00007ff819f2c000 	/System/Library/Frameworks/IOKit.framework/Versions/A/IOKit
0x00007ff828715000 	/System/Library/Frameworks/CoreServices.framework/Versions/A/CoreServices
0x00007ff81ec8a000 	/System/Library/PrivateFrameworks/PerformanceAnalysis.framework/Versions/A/PerformanceAnalysis
0x00007ffa30369000 	/System/Library/Frameworks/OpenGL.framework/Versions/A/OpenGL
0x00007ff8218b3000 	/System/Library/PrivateFrameworks/MobileKeyBag.framework/Versions/A/MobileKeyBag
0x00007ff81cfb4000 	/System/Library/Frameworks/ColorSync.framework/Versions/A/ColorSync
0x00007ff8175c6000 	/System/Library/Frameworks/CoreFoundation.framework/Versions/A/CoreFoundation
0x00007ff820847000 	/System/Library/Frameworks/CoreImage.framework/Versions/A/CoreImage
0x00007ff818cab000 	/System/Library/Frameworks/CoreText.framework/Versions/A/CoreText
0x00007ff820600000 	/System/Library/Frameworks/ImageIO.framework/Versions/A/ImageIO
0x00007ff82237d000 	/System/Library/PrivateFrameworks/SoftLinking.framework/Versions/A/SoftLinking
0x00007ff81ed3b000 	/usr/lib/libxml2.2.dylib
0x00007ff822601000 	/usr/lib/libcompression.dylib
0x00007ff8240b6000 	/System/Library/PrivateFrameworks/TextureIO.framework/Versions/A/TextureIO
0x00007ff822cef000 	/usr/lib/libate.dylib
0x00007ff822acb000 	/usr/lib/liblzma.5.dylib
0x00007ff818155000 	/System/Library/Frameworks/SystemConfiguration.framework/Versions/A/SystemConfiguration
0x00007ff822379000 	/usr/lib/libfakelink.dylib
0x00007ff81c026000 	/System/Library/Frameworks/CFNetwork.framework/Versions/A/CFNetwork
0x00007ff8224ba000 	/usr/lib/libarchive.2.dylib
0x00007ff820c4d000 	/System/Library/PrivateFrameworks/AppleSystemInfo.framework/Versions/A/AppleSystemInfo
0x00007ff8219b4000 	/usr/lib/libbsm.0.dylib
0x00007ff81b635000 	/usr/lib/libnetwork.dylib
0x00007ff822312000 	/usr/lib/system/libkxld.dylib
0x00007ff8215e7000 	/System/Library/PrivateFrameworks/IOMobileFramebuffer.framework/Versions/A/IOMobileFramebuffer
0x00007ffb2fd4a000 	/usr/lib/libCoreEntitlements.dylib
0x00007ff822026000 	/System/Library/PrivateFrameworks/AppleFSCompression.framework/Versions/A/AppleFSCompression
0x00007ff82199c000 	/usr/lib/libcoretls.dylib
0x00007ff822ae5000 	/usr/lib/libcoretls_cfhelpers.dylib
0x00007ff8225fb000 	/usr/lib/libpam.2.dylib
0x00007ff81d986000 	/usr/lib/libsqlite3.dylib
0x00007ff822b54000 	/usr/lib/libxar.1.dylib
0x00007ff822036000 	/usr/lib/libbz2.1.0.dylib
0x00007ff82237e000 	/usr/lib/libpcap.A.dylib
0x00007ff81dd5f000 	/usr/lib/libdns_services.dylib
0x00007ff8225cb000 	/usr/lib/libapple_nghttp2.dylib
0x00007ff8223b8000 	/usr/lib/libiconv.2.dylib
0x00007ff82230b000 	/usr/lib/libcharset.1.dylib
0x00007ff81ecbe000 	/System/Library/Frameworks/CoreServices.framework/Versions/A/Frameworks/FSEvents.framework/Versions/A/FSEvents
0x00007ff819bc6000 	/System/Library/Frameworks/CoreServices.framework/Versions/A/Frameworks/CarbonCore.framework/Versions/A/CarbonCore
0x00007ff81dfa8000 	/System/Library/Frameworks/CoreServices.framework/Versions/A/Frameworks/Metadata.framework/Versions/A/Metadata
0x00007ff822049000 	/System/Library/Frameworks/CoreServices.framework/Versions/A/Frameworks/OSServices.framework/Versions/A/OSServices
0x00007ff822540000 	/System/Library/Frameworks/CoreServices.framework/Versions/A/Frameworks/SearchKit.framework/Versions/A/SearchKit
0x00007ff81dcf1000 	/System/Library/Frameworks/CoreServices.framework/Versions/A/Frameworks/AE.framework/Versions/A/AE
0x00007ff817ac9000 	/System/Library/Frameworks/CoreServices.framework/Versions/A/Frameworks/LaunchServices.framework/Versions/A/LaunchServices
0x00007ff822a7c000 	/System/Library/Frameworks/CoreServices.framework/Versions/A/Frameworks/DictionaryServices.framework/Versions/A/DictionaryServices
0x00007ff81eccb000 	/System/Library/Frameworks/CoreServices.framework/Versions/A/Frameworks/SharedFileList.framework/Versions/A/SharedFileList
0x00007ff821990000 	/usr/lib/libCheckFix.dylib
0x00007ff81c530000 	/System/Library/PrivateFrameworks/TCC.framework/Versions/A/TCC
0x00007ff820c53000 	/System/Library/PrivateFrameworks/CoreNLP.framework/Versions/A/CoreNLP
0x00007ff81df58000 	/System/Library/PrivateFrameworks/MetadataUtilities.framework/Versions/A/MetadataUtilities
0x00007ff818206000 	/usr/lib/libmecabra.dylib
0x00007ff8219c4000 	/usr/lib/libmecab.dylib
0x00007ff8181d1000 	/usr/lib/libCRFSuite.dylib
0x00007ff821a1e000 	/usr/lib/libgermantok.dylib
0x00007ff8225a6000 	/usr/lib/libThaiTokenizer.dylib
0x00007ff81e04b000 	/System/Library/Frameworks/Accelerate.framework/Versions/A/Frameworks/vImage.framework/Versions/A/vImage
0x00007ff8286ec000 	/System/Library/Frameworks/Accelerate.framework/Versions/A/Frameworks/vecLib.framework/Versions/A/vecLib
0x00007ff822b95000 	/System/Library/Frameworks/Accelerate.framework/Versions/A/Frameworks/vecLib.framework/Versions/A/libvMisc.dylib
0x00007ff821412000 	/System/Library/Frameworks/Accelerate.framework/Versions/A/Frameworks/vecLib.framework/Versions/A/libvDSP.dylib
0x00007ff817e45000 	/System/Library/Frameworks/Accelerate.framework/Versions/A/Frameworks/vecLib.framework/Versions/A/libBLAS.dylib
0x00007ff8226de000 	/System/Library/Frameworks/Accelerate.framework/Versions/A/Frameworks/vecLib.framework/Versions/A/libLAPACK.dylib
0x00007ff821a21000 	/System/Library/Frameworks/Accelerate.framework/Versions/A/Frameworks/vecLib.framework/Versions/A/libLinearAlgebra.dylib
0x00007ff8225e3000 	/System/Library/Frameworks/Accelerate.framework/Versions/A/Frameworks/vecLib.framework/Versions/A/libSparseBLAS.dylib
0x00007ff8226d8000 	/System/Library/Frameworks/Accelerate.framework/Versions/A/Frameworks/vecLib.framework/Versions/A/libQuadrature.dylib
0x00007ff820d3e000 	/System/Library/Frameworks/Accelerate.framework/Versions/A/Frameworks/vecLib.framework/Versions/A/libBNNS.dylib
0x00007ff8180df000 	/System/Library/Frameworks/Accelerate.framework/Versions/A/Frameworks/vecLib.framework/Versions/A/libSparse.dylib
0x00007ff820d37000 	/System/Library/PrivateFrameworks/LinguisticData.framework/Versions/A/LinguisticData
0x00007ff818095000 	/System/Library/PrivateFrameworks/Lexicon.framework/Versions/A/Lexicon
0x00007ff822b8e000 	/usr/lib/libChineseTokenizer.dylib
0x00007ff818800000 	/System/Library/PrivateFrameworks/LanguageModeling.framework/Versions/A/LanguageModeling
0x00007ff8225a8000 	/System/Library/PrivateFrameworks/AppleSauce.framework/Versions/A/AppleSauce
0x00007ff8215d5000 	/System/Library/PrivateFrameworks/CoreEmoji.framework/Versions/A/CoreEmoji
0x00007ff8224a9000 	/usr/lib/libcmph.dylib
0x00007ff81eca2000 	/System/Library/Frameworks/OpenDirectory.framework/Versions/A/Frameworks/CFOpenDirectory.framework/Versions/A/CFOpenDirectory
0x00007ff81ec96000 	/System/Library/Frameworks/OpenDirectory.framework/Versions/A/OpenDirectory
0x00007ff822ae7000 	/System/Library/PrivateFrameworks/APFS.framework/Versions/A/APFS
0x00007ff8218eb000 	/System/Library/Frameworks/SecurityFoundation.framework/Versions/A/SecurityFoundation
0x00007ff822b62000 	/usr/lib/libutil.dylib
0x00007ff819ef0000 	/System/Library/PrivateFrameworks/CoreServicesStore.framework/Versions/A/CoreServicesStore
0x00007ff822b66000 	/usr/lib/libxslt.1.dylib
0x00007ff821978000 	/System/Library/PrivateFrameworks/BackgroundTaskManagement.framework/Versions/A/BackgroundTaskManagement
0x00007ff823fd6000 	/System/Library/Frameworks/ImageIO.framework/Versions/A/Resources/libRadiance.dylib
0x00007ff823fdf000 	/System/Library/Frameworks/ImageIO.framework/Versions/A/Resources/libJPEG.dylib
0x00007ff823f2e000 	/System/Library/Frameworks/ImageIO.framework/Versions/A/Resources/libPng.dylib
0x00007ff823f4f000 	/System/Library/Frameworks/ImageIO.framework/Versions/A/Resources/libTIFF.dylib
0x00007ff82403f000 	/System/Library/Frameworks/ImageIO.framework/Versions/A/Resources/libGIF.dylib
0x00007ff823869000 	/System/Library/Frameworks/ImageIO.framework/Versions/A/Resources/libJP2.dylib
0x00007ff822fa4000 	/usr/lib/libexpat.1.dylib
0x00007ff82381e000 	/System/Library/PrivateFrameworks/AppleJPEG.framework/Versions/A/AppleJPEG
0x00007ff820188000 	/System/Library/PrivateFrameworks/FontServices.framework/libFontParser.dylib
0x00007ff81dc9b000 	/System/Library/PrivateFrameworks/RunningBoardServices.framework/Versions/A/RunningBoardServices
0x00007ff82e9b2000 	/System/Library/PrivateFrameworks/IOSurfaceAccelerator.framework/Versions/A/IOSurfaceAccelerator
0x00007ff82394b000 	/System/Library/PrivateFrameworks/WatchdogClient.framework/Versions/A/WatchdogClient
0x00007ff8188ee000 	/System/Library/Frameworks/CoreDisplay.framework/Versions/A/CoreDisplay
0x00007ff820086000 	/System/Library/Frameworks/CoreMedia.framework/Versions/A/CoreMedia
0x00007ff81ff1a000 	/System/Library/PrivateFrameworks/IOAccelerator.framework/Versions/A/IOAccelerator
0x00007ff81ee1f000 	/System/Library/Frameworks/CoreVideo.framework/Versions/A/CoreVideo
0x00007ff8225f9000 	/System/Library/Frameworks/MetalPerformanceShaders.framework/Versions/A/MetalPerformanceShaders
0x00007ff823988000 	/System/Library/Frameworks/VideoToolbox.framework/Versions/A/VideoToolbox
0x00007ff81dbe5000 	/System/Library/PrivateFrameworks/BaseBoard.framework/Versions/A/BaseBoard
0x00007ff81d96c000 	/System/Library/PrivateFrameworks/ProtocolBuffer.framework/Versions/A/ProtocolBuffer
0x00007ff823fcf000 	/System/Library/PrivateFrameworks/GPUWrangler.framework/Versions/A/GPUWrangler
0x00007ff823fb3000 	/System/Library/PrivateFrameworks/IOPresentment.framework/Versions/A/IOPresentment
0x00007ff823fd9000 	/System/Library/PrivateFrameworks/DSExternalDisplay.framework/Versions/A/DSExternalDisplay
0x00007ffa3035d000 	/System/Library/Frameworks/OpenGL.framework/Versions/A/Libraries/libCoreFSCache.dylib
0x00007ffb1d435000 	/System/Library/PrivateFrameworks/GPUCompiler.framework/Versions/31001/Libraries/libGPUCompilerUtils.dylib
0x00007ff824044000 	/System/Library/PrivateFrameworks/CMCaptureCore.framework/Versions/A/CMCaptureCore
0x00007ff82354d000 	/System/Library/PrivateFrameworks/AppServerSupport.framework/Versions/A/AppServerSupport
0x00007ff825812000 	/System/Library/PrivateFrameworks/perfdata.framework/Versions/A/perfdata
0x00007ff818a1a000 	/System/Library/PrivateFrameworks/AudioToolboxCore.framework/Versions/A/AudioToolboxCore
0x00007ff820064000 	/System/Library/PrivateFrameworks/caulk.framework/Versions/A/caulk
0x00007ff825124000 	/usr/lib/libAudioStatistics.dylib
0x00007ff91ce1e000 	/System/Library/PrivateFrameworks/SystemPolicy.framework/Versions/A/SystemPolicy
0x00007ff82537f000 	/usr/lib/libSMC.dylib
0x00007ff82e2aa000 	/System/Library/Frameworks/CoreMIDI.framework/Versions/A/CoreMIDI
0x00007ff823efd000 	/usr/lib/libAudioToolboxUtility.dylib
0x00007ff919042000 	/System/Library/PrivateFrameworks/OSAServicesClient.framework/Versions/A/OSAServicesClient
0x00007ff82581f000 	/usr/lib/libperfcheck.dylib
0x00007ff91d8cf000 	/usr/lib/libmis.dylib
0x00007ffa303b8000 	/System/Library/Frameworks/OpenGL.framework/Versions/A/Libraries/libGLU.dylib
0x00007ffa3037c000 	/System/Library/Frameworks/OpenGL.framework/Versions/A/Libraries/libGFXShared.dylib
0x00007ffa30585000 	/System/Library/Frameworks/OpenGL.framework/Versions/A/Libraries/libGL.dylib
0x00007ffa30385000 	/System/Library/Frameworks/OpenGL.framework/Versions/A/Libraries/libGLImage.dylib
0x00007ffa30379000 	/System/Library/Frameworks/OpenGL.framework/Versions/A/Libraries/libCVMSPluginSupport.dylib
0x00007ffa30364000 	/System/Library/Frameworks/OpenGL.framework/Versions/A/Libraries/libCoreVMClient.dylib
0x00007ff820bcf000 	/System/Library/Frameworks/MetalPerformanceShaders.framework/Versions/A/Frameworks/MPSCore.framework/Versions/A/MPSCore
0x00007ff821f91000 	/System/Library/Frameworks/MetalPerformanceShaders.framework/Versions/A/Frameworks/MPSImage.framework/Versions/A/MPSImage
0x00007ff821a37000 	/System/Library/Frameworks/MetalPerformanceShaders.framework/Versions/A/Frameworks/MPSNeuralNetwork.framework/Versions/A/MPSNeuralNetwork
0x00007ff821eab000 	/System/Library/Frameworks/MetalPerformanceShaders.framework/Versions/A/Frameworks/MPSMatrix.framework/Versions/A/MPSMatrix
0x00007ff821c66000 	/System/Library/Frameworks/MetalPerformanceShaders.framework/Versions/A/Frameworks/MPSRayIntersector.framework/Versions/A/MPSRayIntersector
0x00007ff821ee3000 	/System/Library/Frameworks/MetalPerformanceShaders.framework/Versions/A/Frameworks/MPSNDArray.framework/Versions/A/MPSNDArray
0x00007ffa35e3d000 	/System/Library/Frameworks/MetalPerformanceShaders.framework/Versions/A/Frameworks/MPSFunctions.framework/Versions/A/MPSFunctions
0x00007ff817d21000 	/System/Library/PrivateFrameworks/MetalTools.framework/Versions/A/MetalTools
0x00007ff820c4b000 	/System/Library/PrivateFrameworks/AggregateDictionary.framework/Versions/A/AggregateDictionary
0x00007ff822d86000 	/usr/lib/libIOReport.dylib
0x00007ffa31994000 	/System/Library/Frameworks/OpenCL.framework/Versions/A/OpenCL
0x00007ff8230eb000 	/System/Library/PrivateFrameworks/FaceCore.framework/Versions/A/FaceCore
0x00007ff8230dc000 	/System/Library/PrivateFrameworks/GraphVisualizer.framework/Versions/A/GraphVisualizer
0x00007ffb1d340000 	/System/Library/PrivateFrameworks/FontServices.framework/Versions/A/FontServices
0x00007ff823505000 	/System/Library/PrivateFrameworks/OTSVG.framework/Versions/A/OTSVG
0x00007ff81ea05000 	/System/Library/Frameworks/ApplicationServices.framework/Versions/A/Frameworks/ATS.framework/Versions/A/Resources/libFontRegistry.dylib
0x00007ff823555000 	/System/Library/PrivateFrameworks/FontServices.framework/libhvf.dylib
0x00007ffb1d341000 	/System/Library/PrivateFrameworks/FontServices.framework/libXTFontStaticRegistryData.dylib
0x00007ff822f54000 	/System/Library/PrivateFrameworks/AppleVA.framework/Versions/A/AppleVA
0x00007ff825144000 	/System/Library/Frameworks/ApplicationServices.framework/Versions/A/Frameworks/ATS.framework/Versions/A/ATS
0x00007ff81d0b2000 	/System/Library/Frameworks/ApplicationServices.framework/Versions/A/Frameworks/HIServices.framework/Versions/A/HIServices
0x00007ff82404e000 	/System/Library/Frameworks/ApplicationServices.framework/Versions/A/Frameworks/PrintCore.framework/Versions/A/PrintCore
0x00007ff8254d2000 	/System/Library/Frameworks/ApplicationServices.framework/Versions/A/Frameworks/QD.framework/Versions/A/QD
0x00007ff8254ca000 	/System/Library/Frameworks/ApplicationServices.framework/Versions/A/Frameworks/ColorSyncLegacy.framework/Versions/A/ColorSyncLegacy
0x00007ff825134000 	/System/Library/Frameworks/ApplicationServices.framework/Versions/A/Frameworks/SpeechSynthesis.framework/Versions/A/SpeechSynthesis
0x00007ff82400f000 	/System/Library/Frameworks/ApplicationServices.framework/Versions/A/Frameworks/ATSUI.framework/Versions/A/ATSUI
0x00007ff82545f000 	/usr/lib/libcups.2.dylib
0x00007ff82582e000 	/System/Library/Frameworks/Kerberos.framework/Versions/A/Kerberos
0x00007ff82583d000 	/System/Library/Frameworks/GSS.framework/Versions/A/GSS
0x00007ff8251b0000 	/usr/lib/libresolv.9.dylib
0x00007ff823564000 	/System/Library/PrivateFrameworks/Heimdal.framework/Versions/A/Heimdal
0x00007ff82c42d000 	/System/Library/Frameworks/Kerberos.framework/Versions/A/Libraries/libHeimdalProxy.dylib
0x00007ff81dd6f000 	/System/Library/Frameworks/Network.framework/Versions/A/Network
0x00007ff822fbf000 	/usr/lib/libheimdal-asn1.dylib
0x00007ff825888000 	/System/Library/PrivateFrameworks/CommonAuth.framework/Versions/A/CommonAuth
0x00007ff8250b6000 	/System/Library/PrivateFrameworks/AudioSession.framework/Versions/A/AudioSession
0x00007ff82304f000 	/System/Library/PrivateFrameworks/MediaExperience.framework/Versions/A/MediaExperience
0x00007ff824f48000 	/System/Library/PrivateFrameworks/AudioSession.framework/libSessionUtility.dylib
0x00007ff8254de000 	/System/Library/PrivateFrameworks/AudioResourceArbitration.framework/Versions/A/AudioResourceArbitration
0x00007ff82955f000 	/System/Library/PrivateFrameworks/PowerLog.framework/Versions/A/PowerLog
0x00007ff822fc8000 	/System/Library/PrivateFrameworks/IconFoundation.framework/Versions/A/IconFoundation
0x00007ff828315000 	/System/Library/PrivateFrameworks/SpeechRecognitionCore.framework/Versions/A/SpeechRecognitionCore
0x0000000110c9c000 	/Library/Java/JavaVirtualMachines/jdk-21.jdk/Contents/Home/lib/server/libjvm.dylib
0x000000010fa80000 	/Library/Java/JavaVirtualMachines/jdk-21.jdk/Contents/Home/lib/libjimage.dylib
0x000000010fafa000 	/Library/Java/JavaVirtualMachines/jdk-21.jdk/Contents/Home/lib/libjava.dylib
0x000000011055c000 	/Library/Java/JavaVirtualMachines/jdk-21.jdk/Contents/Home/lib/libnio.dylib
0x0000000110578000 	/Library/Java/JavaVirtualMachines/jdk-21.jdk/Contents/Home/lib/libnet.dylib
0x000000011058c000 	/Library/Java/JavaVirtualMachines/jdk-21.jdk/Contents/Home/lib/libzip.dylib
0x0000000110541000 	/Users/mac/.openjfx/cache/13/libprism_es2.dylib
0x00007ff819eb2000 	/System/Library/PrivateFrameworks/CoreServicesInternal.framework/Versions/A/CoreServicesInternal
0x00007ffa30590000 	/System/Library/Frameworks/OpenGL.framework/Versions/A/Resources/GLEngine.bundle/GLEngine
0x00007ffa303f6000 	/System/Library/Frameworks/OpenGL.framework/Versions/A/Libraries/libGLProgrammability.dylib
0x00007ffa28d65000 	/System/Library/Extensions/AppleIntelBDWGraphicsGLDriver.bundle/Contents/MacOS/AppleIntelBDWGraphicsGLDriver
0x00007ff927a6a000 	/System/Library/PrivateFrameworks/GPUSupport.framework/Versions/A/Libraries/libGPUSupportMercury.dylib
0x00007ffa3071a000 	/System/Library/Frameworks/OpenGL.framework/Versions/A/Resources/GLRendererFloat.bundle/GLRendererFloat
0x0000000110a87000 	/Users/mac/.openjfx/cache/13/libglass.dylib
0x00007ff829b50000 	/System/Library/Frameworks/FileProvider.framework/Versions/A/FileProvider
0x00007ff81db52000 	/System/Library/Frameworks/Accounts.framework/Versions/A/Accounts
0x00007ff829cc9000 	/System/Library/PrivateFrameworks/GenerationalStorage.framework/Versions/A/GenerationalStorage
0x00007ff82a7da000 	/System/Library/PrivateFrameworks/CoreSymbolication.framework/Versions/A/CoreSymbolication
0x00007ff829554000 	/System/Library/PrivateFrameworks/SymptomDiagnosticReporter.framework/Versions/A/SymptomDiagnosticReporter
0x00007ff81b173000 	/System/Library/PrivateFrameworks/DesktopServicesPriv.framework/Versions/A/DesktopServicesPriv
0x00007ff819ff1000 	/usr/lib/libsandbox.1.dylib
0x00007ff81ee9e000 	/System/Library/PrivateFrameworks/UserManagement.framework/Versions/A/UserManagement
0x00007ff82a79f000 	/System/Library/PrivateFrameworks/DebugSymbols.framework/Versions/A/DebugSymbols
0x00007ff8254bf000 	/System/Library/PrivateFrameworks/NetAuth.framework/Versions/A/NetAuth
0x00007ff8263ce000 	/System/Library/PrivateFrameworks/Sharing.framework/Versions/A/Sharing
0x00007ff81ee71000 	/System/Library/PrivateFrameworks/login.framework/Versions/A/Frameworks/loginsupport.framework/Versions/A/loginsupport
0x00007ff82b93d000 	/System/Library/PrivateFrameworks/Apple80211.framework/Versions/A/Apple80211
0x00007ff822076000 	/System/Library/PrivateFrameworks/AuthKit.framework/Versions/A/AuthKit
0x00007ff8216cb000 	/System/Library/PrivateFrameworks/CoreUtils.framework/Versions/A/CoreUtils
0x00007ff8215f2000 	/System/Library/Frameworks/CoreWLAN.framework/Versions/A/CoreWLAN
0x00007ff82652d000 	/System/Library/Frameworks/IOBluetooth.framework/Versions/A/IOBluetooth
0x00007ff82b9a5000 	/System/Library/PrivateFrameworks/CoreWiFi.framework/Versions/A/CoreWiFi
0x00007ff82a373000 	/System/Library/PrivateFrameworks/FrontBoardServices.framework/Versions/A/FrontBoardServices
0x00007ff82a404000 	/System/Library/PrivateFrameworks/BoardServices.framework/Versions/A/BoardServices
0x00007ff8218da000 	/System/Library/PrivateFrameworks/AssertionServices.framework/Versions/A/AssertionServices
0x00007ff82bb28000 	/System/Library/PrivateFrameworks/BackBoardServices.framework/Versions/A/BackBoardServices
0x00007ff825919000 	/System/Library/PrivateFrameworks/CorePhoneNumbers.framework/Versions/A/CorePhoneNumbers
0x00007ff8251dd000 	/System/Library/PrivateFrameworks/MultiverseSupport.framework/Versions/A/MultiverseSupport
0x00007ff82bd9c000 	/System/Library/PrivateFrameworks/RemoteServiceDiscovery.framework/Versions/A/RemoteServiceDiscovery
0x00007ff829671000 	/System/Library/PrivateFrameworks/DiskManagement.framework/Versions/A/DiskManagement
0x00007ff829585000 	/System/Library/PrivateFrameworks/AppleIDAuthSupport.framework/Versions/A/AppleIDAuthSupport
0x00007ffb17cbb000 	/System/Library/PrivateFrameworks/AAAFoundation.framework/Versions/A/AAAFoundation
0x00007ff8258fa000 	/System/Library/PrivateFrameworks/KeychainCircle.framework/Versions/A/KeychainCircle
0x00007ff82bdac000 	/System/Library/PrivateFrameworks/RemoteXPC.framework/Versions/A/RemoteXPC
0x00007ff82963d000 	/System/Library/PrivateFrameworks/MediaKit.framework/Versions/A/MediaKit
0x00007ff829591000 	/System/Library/Frameworks/DiscRecording.framework/Versions/A/DiscRecording
0x00007ff822ecc000 	/usr/lib/libCoreStorage.dylib
0x00007ff82be17000 	/usr/lib/libcsfde.dylib
0x00007ff8265fa000 	/System/Library/PrivateFrameworks/ProtectedCloudStorage.framework/Versions/A/ProtectedCloudStorage
0x00007ff82be13000 	/System/Library/PrivateFrameworks/EFILogin.framework/Versions/A/EFILogin
0x00007ff829cef000 	/System/Library/PrivateFrameworks/OctagonTrust.framework/Versions/A/OctagonTrust
0x00007ffb1c5a3000 	/System/Library/PrivateFrameworks/CoreUtilsExtras.framework/Versions/A/CoreUtilsExtras
0x00007ff8294b8000 	/System/Library/Frameworks/CoreBluetooth.framework/Versions/A/CoreBluetooth
0x00007ff82c4b2000 	/System/Library/Frameworks/AudioUnit.framework/Versions/A/AudioUnit
0x00007ff822ec4000 	/usr/lib/libMatch.1.dylib
0x00007ff921ef3000 	/System/Library/Frameworks/Accelerate.framework/Versions/A/Frameworks/vImage.framework/Versions/A/Libraries/libCGInterfaces.dylib
0x0000000110c6f000 	/usr/lib/libobjc-trampolines.dylib
0x00007ff81eb96000 	/System/Library/PrivateFrameworks/ViewBridge.framework/Versions/A/ViewBridge
0x0000000177bcd000 	/Users/mac/.openjfx/cache/13/libjavafx_font.dylib
0x00007ff82361c000 	/System/Library/PrivateFrameworks/login.framework/Versions/A/login
0x00007ffb2fe39000 	/usr/lib/libRosetta.dylib
0x00007ff828a31000 	/System/Library/PrivateFrameworks/SystemAdministration.framework/Versions/A/SystemAdministration
0x00007ff824278000 	/System/Library/Frameworks/MediaToolbox.framework/Versions/A/MediaToolbox
0x00007ff8282e1000 	/System/Library/Frameworks/DirectoryService.framework/Versions/A/DirectoryService
0x00007ff82bcb4000 	/System/Library/PrivateFrameworks/DiskImages.framework/Versions/A/DiskImages
0x00007ff821982000 	/System/Library/Frameworks/ServiceManagement.framework/Versions/A/ServiceManagement
0x00007ff82be9b000 	/System/Library/PrivateFrameworks/LoginUIKit.framework/Versions/A/Frameworks/LoginUICore.framework/Versions/A/LoginUICore
0x00007ff8237c5000 	/usr/lib/libodfde.dylib
0x00007ff829b20000 	/System/Library/PrivateFrameworks/CoreAVCHD.framework/Versions/A/CoreAVCHD
0x00007ff8289f5000 	/System/Library/Frameworks/MediaAccessibility.framework/Versions/A/MediaAccessibility
0x00007ff829b1c000 	/System/Library/PrivateFrameworks/Mangrove.framework/Versions/A/Mangrove
0x00007ff828a00000 	/System/Library/PrivateFrameworks/AlgosScoreFramework.framework/Versions/A/AlgosScoreFramework
0x00007ffb19897000 	/System/Library/PrivateFrameworks/CMPhoto.framework/Versions/A/CMPhoto
0x00007ff82a675000 	/System/Library/PrivateFrameworks/AppleVPA.framework/Versions/A/AppleVPA
0x00007ff829761000 	/System/Library/PrivateFrameworks/CoreAUC.framework/Versions/A/CoreAUC
0x00007ff82be23000 	/usr/lib/libcurl.4.dylib
0x00007ffb302a5000 	/usr/lib/libcrypto.46.dylib
0x00007ffb3079a000 	/usr/lib/libssl.48.dylib
0x00007ff82bb46000 	/System/Library/Frameworks/LDAP.framework/Versions/A/LDAP
0x00007ff82bb7e000 	/System/Library/PrivateFrameworks/TrustEvaluationAgent.framework/Versions/A/TrustEvaluationAgent
0x00007ff8251c9000 	/usr/lib/libsasl2.2.dylib
0x00007ff828a25000 	/System/Library/PrivateFrameworks/CoreDaemon.framework/Versions/B/CoreDaemon
0x00007ff828a20000 	/System/Library/PrivateFrameworks/AppleSRP.framework/Versions/A/AppleSRP
0x000000017e7ef000 	/private/var/folders/zl/nrqd4rt96d77gmwxhn69bq4r0000gn/T/sqlite-3.42.0.0-f912a35a-4159-481a-9b74-ec18266cc76f-libsqlitejdbc.jnilib


VM Arguments:
jvm_args: --module-path=/Users/mac/Projects-NIC/LocalSecurePasswordManager/target/classes:/Users/mac/.m2/repository/org/openjfx/javafx-base/13/javafx-base-13-mac.jar:/Users/mac/.m2/repository/org/openjfx/javafx-controls/13/javafx-controls-13-mac.jar:/Users/mac/.m2/repository/org/openjfx/javafx-fxml/13/javafx-fxml-13-mac.jar:/Users/mac/.m2/repository/org/openjfx/javafx-graphics/13/javafx-graphics-13-mac.jar --add-modules=com.mycompany.securepasswordmanager -Djdk.module.main=com.mycompany.securepasswordmanager 
java_command: com.mycompany.securepasswordmanager/com.mycompany.securepasswordmanager.App
java_class_path (initial): /Users/mac/Projects-NIC/LocalSecurePasswordManager/target/classes:/Users/mac/.m2/repository/com/google/protobuf/protobuf-java/3.21.9/protobuf-java-3.21.9.jar:/Users/mac/.m2/repository/com/mysql/mysql-connector-j/8.0.33/mysql-connector-j-8.0.33.jar:/Users/mac/.m2/repository/org/openjfx/javafx-base/13/javafx-base-13.jar:/Users/mac/.m2/repository/org/openjfx/javafx-controls/13/javafx-controls-13.jar:/Users/mac/.m2/repository/org/openjfx/javafx-fxml/13/javafx-fxml-13.jar:/Users/mac/.m2/repository/org/openjfx/javafx-graphics/13/javafx-graphics-13.jar:/Users/mac/.m2/repository/org/xerial/sqlite-jdbc/3.42.0.0/sqlite-jdbc-3.42.0.0.jar
Launcher Type: SUN_STANDARD

[Global flags]
     intx CICompilerCount                          = 3                                         {product} {ergonomic}
     uint ConcGCThreads                            = 1                                         {product} {ergonomic}
     uint G1ConcRefinementThreads                  = 4                                         {product} {ergonomic}
   size_t G1HeapRegionSize                         = 1048576                                   {product} {ergonomic}
    uintx GCDrainStackTargetSize                   = 64                                        {product} {ergonomic}
   size_t InitialHeapSize                          = 134217728                                 {product} {ergonomic}
   size_t MarkStackSize                            = 4194304                                   {product} {ergonomic}
   size_t MaxHeapSize                              = 2147483648                                {product} {ergonomic}
   size_t MaxNewSize                               = 1287651328                                {product} {ergonomic}
   size_t MinHeapDeltaBytes                        = 1048576                                   {product} {ergonomic}
   size_t MinHeapSize                              = 8388608                                   {product} {ergonomic}
    uintx NonNMethodCodeHeapSize                   = 5832780                                {pd product} {ergonomic}
    uintx NonProfiledCodeHeapSize                  = 122912730                              {pd product} {ergonomic}
    uintx ProfiledCodeHeapSize                     = 122912730                              {pd product} {ergonomic}
    uintx ReservedCodeCacheSize                    = 251658240                              {pd product} {ergonomic}
     bool SegmentedCodeCache                       = true                                      {product} {ergonomic}
   size_t SoftMaxHeapSize                          = 2147483648                             {manageable} {ergonomic}
     bool UseCompressedOops                        = true                           {product lp64_product} {ergonomic}
     bool UseG1GC                                  = true                                      {product} {ergonomic}
     bool UseNUMA                                  = false                                     {product} {ergonomic}
     bool UseNUMAInterleaving                      = false                                     {product} {ergonomic}

Logging:
Log output configuration:
 #0: stdout all=warning uptime,level,tags foldmultilines=false
 #1: stderr all=off uptime,level,tags foldmultilines=false

Environment Variables:
JAVA_HOME=/Library/Java/JavaVirtualMachines/jdk-21.jdk/Contents/Home
PATH=/usr/bin:/bin:/usr/sbin:/sbin
SHELL=/bin/zsh
LC_CTYPE=UTF-8
TMPDIR=/var/folders/zl/nrqd4rt96d77gmwxhn69bq4r0000gn/T/

Active Locale:
LC_ALL=C/UTF-8/C/C/C/C
LC_COLLATE=C
LC_CTYPE=UTF-8
LC_MESSAGES=C
LC_MONETARY=C
LC_NUMERIC=C
LC_TIME=C

Signal Handlers:
   SIGSEGV: crash_handler in libjvm.dylib, mask=11100110000111110111111111111111, flags=SA_ONSTACK|SA_RESTART|SA_SIGINFO, unblocked
    SIGBUS: crash_handler in libjvm.dylib, mask=11100110000111110111111111111111, flags=SA_RESTART|SA_SIGINFO, unblocked
    SIGFPE: crash_handler in libjvm.dylib, mask=11100110000111110111111111111111, flags=SA_RESTART|SA_SIGINFO, unblocked
   SIGPIPE: javaSignalHandler in libjvm.dylib, mask=11100110000111110111111111111111, flags=SA_RESTART|SA_SIGINFO, blocked
   SIGXFSZ: javaSignalHandler in libjvm.dylib, mask=11100110000111110111111111111111, flags=SA_RESTART|SA_SIGINFO, blocked
    SIGILL: crash_handler in libjvm.dylib, mask=11100110000111110111111111111111, flags=SA_RESTART|SA_SIGINFO, unblocked
   SIGUSR2: SR_handler in libjvm.dylib, mask=00000000000000000000000000000000, flags=SA_RESTART|SA_SIGINFO, blocked
    SIGHUP: UserHandler in libjvm.dylib, mask=11100110000111110111111111111111, flags=SA_RESTART|SA_SIGINFO, blocked
    SIGINT: SIG_IGN, mask=00000000000000000000000000000000, flags=none, blocked
   SIGTERM: UserHandler in libjvm.dylib, mask=11100110000111110111111111111111, flags=SA_RESTART|SA_SIGINFO, blocked
   SIGQUIT: UserHandler in libjvm.dylib, mask=11100110000111110111111111111111, flags=SA_RESTART|SA_SIGINFO, blocked
   SIGTRAP: crash_handler in libjvm.dylib, mask=11100110000111110111111111111111, flags=SA_RESTART|SA_SIGINFO, unblocked


Periodic native trim disabled

---------------  S Y S T E M  ---------------

OS:
uname: Darwin 21.6.0 Darwin Kernel Version 21.6.0: Wed Oct  4 23:55:28 PDT 2023; root:xnu-8020.240.18.704.15~1/RELEASE_X86_64 x86_64
OS uptime: 23 days 22:53 hours
rlimit (soft/hard): STACK 8192k/65532k , CORE 0k/infinity , NPROC 1392/2088 , NOFILE 10240/infinity , AS infinity/infinity , CPU infinity/infinity , DATA infinity/infinity , FSIZE infinity/infinity , MEMLOCK infinity/infinity , RSS infinity/infinity
load average: 2.80 2.88 3.00

CPU: total 4 (initial active 4) (2 cores per cpu, 2 threads per core) family 6 model 61 stepping 4 microcode 0x2f, cx8, cmov, fxsr, ht, mmx, 3dnowpref, sse, sse2, sse3, ssse3, sse4.1, sse4.2, popcnt, lzcnt, tsc, tscinvbit, avx, avx2, aes, erms, clmul, bmi1, bmi2, adx, fma, vzeroupper, clflush, rdtscp, f16c
machdep.cpu.brand_string:Intel(R) Core(TM) i5-5257U CPU @ 2.70GHz
hw.cpufrequency:2700000000
hw.cpufrequency_min:2700000000
hw.cpufrequency_max:2700000000
hw.cachelinesize:64
hw.l1icachesize:32768
hw.l1dcachesize:32768
hw.l2cachesize:262144
hw.l3cachesize:3145728

Memory: 4k page, physical 8388608k(1285416k free), swap 2097152k(1548288k free)

vm_info: Java HotSpot(TM) 64-Bit Server VM (21.0.2+13-LTS-58) for bsd-amd64 JRE (21.0.2+13-LTS-58), built on 2024-01-05T18:32:24Z by "mach5one" with clang Apple LLVM 12.0.0 (clang-1200.0.32.29)

END.
