#
# A fatal error has been detected by the Java Runtime Environment:
#
#  SIGSEGV (0xb) at pc=0x000000010804d69c, pid=86001, tid=29195
#
# JRE version: Java(TM) SE Runtime Environment (21.0.2+13) (build 21.0.2+13-LTS-58)
# Java VM: Java HotSpot(TM) 64-Bit Server VM (21.0.2+13-LTS-58, mixed mode, sharing, tiered, compressed oops, compressed class ptrs, g1 gc, bsd-amd64)
# Problematic frame:
# V  [libjvm.dylib+0x48c69c]  JavaFrameAnchor::make_walkable()+0x1c
#
# No core dump will be written. Core dumps have been disabled. To enable core dumping, try "ulimit -c unlimited" before starting Java again
#
# If you would like to submit a bug report, please visit:
#   https://bugreport.java.com/bugreport/crash.jsp
# The crash happened outside the Java Virtual Machine in native code.
# See problematic frame for where to report the bug.
#

---------------  S U M M A R Y ------------

Command Line: --module-path=/Users/mac/Projects-NIC/SecurePasswordManager/target/classes:/Users/mac/.m2/repository/org/openjfx/javafx-base/13/javafx-base-13-mac.jar:/Users/mac/.m2/repository/org/openjfx/javafx-controls/13/javafx-controls-13-mac.jar:/Users/mac/.m2/repository/org/openjfx/javafx-fxml/13/javafx-fxml-13-mac.jar:/Users/mac/.m2/repository/org/openjfx/javafx-graphics/13/javafx-graphics-13-mac.jar --add-modules=com.mycompany.securepasswordmanager -Djdk.module.main=com.mycompany.securepasswordmanager com.mycompany.securepasswordmanager/com.mycompany.securepasswordmanager.App

Host: "MacBookPro12,1" x86_64 2700 MHz, 4 cores, 8G, Darwin 21.6.0, macOS 12.7.1 (21G920)
Time: Sun Jun 30 01:36:23 2024 IST elapsed time: 4.493708 seconds (0d 0h 0m 4s)

---------------  T H R E A D  ---------------

Current thread (0x00007f93e4114000):  JavaThread "InvokeLaterDispatcher" daemon [_thread_in_native, id=29195, stack(0x000070000fdd9000,0x000070000fed9000) (1024K)]

Stack: [0x000070000fdd9000,0x000070000fed9000],  sp=0x000070000fed88f0,  free space=1022k
Native frames: (J=compiled Java code, j=interpreted, Vv=VM code, C=native code)
V  [libjvm.dylib+0x48c69c]  JavaFrameAnchor::make_walkable()+0x1c
V  [libjvm.dylib+0x61576a]  jni_DeleteGlobalRef+0xca
C  [libglass.dylib+0x8e55]  -[GlassRunnable dealloc]+0x35
C  [Foundation+0x8188e]  -[_NSThreadPerformInfo dealloc]+0x2a
C  [Foundation+0x4e416]  -[NSObject(NSThreadPerformAdditions) performSelectorOnMainThread:withObject:waitUntilDone:]+0x7c
j  com.sun.glass.ui.mac.MacApplication._submitForLaterInvocation(Ljava/lang/Runnable;)V+0 javafx.graphics
j  com.sun.glass.ui.mac.MacApplication.submitForLaterInvocation(Ljava/lang/Runnable;)V+2 javafx.graphics
j  com.sun.glass.ui.InvokeLaterDispatcher.run()V+82 javafx.graphics
v  ~StubRoutines::call_stub 0x000000011e78acc6
V  [libjvm.dylib+0x5ac764]  JavaCalls::call_helper(JavaValue*, methodHandle const&, JavaCallArguments*, JavaThread*)+0x2b4
V  [libjvm.dylib+0x5ab70f]  JavaCalls::call_virtual(JavaValue*, Klass*, Symbol*, Symbol*, JavaCallArguments*, JavaThread*)+0x1af
V  [libjvm.dylib+0x5ab7d3]  JavaCalls::call_virtual(JavaValue*, Handle, Klass*, Symbol*, Symbol*, JavaThread*)+0x63
V  [libjvm.dylib+0x66d698]  thread_entry(JavaThread*, JavaThread*)+0x98
V  [libjvm.dylib+0x5be8d4]  JavaThread::thread_main_inner()+0x94
V  [libjvm.dylib+0xae1b85]  Thread::call_run()+0xa5
V  [libjvm.dylib+0x93e5e7]  thread_native_entry(Thread*)+0x147
C  [libsystem_pthread.dylib+0x64e1]  _pthread_start+0x7d
C  [libsystem_pthread.dylib+0x1f6b]  thread_start+0xf
Java frames: (J=compiled Java code, j=interpreted, Vv=VM code)
j  com.sun.glass.ui.mac.MacApplication._submitForLaterInvocation(Ljava/lang/Runnable;)V+0 javafx.graphics
j  com.sun.glass.ui.mac.MacApplication.submitForLaterInvocation(Ljava/lang/Runnable;)V+2 javafx.graphics
j  com.sun.glass.ui.InvokeLaterDispatcher.run()V+82 javafx.graphics
v  ~StubRoutines::call_stub 0x000000011e78acc6

siginfo: si_signo: 11 (SIGSEGV), si_code: 1 (SEGV_MAPERR), si_addr: 0xfffffffffffffff8

Registers:
RAX=0x0000000000000000, RBX=0x00007ff7b96a4e80, RCX=0x000060000067cfe8, RDX=0x0000007ffffeffff
RSP=0x000070000fed88f0, RBP=0x000070000fed88f0, RSI=0x0000000000010000, RDI=0x00007f93e5109b98
R8 =0x00000000000130a8, R9 =0x0000000000000000, R10=0x00000001079f0180, R11=0x00000001079b4e20
R12=0x00007ff8319a425c, R13=0x0000600003b3f840, R14=0x00007f93e3f08c02, R15=0x00007f93e5109800
RIP=0x000000010804d69c, EFLAGS=0x0000000000010246, ERR=0x0000000000000004
  TRAPNO=0x000000000000000e


Register to memory mapping:

RAX=0x0 is null
RBX=0x00007ff7b96a4e80 is pointing into the stack for thread: 0x00007f93e5109800
RCX=0x000060000067cfe8 points into unknown readable memory: 0x0000000000000000 | 00 00 00 00 00 00 00 00
RDX=0x0000007ffffeffff is an unknown value
RSP=0x000070000fed88f0 is pointing into the stack for thread: 0x00007f93e4114000
RBP=0x000070000fed88f0 is pointing into the stack for thread: 0x00007f93e4114000
RSI=0x0000000000010000 is an unknown value
RDI=0x00007f93e5109b98 points into unknown readable memory: 0x0000000000000000 | 00 00 00 00 00 00 00 00
R8 =0x00000000000130a8 is an unknown value
R9 =0x0 is null
R10=0x00000001079f0180: OBJC_CLASS_$_GlassRunnable+0 in /Users/mac/.openjfx/cache/13/libglass.dylib at 0x00000001079ac000
R11=0x00000001079b4e20: -[GlassRunnable dealloc]+0 in /Users/mac/.openjfx/cache/13/libglass.dylib at 0x00000001079ac000
R12=0x00007ff8319a425c: <offset 0x1a59925c> in /usr/lib/libobjc.A.dylib at 0x00007ff81740b000
R13=0x0000600003b3f840 points into unknown readable memory: 0x001d8001079f0181 | 81 01 9f 07 01 80 1d 00
R14=0x00007f93e3f08c02 points into unknown readable memory: 00 00 00 00 00 00
R15=0x00007f93e5109800 is a thread

Top of Stack: (sp=0x000070000fed88f0)
0x000070000fed88f0:   000070000fed8920 00000001081d676a
0x000070000fed8900:   00000001089bd100 0000600003b3f840
0x000070000fed8910:   0000600003b3f848 0000000000000000
0x000070000fed8920:   000070000fed8950 00000001079b4e55
0x000070000fed8930:   0000000000000000 0000600003b3f850
0x000070000fed8940:   0000600002c9aa00 00007ff817414e10
0x000070000fed8950:   000070000fed8990 00007ff8184c488e
0x000070000fed8960:   0000600003b3f840 0000600003b3f850
0x000070000fed8970:   00007ff8319a425c cd9a8abd102d00e5
0x000070000fed8980:   0000600003b3f850 00007ff817412200
0x000070000fed8990:   000070000fed89e0 00007ff818491416
0x000070000fed89a0:   0000600003b3f850 0000600003b3f840
0x000070000fed89b0:   000000000fed89e0 00000001684fb2a8
0x000070000fed89c0:   0000000000000000 00000001684fb2a8
0x000070000fed89d0:   000070000fed8a78 00007f93e4114000
0x000070000fed89e0:   000070000fed8a50 000000011e796980
0x000070000fed89f0:   000070000fed89f0 000000016816dd63
0x000070000fed8a00:   0000000000000005 000070000fed8a08
0x000070000fed8a10:   0000000000000000 0000000000000005
0x000070000fed8a20:   0000000168520180 0000000000000000
0x000070000fed8a30:   000000078648ba98 00000001684fb2a8
0x000070000fed8a40:   0000000000000000 000070000fed8a70
0x000070000fed8a50:   000070000fed8ac8 000000011e792362
0x000070000fed8a60:   0000000000000000 000000011e793f97
0x000070000fed8a70:   00000007867be028 000000078645e078
0x000070000fed8a80:   000070000fed8a80 00000001684fb34a
0x000070000fed8a90:   0000000000000003 0000000168520180
0x000070000fed8aa0:   0000000000000000 000000078648ba98
0x000070000fed8ab0:   00000001684fb358 000070000fed8a70
0x000070000fed8ac0:   000070000fed8ad8 000070000fed8b40
0x000070000fed8ad0:   000000011e7927ee 00000007867be028
0x000070000fed8ae0:   000000078645e078 0000000000000003 

Instructions: (pc=0x000000010804d69c)
0x000000010804d59c:   43 20 48 8b 40 f8 48 89 43 28 48 89 d7 e8 12 c6
0x000000010804d5ac:   ff ff 48 8b 43 20 48 8b 4b 30 4c 8b 73 28 49 89
0x000000010804d5bc:   07 49 89 47 30 49 89 4f 28 4d 89 77 08 49 c7 47
0x000000010804d5cc:   18 00 00 00 00 41 c6 47 24 00 4c 89 f7 e8 12 a3
0x000000010804d5dc:   ed ff 49 89 47 10 48 85 c0 74 59 31 ff 80 78 5d
0x000000010804d5ec:   00 48 0f 45 f8 74 4f 48 8b 97 80 00 00 00 4c 39
0x000000010804d5fc:   f2 74 2b 8a 4f 5e 48 83 c2 05 4c 39 f2 75 05 80
0x000000010804d60c:   f9 03 74 1a 48 8b 97 88 00 00 00 4c 39 f2 74 09
0x000000010804d61c:   80 f9 03 75 04 48 83 c2 05 4c 39 f2 75 18 4c 89
0x000000010804d62c:   fe e8 6e 07 f1 ff 48 8b 00 48 85 c0 74 1e 49 89
0x000000010804d63c:   47 08 eb 28 31 c0 48 8d 0d 7f 07 9b 00 48 3b 01
0x000000010804d64c:   74 1a 41 c7 47 20 00 00 00 00 eb 18 49 8b 47 10
0x000000010804d65c:   48 8d 0d 65 07 9b 00 48 3b 01 75 e6 41 c7 47 20
0x000000010804d66c:   01 00 00 00 4c 89 f8 48 83 c4 08 5b 41 5e 41 5f
0x000000010804d67c:   5d c3 66 90 55 48 89 e5 48 83 3f 00 74 0d 48 83
0x000000010804d68c:   3f 00 74 09 48 83 7f 08 00 74 02 5d c3 48 8b 07
0x000000010804d69c:   48 8b 40 f8 48 89 47 08 5d c3 66 2e 0f 1f 84 00
0x000000010804d6ac:   00 00 00 00 55 48 89 e5 48 63 47 70 48 03 46 30
0x000000010804d6bc:   5d c3 66 90 55 48 89 e5 48 89 fe 48 8b 7f 10 e8
0x000000010804d6cc:   50 40 ed ff 48 83 38 00 0f 94 c0 5d c3 0f 1f 80
0x000000010804d6dc:   00 00 00 00 55 48 89 e5 41 57 41 56 53 50 49 89
0x000000010804d6ec:   d6 49 89 ff 48 8b 7e 10 e8 27 40 ed ff 48 89 c3
0x000000010804d6fc:   48 83 38 00 74 18 48 83 3b 00 74 07 48 83 7b 08
0x000000010804d70c:   00 75 0b 48 8b 03 48 8b 40 f8 48 89 43 08 4c 89
0x000000010804d71c:   f7 e8 9e c4 ff ff 48 8b 03 48 8b 4b 10 4c 8b 73
0x000000010804d72c:   08 49 89 07 49 89 47 30 49 89 4f 28 4d 89 77 08
0x000000010804d73c:   49 c7 47 18 00 00 00 00 41 c6 47 24 00 4c 89 f7
0x000000010804d74c:   e8 9f a1 ed ff 49 89 47 10 48 85 c0 74 59 31 ff
0x000000010804d75c:   80 78 5d 00 48 0f 45 f8 74 4f 48 8b 97 80 00 00
0x000000010804d76c:   00 4c 39 f2 74 2b 8a 4f 5e 48 83 c2 05 4c 39 f2
0x000000010804d77c:   75 05 80 f9 03 74 1a 48 8b 97 88 00 00 00 4c 39
0x000000010804d78c:   f2 74 09 80 f9 03 75 04 48 83 c2 05 4c 39 f2 75 


Stack slot to memory mapping:

stack at sp + 0 slots: 0x000070000fed8920 is pointing into the stack for thread: 0x00007f93e4114000
stack at sp + 1 slots: 0x00000001081d676a: jni_DeleteGlobalRef+0xca in /Library/Java/JavaVirtualMachines/jdk-21.jdk/Contents/Home/lib/server/libjvm.dylib at 0x0000000107bc1000
stack at sp + 2 slots: 0x00000001089bd100: jni_NativeInterface+0 in /Library/Java/JavaVirtualMachines/jdk-21.jdk/Contents/Home/lib/server/libjvm.dylib at 0x0000000107bc1000
stack at sp + 3 slots: 0x0000600003b3f840 points into unknown readable memory: 0x001d8001079f0181 | 81 01 9f 07 01 80 1d 00
stack at sp + 4 slots: 0x0000600003b3f848 points into unknown readable memory: 0x00007f93e3f08c02 | 02 8c f0 e3 93 7f 00 00
stack at sp + 5 slots: 0x0 is null
stack at sp + 6 slots: 0x000070000fed8950 is pointing into the stack for thread: 0x00007f93e4114000
stack at sp + 7 slots: 0x00000001079b4e55: -[GlassRunnable dealloc]+0x35 in /Users/mac/.openjfx/cache/13/libglass.dylib at 0x00000001079ac000


---------------  P R O C E S S  ---------------

Threads class SMR info:
_java_thread_list=0x00006000039dd900, length=17, elements={
0x00007f93e501ac00, 0x00007f93e408c800, 0x00007f93e408d000, 0x00007f93e580fe00,
0x00007f93e5814400, 0x00007f93e5814c00, 0x00007f93e5815400, 0x00007f93e581c400,
0x00007f93e408d800, 0x00007f93e4012600, 0x00007f93e507c000, 0x00007f93e4114000,
0x00007f93e5109800, 0x00007f93e617e400, 0x00007f93e421c600, 0x00007f93e4227200,
0x00007f93e51f6a00
}

Java Threads: ( => current thread )
  0x00007f93e501ac00 JavaThread "main"                              [_thread_blocked, id=5635, stack(0x000070000ea9d000,0x000070000eb9d000) (1024K)]
  0x00007f93e408c800 JavaThread "Reference Handler"          daemon [_thread_blocked, id=43267, stack(0x000070000f3bb000,0x000070000f4bb000) (1024K)]
  0x00007f93e408d000 JavaThread "Finalizer"                  daemon [_thread_blocked, id=23043, stack(0x000070000f4be000,0x000070000f5be000) (1024K)]
  0x00007f93e580fe00 JavaThread "Signal Dispatcher"          daemon [_thread_blocked, id=43011, stack(0x000070000f5c1000,0x000070000f6c1000) (1024K)]
  0x00007f93e5814400 JavaThread "Service Thread"             daemon [_thread_blocked, id=23555, stack(0x000070000f6c4000,0x000070000f7c4000) (1024K)]
  0x00007f93e5814c00 JavaThread "Monitor Deflation Thread"   daemon [_thread_blocked, id=42499, stack(0x000070000f7c7000,0x000070000f8c7000) (1024K)]
  0x00007f93e5815400 JavaThread "C2 CompilerThread0"         daemon [_thread_in_native, id=24067, stack(0x000070000f8ca000,0x000070000f9ca000) (1024K)]
  0x00007f93e581c400 JavaThread "C1 CompilerThread0"         daemon [_thread_blocked, id=24579, stack(0x000070000f9cd000,0x000070000facd000) (1024K)]
  0x00007f93e408d800 JavaThread "Common-Cleaner"             daemon [_thread_blocked, id=24835, stack(0x000070000fad0000,0x000070000fbd0000) (1024K)]
  0x00007f93e4012600 JavaThread "Notification Thread"        daemon [_thread_blocked, id=25091, stack(0x000070000fbd3000,0x000070000fcd3000) (1024K)]
  0x00007f93e507c000 JavaThread "QuantumRenderer-0"          daemon [_thread_blocked, id=41475, stack(0x000070000fcd6000,0x000070000fdd6000) (1024K)]
=>0x00007f93e4114000 JavaThread "InvokeLaterDispatcher"      daemon [_thread_in_native, id=29195, stack(0x000070000fdd9000,0x000070000fed9000) (1024K)]
  0x00007f93e5109800 JavaThread "JavaFX Application Thread"         [_thread_in_native, id=259, stack(0x00007ff7b8eb3000,0x00007ff7b96b3000) (8192K)]
  0x00007f93e617e400 JavaThread "JavaFX-Launcher"                   [_thread_blocked, id=75011, stack(0x00007000103f1000,0x00007000104f1000) (1024K)]
  0x00007f93e421c600 JavaThread "PulseTimer-CVDisplayLink thread" daemon [_thread_in_native, id=46607, stack(0x00007000101e5000,0x0000700010265000) (512K)]
  0x00007f93e4227200 JavaThread "Prism Font Disposer"        daemon [_thread_blocked, id=55559, stack(0x00007000104f4000,0x00007000105f4000) (1024K)]
  0x00007f93e51f6a00 JavaThread "Cleaner-0"                  daemon [_thread_blocked, id=68359, stack(0x00007000105f7000,0x00007000106f7000) (1024K)]
Total: 17

Other Threads:
  0x00007f93e4909f10 VMThread "VM Thread"                           [id=17155, stack(0x000070000f1b2000,0x000070000f2b2000) (1024K)]
  0x00007f93e4a045c0 WatcherThread "VM Periodic Task Thread"        [id=18435, stack(0x000070000f0af000,0x000070000f1af000) (1024K)]
  0x00007f93e4908520 WorkerThread "GC Thread#0"                     [id=20227, stack(0x000070000eba0000,0x000070000eca0000) (1024K)]
  0x00007f93e3f33bd0 WorkerThread "GC Thread#1"                     [id=29955, stack(0x000070000fedc000,0x000070000ffdc000) (1024K)]
  0x00007f93e3f34140 WorkerThread "GC Thread#2"                     [id=37379, stack(0x000070000ffdf000,0x00007000100df000) (1024K)]
  0x00007f93e3f34aa0 WorkerThread "GC Thread#3"                     [id=30467, stack(0x00007000100e2000,0x00007000101e2000) (1024K)]
  0x00007f93e3f04a00 ConcurrentGCThread "G1 Main Marker"            [id=19715, stack(0x000070000eca3000,0x000070000eda3000) (1024K)]
  0x00007f93e3f05370 WorkerThread "G1 Conc#0"                       [id=13059, stack(0x000070000eda6000,0x000070000eea6000) (1024K)]
  0x00007f93e501ce00 ConcurrentGCThread "G1 Refine#0"               [id=13571, stack(0x000070000eea9000,0x000070000efa9000) (1024K)]
  0x00007f93e4804ad0 ConcurrentGCThread "G1 Service"                [id=13827, stack(0x000070000efac000,0x000070000f0ac000) (1024K)]
Total: 10

Threads with active compile tasks:
C2 CompilerThread0     4517 2072       4       jdk.internal.org.objectweb.asm.Frame::execute (2305 bytes)
C1 CompilerThread0     4517 2083       3       javafx.scene.input.MouseEvent::getEventType (5 bytes)
Total: 2

VM state: not at safepoint (normal execution)

VM Mutex/Monitor currently owned by a thread: None

Heap address: 0x0000000780000000, size: 2048 MB, Compressed Oops mode: Zero based, Oop shift amount: 3

CDS archive(s) mapped at: [0x0000000127000000-0x0000000127ca8000-0x0000000127ca8000), size 13271040, SharedBaseAddress: 0x0000000127000000, ArchiveRelocationMode: 1.
Compressed class space mapped at: 0x0000000128000000-0x0000000168000000, reserved size: 1073741824
Narrow klass base: 0x0000000127000000, Narrow klass shift: 0, Narrow klass range: 0x100000000

GC Precious Log:
 CardTable entry size: 512
 Card Set container configuration: InlinePtr #cards 5 size 8 Array Of Cards #cards 12 size 40 Howl #buckets 4 coarsen threshold 1843 Howl Bitmap #cards 512 size 80 coarsen threshold 460 Card regions per heap region 1 cards per card region 2048
 CPUs: 4 total, 4 available
 Memory: 8192M
 Large Page Support: Disabled
 NUMA Support: Disabled
 Compressed Oops: Enabled (Zero based)
 Heap Region Size: 1M
 Heap Min Capacity: 8M
 Heap Initial Capacity: 128M
 Heap Max Capacity: 2G
 Pre-touch: Disabled
 Parallel Workers: 4
 Concurrent Workers: 1
 Concurrent Refinement Workers: 4
 Periodic GC: Disabled

Heap:
 garbage-first heap   total 133120K, used 40801K [0x0000000780000000, 0x0000000800000000)
  region size 1024K, 36 young (36864K), 4 survivors (4096K)
 Metaspace       used 15670K, committed 16064K, reserved 1114112K
  class space    used 2374K, committed 2560K, reserved 1048576K

Heap Regions: E=young(eden), S=young(survivor), O=old, HS=humongous(starts), HC=humongous(continues), CS=collection set, F=free, TAMS=top-at-mark-start, PB=parsable bottom
|   0|0x0000000780000000, 0x0000000780100000, 0x0000000780100000|100%|HS|  |TAMS 0x0000000780000000| PB 0x0000000780000000| Complete 
|   1|0x0000000780100000, 0x0000000780200000, 0x0000000780200000|100%|HS|  |TAMS 0x0000000780100000| PB 0x0000000780100000| Complete 
|   2|0x0000000780200000, 0x00000007802d4c98, 0x0000000780300000| 83%| O|  |TAMS 0x0000000780200000| PB 0x0000000780200000| Untracked 
|   3|0x0000000780300000, 0x0000000780400000, 0x0000000780400000|100%|HS|  |TAMS 0x0000000780300000| PB 0x0000000780300000| Complete 
|   4|0x0000000780400000, 0x0000000780500000, 0x0000000780500000|100%|HC|  |TAMS 0x0000000780400000| PB 0x0000000780400000| Complete 
|   5|0x0000000780500000, 0x0000000780500000, 0x0000000780600000|  0%| F|  |TAMS 0x0000000780500000| PB 0x0000000780500000| Untracked 
|   6|0x0000000780600000, 0x0000000780600000, 0x0000000780700000|  0%| F|  |TAMS 0x0000000780600000| PB 0x0000000780600000| Untracked 
|   7|0x0000000780700000, 0x0000000780700000, 0x0000000780800000|  0%| F|  |TAMS 0x0000000780700000| PB 0x0000000780700000| Untracked 
|   8|0x0000000780800000, 0x0000000780800000, 0x0000000780900000|  0%| F|  |TAMS 0x0000000780800000| PB 0x0000000780800000| Untracked 
|   9|0x0000000780900000, 0x0000000780900000, 0x0000000780a00000|  0%| F|  |TAMS 0x0000000780900000| PB 0x0000000780900000| Untracked 
|  10|0x0000000780a00000, 0x0000000780a00000, 0x0000000780b00000|  0%| F|  |TAMS 0x0000000780a00000| PB 0x0000000780a00000| Untracked 
|  11|0x0000000780b00000, 0x0000000780b00000, 0x0000000780c00000|  0%| F|  |TAMS 0x0000000780b00000| PB 0x0000000780b00000| Untracked 
|  12|0x0000000780c00000, 0x0000000780c00000, 0x0000000780d00000|  0%| F|  |TAMS 0x0000000780c00000| PB 0x0000000780c00000| Untracked 
|  13|0x0000000780d00000, 0x0000000780d00000, 0x0000000780e00000|  0%| F|  |TAMS 0x0000000780d00000| PB 0x0000000780d00000| Untracked 
|  14|0x0000000780e00000, 0x0000000780e00000, 0x0000000780f00000|  0%| F|  |TAMS 0x0000000780e00000| PB 0x0000000780e00000| Untracked 
|  15|0x0000000780f00000, 0x0000000780f00000, 0x0000000781000000|  0%| F|  |TAMS 0x0000000780f00000| PB 0x0000000780f00000| Untracked 
|  16|0x0000000781000000, 0x0000000781000000, 0x0000000781100000|  0%| F|  |TAMS 0x0000000781000000| PB 0x0000000781000000| Untracked 
|  17|0x0000000781100000, 0x0000000781100000, 0x0000000781200000|  0%| F|  |TAMS 0x0000000781100000| PB 0x0000000781100000| Untracked 
|  18|0x0000000781200000, 0x0000000781200000, 0x0000000781300000|  0%| F|  |TAMS 0x0000000781200000| PB 0x0000000781200000| Untracked 
|  19|0x0000000781300000, 0x0000000781300000, 0x0000000781400000|  0%| F|  |TAMS 0x0000000781300000| PB 0x0000000781300000| Untracked 
|  20|0x0000000781400000, 0x0000000781400000, 0x0000000781500000|  0%| F|  |TAMS 0x0000000781400000| PB 0x0000000781400000| Untracked 
|  21|0x0000000781500000, 0x0000000781500000, 0x0000000781600000|  0%| F|  |TAMS 0x0000000781500000| PB 0x0000000781500000| Untracked 
|  22|0x0000000781600000, 0x0000000781600000, 0x0000000781700000|  0%| F|  |TAMS 0x0000000781600000| PB 0x0000000781600000| Untracked 
|  23|0x0000000781700000, 0x0000000781700000, 0x0000000781800000|  0%| F|  |TAMS 0x0000000781700000| PB 0x0000000781700000| Untracked 
|  24|0x0000000781800000, 0x0000000781800000, 0x0000000781900000|  0%| F|  |TAMS 0x0000000781800000| PB 0x0000000781800000| Untracked 
|  25|0x0000000781900000, 0x0000000781900000, 0x0000000781a00000|  0%| F|  |TAMS 0x0000000781900000| PB 0x0000000781900000| Untracked 
|  26|0x0000000781a00000, 0x0000000781a00000, 0x0000000781b00000|  0%| F|  |TAMS 0x0000000781a00000| PB 0x0000000781a00000| Untracked 
|  27|0x0000000781b00000, 0x0000000781b00000, 0x0000000781c00000|  0%| F|  |TAMS 0x0000000781b00000| PB 0x0000000781b00000| Untracked 
|  28|0x0000000781c00000, 0x0000000781c00000, 0x0000000781d00000|  0%| F|  |TAMS 0x0000000781c00000| PB 0x0000000781c00000| Untracked 
|  29|0x0000000781d00000, 0x0000000781d00000, 0x0000000781e00000|  0%| F|  |TAMS 0x0000000781d00000| PB 0x0000000781d00000| Untracked 
|  30|0x0000000781e00000, 0x0000000781e00000, 0x0000000781f00000|  0%| F|  |TAMS 0x0000000781e00000| PB 0x0000000781e00000| Untracked 
|  31|0x0000000781f00000, 0x0000000781f00000, 0x0000000782000000|  0%| F|  |TAMS 0x0000000781f00000| PB 0x0000000781f00000| Untracked 
|  32|0x0000000782000000, 0x0000000782000000, 0x0000000782100000|  0%| F|  |TAMS 0x0000000782000000| PB 0x0000000782000000| Untracked 
|  33|0x0000000782100000, 0x0000000782100000, 0x0000000782200000|  0%| F|  |TAMS 0x0000000782100000| PB 0x0000000782100000| Untracked 
|  34|0x0000000782200000, 0x0000000782200000, 0x0000000782300000|  0%| F|  |TAMS 0x0000000782200000| PB 0x0000000782200000| Untracked 
|  35|0x0000000782300000, 0x0000000782300000, 0x0000000782400000|  0%| F|  |TAMS 0x0000000782300000| PB 0x0000000782300000| Untracked 
|  36|0x0000000782400000, 0x0000000782400000, 0x0000000782500000|  0%| F|  |TAMS 0x0000000782400000| PB 0x0000000782400000| Untracked 
|  37|0x0000000782500000, 0x0000000782500000, 0x0000000782600000|  0%| F|  |TAMS 0x0000000782500000| PB 0x0000000782500000| Untracked 
|  38|0x0000000782600000, 0x0000000782600000, 0x0000000782700000|  0%| F|  |TAMS 0x0000000782600000| PB 0x0000000782600000| Untracked 
|  39|0x0000000782700000, 0x0000000782700000, 0x0000000782800000|  0%| F|  |TAMS 0x0000000782700000| PB 0x0000000782700000| Untracked 
|  40|0x0000000782800000, 0x0000000782800000, 0x0000000782900000|  0%| F|  |TAMS 0x0000000782800000| PB 0x0000000782800000| Untracked 
|  41|0x0000000782900000, 0x0000000782900000, 0x0000000782a00000|  0%| F|  |TAMS 0x0000000782900000| PB 0x0000000782900000| Untracked 
|  42|0x0000000782a00000, 0x0000000782a00000, 0x0000000782b00000|  0%| F|  |TAMS 0x0000000782a00000| PB 0x0000000782a00000| Untracked 
|  43|0x0000000782b00000, 0x0000000782b00000, 0x0000000782c00000|  0%| F|  |TAMS 0x0000000782b00000| PB 0x0000000782b00000| Untracked 
|  44|0x0000000782c00000, 0x0000000782c00000, 0x0000000782d00000|  0%| F|  |TAMS 0x0000000782c00000| PB 0x0000000782c00000| Untracked 
|  45|0x0000000782d00000, 0x0000000782d00000, 0x0000000782e00000|  0%| F|  |TAMS 0x0000000782d00000| PB 0x0000000782d00000| Untracked 
|  46|0x0000000782e00000, 0x0000000782e00000, 0x0000000782f00000|  0%| F|  |TAMS 0x0000000782e00000| PB 0x0000000782e00000| Untracked 
|  47|0x0000000782f00000, 0x0000000782f00000, 0x0000000783000000|  0%| F|  |TAMS 0x0000000782f00000| PB 0x0000000782f00000| Untracked 
|  48|0x0000000783000000, 0x0000000783000000, 0x0000000783100000|  0%| F|  |TAMS 0x0000000783000000| PB 0x0000000783000000| Untracked 
|  49|0x0000000783100000, 0x0000000783100000, 0x0000000783200000|  0%| F|  |TAMS 0x0000000783100000| PB 0x0000000783100000| Untracked 
|  50|0x0000000783200000, 0x0000000783200000, 0x0000000783300000|  0%| F|  |TAMS 0x0000000783200000| PB 0x0000000783200000| Untracked 
|  51|0x0000000783300000, 0x0000000783300000, 0x0000000783400000|  0%| F|  |TAMS 0x0000000783300000| PB 0x0000000783300000| Untracked 
|  52|0x0000000783400000, 0x0000000783400000, 0x0000000783500000|  0%| F|  |TAMS 0x0000000783400000| PB 0x0000000783400000| Untracked 
|  53|0x0000000783500000, 0x0000000783500000, 0x0000000783600000|  0%| F|  |TAMS 0x0000000783500000| PB 0x0000000783500000| Untracked 
|  54|0x0000000783600000, 0x0000000783600000, 0x0000000783700000|  0%| F|  |TAMS 0x0000000783600000| PB 0x0000000783600000| Untracked 
|  55|0x0000000783700000, 0x0000000783700000, 0x0000000783800000|  0%| F|  |TAMS 0x0000000783700000| PB 0x0000000783700000| Untracked 
|  56|0x0000000783800000, 0x0000000783800000, 0x0000000783900000|  0%| F|  |TAMS 0x0000000783800000| PB 0x0000000783800000| Untracked 
|  57|0x0000000783900000, 0x0000000783900000, 0x0000000783a00000|  0%| F|  |TAMS 0x0000000783900000| PB 0x0000000783900000| Untracked 
|  58|0x0000000783a00000, 0x0000000783a00000, 0x0000000783b00000|  0%| F|  |TAMS 0x0000000783a00000| PB 0x0000000783a00000| Untracked 
|  59|0x0000000783b00000, 0x0000000783b00000, 0x0000000783c00000|  0%| F|  |TAMS 0x0000000783b00000| PB 0x0000000783b00000| Untracked 
|  60|0x0000000783c00000, 0x0000000783c00000, 0x0000000783d00000|  0%| F|  |TAMS 0x0000000783c00000| PB 0x0000000783c00000| Untracked 
|  61|0x0000000783d00000, 0x0000000783d00000, 0x0000000783e00000|  0%| F|  |TAMS 0x0000000783d00000| PB 0x0000000783d00000| Untracked 
|  62|0x0000000783e00000, 0x0000000783e00000, 0x0000000783f00000|  0%| F|  |TAMS 0x0000000783e00000| PB 0x0000000783e00000| Untracked 
|  63|0x0000000783f00000, 0x0000000783f00000, 0x0000000784000000|  0%| F|  |TAMS 0x0000000783f00000| PB 0x0000000783f00000| Untracked 
|  64|0x0000000784000000, 0x0000000784000000, 0x0000000784100000|  0%| F|  |TAMS 0x0000000784000000| PB 0x0000000784000000| Untracked 
|  65|0x0000000784100000, 0x0000000784100000, 0x0000000784200000|  0%| F|  |TAMS 0x0000000784100000| PB 0x0000000784100000| Untracked 
|  66|0x0000000784200000, 0x0000000784200000, 0x0000000784300000|  0%| F|  |TAMS 0x0000000784200000| PB 0x0000000784200000| Untracked 
|  67|0x0000000784300000, 0x0000000784300000, 0x0000000784400000|  0%| F|  |TAMS 0x0000000784300000| PB 0x0000000784300000| Untracked 
|  68|0x0000000784400000, 0x0000000784400000, 0x0000000784500000|  0%| F|  |TAMS 0x0000000784400000| PB 0x0000000784400000| Untracked 
|  69|0x0000000784500000, 0x0000000784500000, 0x0000000784600000|  0%| F|  |TAMS 0x0000000784500000| PB 0x0000000784500000| Untracked 
|  70|0x0000000784600000, 0x0000000784600000, 0x0000000784700000|  0%| F|  |TAMS 0x0000000784600000| PB 0x0000000784600000| Untracked 
|  71|0x0000000784700000, 0x0000000784700000, 0x0000000784800000|  0%| F|  |TAMS 0x0000000784700000| PB 0x0000000784700000| Untracked 
|  72|0x0000000784800000, 0x0000000784800000, 0x0000000784900000|  0%| F|  |TAMS 0x0000000784800000| PB 0x0000000784800000| Untracked 
|  73|0x0000000784900000, 0x0000000784900000, 0x0000000784a00000|  0%| F|  |TAMS 0x0000000784900000| PB 0x0000000784900000| Untracked 
|  74|0x0000000784a00000, 0x0000000784a00000, 0x0000000784b00000|  0%| F|  |TAMS 0x0000000784a00000| PB 0x0000000784a00000| Untracked 
|  75|0x0000000784b00000, 0x0000000784b00000, 0x0000000784c00000|  0%| F|  |TAMS 0x0000000784b00000| PB 0x0000000784b00000| Untracked 
|  76|0x0000000784c00000, 0x0000000784c00000, 0x0000000784d00000|  0%| F|  |TAMS 0x0000000784c00000| PB 0x0000000784c00000| Untracked 
|  77|0x0000000784d00000, 0x0000000784d00000, 0x0000000784e00000|  0%| F|  |TAMS 0x0000000784d00000| PB 0x0000000784d00000| Untracked 
|  78|0x0000000784e00000, 0x0000000784e00000, 0x0000000784f00000|  0%| F|  |TAMS 0x0000000784e00000| PB 0x0000000784e00000| Untracked 
|  79|0x0000000784f00000, 0x0000000784f00000, 0x0000000785000000|  0%| F|  |TAMS 0x0000000784f00000| PB 0x0000000784f00000| Untracked 
|  80|0x0000000785000000, 0x0000000785000000, 0x0000000785100000|  0%| F|  |TAMS 0x0000000785000000| PB 0x0000000785000000| Untracked 
|  81|0x0000000785100000, 0x0000000785100000, 0x0000000785200000|  0%| F|  |TAMS 0x0000000785100000| PB 0x0000000785100000| Untracked 
|  82|0x0000000785200000, 0x0000000785200000, 0x0000000785300000|  0%| F|  |TAMS 0x0000000785200000| PB 0x0000000785200000| Untracked 
|  83|0x0000000785300000, 0x0000000785300000, 0x0000000785400000|  0%| F|  |TAMS 0x0000000785300000| PB 0x0000000785300000| Untracked 
|  84|0x0000000785400000, 0x0000000785400000, 0x0000000785500000|  0%| F|  |TAMS 0x0000000785400000| PB 0x0000000785400000| Untracked 
|  85|0x0000000785500000, 0x0000000785500000, 0x0000000785600000|  0%| F|  |TAMS 0x0000000785500000| PB 0x0000000785500000| Untracked 
|  86|0x0000000785600000, 0x0000000785600000, 0x0000000785700000|  0%| F|  |TAMS 0x0000000785600000| PB 0x0000000785600000| Untracked 
|  87|0x0000000785700000, 0x0000000785700000, 0x0000000785800000|  0%| F|  |TAMS 0x0000000785700000| PB 0x0000000785700000| Untracked 
|  88|0x0000000785800000, 0x0000000785800000, 0x0000000785900000|  0%| F|  |TAMS 0x0000000785800000| PB 0x0000000785800000| Untracked 
|  89|0x0000000785900000, 0x0000000785900000, 0x0000000785a00000|  0%| F|  |TAMS 0x0000000785900000| PB 0x0000000785900000| Untracked 
|  90|0x0000000785a00000, 0x0000000785a00000, 0x0000000785b00000|  0%| F|  |TAMS 0x0000000785a00000| PB 0x0000000785a00000| Untracked 
|  91|0x0000000785b00000, 0x0000000785b00000, 0x0000000785c00000|  0%| F|  |TAMS 0x0000000785b00000| PB 0x0000000785b00000| Untracked 
|  92|0x0000000785c00000, 0x0000000785cea4d0, 0x0000000785d00000| 91%| E|  |TAMS 0x0000000785c00000| PB 0x0000000785c00000| Complete 
|  93|0x0000000785d00000, 0x0000000785e00000, 0x0000000785e00000|100%| E|CS|TAMS 0x0000000785d00000| PB 0x0000000785d00000| Complete 
|  94|0x0000000785e00000, 0x0000000785f00000, 0x0000000785f00000|100%| E|CS|TAMS 0x0000000785e00000| PB 0x0000000785e00000| Complete 
|  95|0x0000000785f00000, 0x0000000786000000, 0x0000000786000000|100%| E|CS|TAMS 0x0000000785f00000| PB 0x0000000785f00000| Complete 
|  96|0x0000000786000000, 0x0000000786100000, 0x0000000786100000|100%| E|CS|TAMS 0x0000000786000000| PB 0x0000000786000000| Complete 
|  97|0x0000000786100000, 0x0000000786200000, 0x0000000786200000|100%| S|CS|TAMS 0x0000000786100000| PB 0x0000000786100000| Complete 
|  98|0x0000000786200000, 0x0000000786300000, 0x0000000786300000|100%| S|CS|TAMS 0x0000000786200000| PB 0x0000000786200000| Complete 
|  99|0x0000000786300000, 0x0000000786400000, 0x0000000786400000|100%| S|CS|TAMS 0x0000000786300000| PB 0x0000000786300000| Complete 
| 100|0x0000000786400000, 0x0000000786500000, 0x0000000786500000|100%| S|CS|TAMS 0x0000000786400000| PB 0x0000000786400000| Complete 
| 101|0x0000000786500000, 0x0000000786600000, 0x0000000786600000|100%| E|CS|TAMS 0x0000000786500000| PB 0x0000000786500000| Complete 
| 102|0x0000000786600000, 0x0000000786700000, 0x0000000786700000|100%| E|CS|TAMS 0x0000000786600000| PB 0x0000000786600000| Complete 
| 103|0x0000000786700000, 0x0000000786800000, 0x0000000786800000|100%| E|CS|TAMS 0x0000000786700000| PB 0x0000000786700000| Complete 
| 104|0x0000000786800000, 0x0000000786900000, 0x0000000786900000|100%| E|  |TAMS 0x0000000786800000| PB 0x0000000786800000| Complete 
| 105|0x0000000786900000, 0x0000000786a00000, 0x0000000786a00000|100%| E|CS|TAMS 0x0000000786900000| PB 0x0000000786900000| Complete 
| 106|0x0000000786a00000, 0x0000000786b00000, 0x0000000786b00000|100%| E|CS|TAMS 0x0000000786a00000| PB 0x0000000786a00000| Complete 
| 107|0x0000000786b00000, 0x0000000786c00000, 0x0000000786c00000|100%| E|CS|TAMS 0x0000000786b00000| PB 0x0000000786b00000| Complete 
| 108|0x0000000786c00000, 0x0000000786d00000, 0x0000000786d00000|100%| E|CS|TAMS 0x0000000786c00000| PB 0x0000000786c00000| Complete 
| 109|0x0000000786d00000, 0x0000000786e00000, 0x0000000786e00000|100%| E|CS|TAMS 0x0000000786d00000| PB 0x0000000786d00000| Complete 
| 110|0x0000000786e00000, 0x0000000786f00000, 0x0000000786f00000|100%| E|CS|TAMS 0x0000000786e00000| PB 0x0000000786e00000| Complete 
| 111|0x0000000786f00000, 0x0000000787000000, 0x0000000787000000|100%| E|CS|TAMS 0x0000000786f00000| PB 0x0000000786f00000| Complete 
| 112|0x0000000787000000, 0x0000000787100000, 0x0000000787100000|100%| E|CS|TAMS 0x0000000787000000| PB 0x0000000787000000| Complete 
| 113|0x0000000787100000, 0x0000000787200000, 0x0000000787200000|100%| E|CS|TAMS 0x0000000787100000| PB 0x0000000787100000| Complete 
| 114|0x0000000787200000, 0x0000000787300000, 0x0000000787300000|100%| E|CS|TAMS 0x0000000787200000| PB 0x0000000787200000| Complete 
| 115|0x0000000787300000, 0x0000000787400000, 0x0000000787400000|100%| E|CS|TAMS 0x0000000787300000| PB 0x0000000787300000| Complete 
| 116|0x0000000787400000, 0x0000000787500000, 0x0000000787500000|100%| E|CS|TAMS 0x0000000787400000| PB 0x0000000787400000| Complete 
| 117|0x0000000787500000, 0x0000000787600000, 0x0000000787600000|100%| E|CS|TAMS 0x0000000787500000| PB 0x0000000787500000| Complete 
| 118|0x0000000787600000, 0x0000000787700000, 0x0000000787700000|100%| E|CS|TAMS 0x0000000787600000| PB 0x0000000787600000| Complete 
| 119|0x0000000787700000, 0x0000000787800000, 0x0000000787800000|100%| E|CS|TAMS 0x0000000787700000| PB 0x0000000787700000| Complete 
| 120|0x0000000787800000, 0x0000000787900000, 0x0000000787900000|100%| E|CS|TAMS 0x0000000787800000| PB 0x0000000787800000| Complete 
| 121|0x0000000787900000, 0x0000000787a00000, 0x0000000787a00000|100%| E|CS|TAMS 0x0000000787900000| PB 0x0000000787900000| Complete 
| 122|0x0000000787a00000, 0x0000000787b00000, 0x0000000787b00000|100%| E|CS|TAMS 0x0000000787a00000| PB 0x0000000787a00000| Complete 
| 123|0x0000000787b00000, 0x0000000787c00000, 0x0000000787c00000|100%| E|CS|TAMS 0x0000000787b00000| PB 0x0000000787b00000| Complete 
| 124|0x0000000787c00000, 0x0000000787d00000, 0x0000000787d00000|100%| E|CS|TAMS 0x0000000787c00000| PB 0x0000000787c00000| Complete 
| 125|0x0000000787d00000, 0x0000000787e00000, 0x0000000787e00000|100%| E|CS|TAMS 0x0000000787d00000| PB 0x0000000787d00000| Complete 
| 126|0x0000000787e00000, 0x0000000787f00000, 0x0000000787f00000|100%| E|CS|TAMS 0x0000000787e00000| PB 0x0000000787e00000| Complete 
| 127|0x0000000787f00000, 0x0000000788000000, 0x0000000788000000|100%| E|CS|TAMS 0x0000000787f00000| PB 0x0000000787f00000| Complete 
|2046|0x00000007ffe00000, 0x00000007fff00000, 0x00000007fff00000|100%| O|  |TAMS 0x00000007ffe00000| PB 0x00000007ffe00000| Untracked 
|2047|0x00000007fff00000, 0x00000007fff03890, 0x0000000800000000|  1%| O|  |TAMS 0x00000007fff00000| PB 0x00000007fff00000| Untracked 

Card table byte_map: [0x0000000107021000,0x0000000107421000] _byte_map_base: 0x0000000103421000

Marking Bits: (CMBitMap*) 0x00007f93e4008c10
 Bits: [0x0000000108e4d000, 0x000000010ae4d000)

Polling page: 0x0000000106974000

Metaspace:

Usage:
  Non-class:     12.99 MB used.
      Class:      2.32 MB used.
       Both:     15.30 MB used.

Virtual space:
  Non-class space:       64.00 MB reserved,      13.19 MB ( 21%) committed,  1 nodes.
      Class space:        1.00 GB reserved,       2.50 MB ( <1%) committed,  1 nodes.
             Both:        1.06 GB reserved,      15.69 MB (  1%) committed. 

Chunk freelists:
   Non-Class:  2.87 MB
       Class:  13.48 MB
        Both:  16.35 MB

MaxMetaspaceSize: unlimited
CompressedClassSpaceSize: 1.00 GB
Initial GC threshold: 21.00 MB
Current GC threshold: 21.00 MB
CDS: on
 - commit_granule_bytes: 65536.
 - commit_granule_words: 8192.
 - virtual_space_node_default_size: 8388608.
 - enlarge_chunks_in_place: 1.
 - use_allocation_guard: 0.


Internal statistics:

num_allocs_failed_limit: 0.
num_arena_births: 362.
num_arena_deaths: 0.
num_vsnodes_births: 2.
num_vsnodes_deaths: 0.
num_space_committed: 251.
num_space_uncommitted: 0.
num_chunks_returned_to_freelist: 0.
num_chunks_taken_from_freelist: 851.
num_chunk_merges: 0.
num_chunk_splits: 596.
num_chunks_enlarged: 441.
num_inconsistent_stats: 0.

CodeHeap 'non-profiled nmethods': size=120032Kb used=736Kb max_used=736Kb free=119295Kb
 bounds [0x000000011ed1b000, 0x000000011ef8b000, 0x0000000126253000]
CodeHeap 'profiled nmethods': size=120028Kb used=3528Kb max_used=3528Kb free=116499Kb
 bounds [0x0000000117253000, 0x00000001175d3000, 0x000000011e78a000]
CodeHeap 'non-nmethods': size=5700Kb used=1789Kb max_used=1789Kb free=3910Kb
 bounds [0x000000011e78a000, 0x000000011e9fa000, 0x000000011ed1b000]
 total_blobs=2904 nmethods=2086 adapters=721
 compilation: enabled
              stopped_count=0, restarted_count=0
 full_count=0

Compilation events (20 events):
Event: 4.449 Thread 0x00007f93e581c400 nmethod 2057 0x00000001175b9410 code [0x00000001175b9e40, 0x00000001175c02f0]
Event: 4.450 Thread 0x00007f93e581c400 2058       3       java.lang.ThreadLocal::getMap (5 bytes)
Event: 4.451 Thread 0x00007f93e581c400 nmethod 2058 0x00000001175c1f10 code [0x00000001175c20a0, 0x00000001175c21b0]
Event: 4.451 Thread 0x00007f93e581c400 2059       1       javafx.event.EventType::getSuperType (5 bytes)
Event: 4.451 Thread 0x00007f93e581c400 nmethod 2059 0x000000011edcfc10 code [0x000000011edcfda0, 0x000000011edcfe68]
Event: 4.451 Thread 0x00007f93e581c400 2060       1       javafx.event.Event::isConsumed (5 bytes)
Event: 4.452 Thread 0x00007f93e581c400 nmethod 2060 0x000000011edcff10 code [0x000000011edd00a0, 0x000000011edd0168]
Event: 4.457 Thread 0x00007f93e581c400 2066       3       java.security.AccessController::doPrivileged (17 bytes)
Event: 4.457 Thread 0x00007f93e581c400 nmethod 2066 0x00000001175c2290 code [0x00000001175c2480, 0x00000001175c2850]
Event: 4.459 Thread 0x00007f93e5815400 2072       4       jdk.internal.org.objectweb.asm.Frame::execute (2305 bytes)
Event: 4.462 Thread 0x00007f93e581c400 2073       3       java.lang.ThreadLocal::get (35 bytes)
Event: 4.463 Thread 0x00007f93e581c400 nmethod 2073 0x00000001175c2a10 code [0x00000001175c2be0, 0x00000001175c2ef8]
Event: 4.463 Thread 0x00007f93e581c400 2074       1       javafx.event.Event::getEventType (5 bytes)
Event: 4.463 Thread 0x00007f93e581c400 nmethod 2074 0x000000011edd1e10 code [0x000000011edd1fa0, 0x000000011edd2068]
Event: 4.474 Thread 0x00007f93e581c400 2076       3       java.lang.ThreadLocal::get (8 bytes)
Event: 4.474 Thread 0x00007f93e581c400 nmethod 2076 0x00000001175c3090 code [0x00000001175c3240, 0x00000001175c3398]
Event: 4.485 Thread 0x00007f93e581c400 2077       3       com.sun.glass.ui.Application::checkEventThread (35 bytes)
Event: 4.485 Thread 0x00007f93e581c400 nmethod 2077 0x00000001175c3410 code [0x00000001175c35e0, 0x00000001175c38b8]
Event: 4.489 Thread 0x00007f93e581c400 2078       3       java.util.concurrent.locks.AbstractQueuedSynchronizer$ConditionNode::isReleasable (23 bytes)
Event: 4.490 Thread 0x00007f93e581c400 nmethod 2078 0x00000001175c3a10 code [0x00000001175c3ba0, 0x00000001175c3df0]

GC Heap History (4 events):
Event: 0.843 GC heap before
{Heap before GC invocations=0 (full 0):
 garbage-first heap   total 133120K, used 14350K [0x0000000780000000, 0x0000000800000000)
  region size 1024K, 13 young (13312K), 0 survivors (0K)
 Metaspace       used 2939K, committed 3200K, reserved 1114112K
  class space    used 324K, committed 448K, reserved 1048576K
}
Event: 0.849 GC heap after
{Heap after GC invocations=1 (full 0):
 garbage-first heap   total 133120K, used 2446K [0x0000000780000000, 0x0000000800000000)
  region size 1024K, 2 young (2048K), 2 survivors (2048K)
 Metaspace       used 2939K, committed 3200K, reserved 1114112K
  class space    used 324K, committed 448K, reserved 1048576K
}
Event: 1.797 GC heap before
{Heap before GC invocations=1 (full 0):
 garbage-first heap   total 133120K, used 29070K [0x0000000780000000, 0x0000000800000000)
  region size 1024K, 27 young (27648K), 2 survivors (2048K)
 Metaspace       used 9463K, committed 9728K, reserved 1114112K
  class space    used 1291K, committed 1408K, reserved 1048576K
}
Event: 1.808 GC heap after
{Heap after GC invocations=2 (full 0):
 garbage-first heap   total 133120K, used 8033K [0x0000000780000000, 0x0000000800000000)
  region size 1024K, 4 young (4096K), 4 survivors (4096K)
 Metaspace       used 9463K, committed 9728K, reserved 1114112K
  class space    used 1291K, committed 1408K, reserved 1048576K
}

Dll operation events (11 events):
Event: 0.009 Loaded shared library /Library/Java/JavaVirtualMachines/jdk-21.jdk/Contents/Home/lib/libjava.dylib
Event: 0.118 Loaded shared library /Library/Java/JavaVirtualMachines/jdk-21.jdk/Contents/Home/lib/libnio.dylib
Event: 0.145 Loaded shared library /Library/Java/JavaVirtualMachines/jdk-21.jdk/Contents/Home/lib/libnet.dylib
Event: 0.195 Loaded shared library /Library/Java/JavaVirtualMachines/jdk-21.jdk/Contents/Home/lib/libzip.dylib
Event: 0.641 Loading shared library /Users/mac/.m2/repository/org/openjfx/javafx-graphics/13/libprism_es2.dylib failed, dlopen(/Users/mac/.m2/repository/org/openjfx/javafx-graphics/13/libprism_es2.dylib, 0x0001): tried: '/Users/mac/.m2/repository/org/openjfx/javafx-gr
Event: 0.703 Loaded shared library /Users/mac/.openjfx/cache/13/libprism_es2.dylib
Event: 0.824 Loading shared library /Users/mac/.m2/repository/org/openjfx/javafx-graphics/13/libglass.dylib failed, dlopen(/Users/mac/.m2/repository/org/openjfx/javafx-graphics/13/libglass.dylib, 0x0001): tried: '/Users/mac/.m2/repository/org/openjfx/javafx-graphics/1
Event: 0.839 Loaded shared library /Users/mac/.openjfx/cache/13/libglass.dylib
Event: 1.199 Loaded shared library /Library/Java/JavaVirtualMachines/jdk-21.jdk/Contents/Home/lib/libjimage.dylib
Event: 1.711 Loading shared library /Users/mac/.m2/repository/org/openjfx/javafx-graphics/13/libjavafx_font.dylib failed, dlopen(/Users/mac/.m2/repository/org/openjfx/javafx-graphics/13/libjavafx_font.dylib, 0x0001): tried: '/Users/mac/.m2/repository/org/openjfx/javaf
Event: 1.715 Loaded shared library /Users/mac/.openjfx/cache/13/libjavafx_font.dylib

Deoptimization events (20 events):
Event: 2.461 Thread 0x00007f93e5109800 Uncommon trap: trap_request=0xffffffde fr.pc=0x000000011ed352d0 relative=0x00000000000001b0
Event: 2.461 Thread 0x00007f93e5109800 Uncommon trap: reason=class_check action=maybe_recompile pc=0x000000011ed352d0 method=java.lang.String.equals(Ljava/lang/Object;)Z @ 8 c2
Event: 2.461 Thread 0x00007f93e5109800 DEOPT PACKING pc=0x000000011ed352d0 sp=0x00007ff7b96ad770
Event: 2.461 Thread 0x00007f93e5109800 DEOPT UNPACKING pc=0x000000011e7ddf99 sp=0x00007ff7b96ad728 mode 2
Event: 2.461 Thread 0x00007f93e5109800 Uncommon trap: trap_request=0xffffffde fr.pc=0x000000011ed352d0 relative=0x00000000000001b0
Event: 2.461 Thread 0x00007f93e5109800 Uncommon trap: reason=class_check action=maybe_recompile pc=0x000000011ed352d0 method=java.lang.String.equals(Ljava/lang/Object;)Z @ 8 c2
Event: 2.461 Thread 0x00007f93e5109800 DEOPT PACKING pc=0x000000011ed352d0 sp=0x00007ff7b96ad680
Event: 2.461 Thread 0x00007f93e5109800 DEOPT UNPACKING pc=0x000000011e7ddf99 sp=0x00007ff7b96ad638 mode 2
Event: 2.461 Thread 0x00007f93e5109800 Uncommon trap: trap_request=0xffffffde fr.pc=0x000000011ed352d0 relative=0x00000000000001b0
Event: 2.461 Thread 0x00007f93e5109800 Uncommon trap: reason=class_check action=maybe_recompile pc=0x000000011ed352d0 method=java.lang.String.equals(Ljava/lang/Object;)Z @ 8 c2
Event: 2.461 Thread 0x00007f93e5109800 DEOPT PACKING pc=0x000000011ed352d0 sp=0x00007ff7b96ad680
Event: 2.461 Thread 0x00007f93e5109800 DEOPT UNPACKING pc=0x000000011e7ddf99 sp=0x00007ff7b96ad638 mode 2
Event: 2.463 Thread 0x00007f93e5109800 Uncommon trap: trap_request=0xffffffde fr.pc=0x000000011ed352d0 relative=0x00000000000001b0
Event: 2.463 Thread 0x00007f93e5109800 Uncommon trap: reason=class_check action=maybe_recompile pc=0x000000011ed352d0 method=java.lang.String.equals(Ljava/lang/Object;)Z @ 8 c2
Event: 2.463 Thread 0x00007f93e5109800 DEOPT PACKING pc=0x000000011ed352d0 sp=0x00007ff7b96ad5c0
Event: 2.463 Thread 0x00007f93e5109800 DEOPT UNPACKING pc=0x000000011e7ddf99 sp=0x00007ff7b96ad578 mode 2
Event: 2.758 Thread 0x00007f93e5109800 Uncommon trap: trap_request=0xffffff45 fr.pc=0x000000011ed81218 relative=0x00000000000001f8
Event: 2.758 Thread 0x00007f93e5109800 Uncommon trap: reason=unstable_if action=reinterpret pc=0x000000011ed81218 method=java.io.ByteArrayInputStream.read()I @ 8 c2
Event: 2.758 Thread 0x00007f93e5109800 DEOPT PACKING pc=0x000000011ed81218 sp=0x00007ff7b96aa690
Event: 2.758 Thread 0x00007f93e5109800 DEOPT UNPACKING pc=0x000000011e7ddf99 sp=0x00007ff7b96aa638 mode 2

Classes loaded (20 events):
Event: 2.960 Loading class java/nio/DirectShortBufferU
Event: 2.960 Loading class java/nio/ShortBuffer
Event: 2.961 Loading class java/nio/ShortBuffer done
Event: 2.961 Loading class java/nio/DirectShortBufferU done
Event: 3.003 Loading class jdk/internal/ref/CleanerImpl$InnocuousThreadFactory
Event: 3.003 Loading class jdk/internal/ref/CleanerImpl$InnocuousThreadFactory done
Event: 3.024 Loading class sun/misc/Unsafe
Event: 3.024 Loading class sun/misc/Unsafe done
Event: 3.080 Loading class java/nio/DoubleBuffer
Event: 3.080 Loading class java/nio/DoubleBuffer done
Event: 3.080 Loading class java/nio/DirectFloatBufferU
Event: 3.081 Loading class java/nio/DirectFloatBufferU done
Event: 3.091 Loading class java/lang/FdLibm$Atan2
Event: 3.091 Loading class java/lang/FdLibm$Atan2 done
Event: 4.432 Loading class java/util/EnumMap$Values
Event: 4.432 Loading class java/util/EnumMap$Values done
Event: 4.432 Loading class java/util/EnumMap$ValueIterator
Event: 4.432 Loading class java/util/EnumMap$EnumMapIterator
Event: 4.432 Loading class java/util/EnumMap$EnumMapIterator done
Event: 4.432 Loading class java/util/EnumMap$ValueIterator done

Classes unloaded (0 events):
No events

Classes redefined (0 events):
No events

Internal exceptions (20 events):
Event: 2.222 Thread 0x00007f93e5109800 Exception <a 'java/lang/NoSuchMethodError'{0x0000000787ccc650}: 'void java.lang.invoke.DirectMethodHandle$Holder.invokeSpecial(java.lang.Object, java.lang.Object, int)'> (0x0000000787ccc650) 
thrown [open/src/hotspot/share/interpreter/linkResolver.cpp, line 773]
Event: 2.223 Thread 0x00007f93e5109800 Exception <a 'java/lang/NoSuchMethodError'{0x0000000787cd0888}: 'int java.lang.invoke.DirectMethodHandle$Holder.invokeSpecial(java.lang.Object, java.lang.Object, java.lang.Object, int)'> (0x0000000787cd0888) 
thrown [open/src/hotspot/share/interpreter/linkResolver.cpp, line 773]
Event: 2.224 Thread 0x00007f93e5109800 Exception <a 'java/lang/NoSuchMethodError'{0x0000000787cda950}: 'void java.lang.invoke.DelegatingMethodHandle$Holder.reinvoke_L(java.lang.Object, java.lang.Object, int)'> (0x0000000787cda950) 
thrown [open/src/hotspot/share/interpreter/linkResolver.cpp, line 773]
Event: 2.225 Thread 0x00007f93e5109800 Exception <a 'java/lang/NoSuchMethodError'{0x0000000787cde3f8}: 'int java.lang.invoke.DirectMethodHandle$Holder.invokeSpecial(java.lang.Object, java.lang.Object, java.lang.Object)'> (0x0000000787cde3f8) 
thrown [open/src/hotspot/share/interpreter/linkResolver.cpp, line 773]
Event: 2.246 Thread 0x00007f93e5109800 Exception <a 'java/lang/NoSuchMethodError'{0x0000000787b79ea8}: 'void java.lang.invoke.DirectMethodHandle$Holder.invokeSpecial(java.lang.Object, java.lang.Object, java.lang.Object, java.lang.Object, java.lang.Object, java.lang.Object)'> (0x0000000787b79ea8) 
thrown [open/src/hotspot/share/interpreter/linkResolver.cpp, line 773]
Event: 2.285 Thread 0x00007f93e5109800 Implicit null exception at 0x000000011ed87f5d to 0x000000011ed8820c
Event: 2.328 Thread 0x00007f93e5109800 Implicit null exception at 0x000000011ed804dd to 0x000000011ed80778
Event: 2.515 Thread 0x00007f93e5109800 Exception <a 'java/lang/ClassNotFoundException'{0x0000000787248908}: com/sun/javafx/scene/control/skin/resources/controls> (0x0000000787248908) 
thrown [open/src/hotspot/share/prims/jni.cpp, line 539]
Event: 2.517 Thread 0x00007f93e5109800 Exception <a 'java/lang/ClassNotFoundException'{0x00000007872561d8}: com/sun/javafx/scene/control/skin/resources/controls_en> (0x00000007872561d8) 
thrown [open/src/hotspot/share/prims/jni.cpp, line 539]
Event: 2.517 Thread 0x00007f93e5109800 Exception <a 'java/lang/ClassNotFoundException'{0x0000000787257550}: com/sun/javafx/scene/control/skin/resources/controls_en_GB> (0x0000000787257550) 
thrown [open/src/hotspot/share/prims/jni.cpp, line 539]
Event: 2.643 Thread 0x00007f93e5109800 Exception <a 'java/lang/IncompatibleClassChangeError'{0x0000000786c8cc20}: Found class java.lang.Object, but interface was expected> (0x0000000786c8cc20) 
thrown [open/src/hotspot/share/interpreter/linkResolver.cpp, line 840]
Event: 2.762 Thread 0x00007f93e5109800 Exception <a 'java/lang/NoSuchMethodError'{0x00000007869796d0}: 'int java.lang.invoke.DirectMethodHandle$Holder.invokeSpecial(java.lang.Object, java.lang.Object, int)'> (0x00000007869796d0) 
thrown [open/src/hotspot/share/interpreter/linkResolver.cpp, line 773]
Event: 2.826 Thread 0x00007f93e5109800 Exception <a 'java/lang/NoSuchMethodError'{0x000000078674dd20}: 'java.lang.Object java.lang.invoke.DirectMethodHandle$Holder.newInvokeSpecial(java.lang.Object, java.lang.Object, int)'> (0x000000078674dd20) 
thrown [open/src/hotspot/share/interpreter/linkResolver.cpp, line 773]
Event: 2.920 Thread 0x00007f93e507c000 Exception <a 'java/lang/NoSuchMethodError'{0x00000007866f96b8}: 'int java.lang.invoke.DirectMethodHandle$Holder.invokeStaticInit(java.lang.Object, java.lang.Object)'> (0x00000007866f96b8) 
thrown [open/src/hotspot/share/interpreter/linkResolver.cpp, line 773]
Event: 2.924 Thread 0x00007f93e5109800 Exception <a 'java/lang/NoSuchMethodError'{0x000000078664a1a0}: 'long java.lang.invoke.DirectMethodHandle$Holder.invokeStatic(java.lang.Object, java.lang.Object, java.lang.Object)'> (0x000000078664a1a0) 
thrown [open/src/hotspot/share/interpreter/linkResolver.cpp, line 773]
Event: 2.924 Thread 0x00007f93e5109800 Exception <a 'java/lang/NoSuchMethodError'{0x000000078664d570}: 'long java.lang.invoke.DirectMethodHandle$Holder.invokeStaticInit(java.lang.Object, java.lang.Object, java.lang.Object)'> (0x000000078664d570) 
thrown [open/src/hotspot/share/interpreter/linkResolver.cpp, line 773]
Event: 2.926 Thread 0x00007f93e5109800 Exception <a 'java/lang/NoSuchMethodError'{0x0000000786661c60}: 'java.lang.Object java.lang.invoke.DirectMethodHandle$Holder.newInvokeSpecial(java.lang.Object, java.lang.Object, long)'> (0x0000000786661c60) 
thrown [open/src/hotspot/share/interpreter/linkResolver.cpp, line 773]
Event: 2.926 Thread 0x00007f93e5109800 Exception <a 'java/lang/NoSuchMethodError'{0x00000007866652a8}: 'java.lang.Object java.lang.invoke.Invokers$Holder.linkToTargetMethod(java.lang.Object, long, java.lang.Object)'> (0x00000007866652a8) 
thrown [open/src/hotspot/share/interpreter/linkResolver.cpp, line 773]
Event: 4.453 Thread 0x00007f93e5109800 Exception <a 'java/lang/NoSuchMethodError'{0x0000000785c4a530}: 'java.lang.Object java.lang.invoke.DirectMethodHandle$Holder.newInvokeSpecial(java.lang.Object, java.lang.Object, long, int, int, int)'> (0x0000000785c4a530) 
thrown [open/src/hotspot/share/interpreter/linkResolver.cpp, line 773]
Event: 4.458 Thread 0x00007f93e5109800 Exception <a 'java/lang/NoSuchMethodError'{0x0000000785c5ec30}: 'java.lang.Object java.lang.invoke.DirectMethodHandle$Holder.newInvokeSpecial(java.lang.Object, java.lang.Object, int, java.lang.Object, long, int, int, int, int)'> (0x0000000785c5ec30) 
thrown [open/src/hotspot/share/interpreter/linkResolver.cpp, line 773]

ZGC Phase Switch (0 events):
No events

VM Operations (20 events):
Event: 0.298 Executing VM operation: HandshakeAllThreads (Deoptimize)
Event: 0.298 Executing VM operation: HandshakeAllThreads (Deoptimize) done
Event: 0.298 Executing VM operation: HandshakeAllThreads (Deoptimize)
Event: 0.299 Executing VM operation: HandshakeAllThreads (Deoptimize) done
Event: 0.393 Executing VM operation: HandshakeAllThreads (Deoptimize)
Event: 0.393 Executing VM operation: HandshakeAllThreads (Deoptimize) done
Event: 0.843 Executing VM operation: G1CollectForAllocation (G1 Evacuation Pause)
Event: 0.849 Executing VM operation: G1CollectForAllocation (G1 Evacuation Pause) done
Event: 1.407 Executing VM operation: HandshakeAllThreads (Deoptimize)
Event: 1.407 Executing VM operation: HandshakeAllThreads (Deoptimize) done
Event: 1.724 Executing VM operation: HandshakeAllThreads (Deoptimize)
Event: 1.724 Executing VM operation: HandshakeAllThreads (Deoptimize) done
Event: 1.797 Executing VM operation: G1CollectForAllocation (G1 Evacuation Pause)
Event: 1.808 Executing VM operation: G1CollectForAllocation (G1 Evacuation Pause) done
Event: 2.769 Executing VM operation: ICBufferFull
Event: 2.769 Executing VM operation: ICBufferFull done
Event: 2.821 Executing VM operation: HandshakeAllThreads (Deoptimize)
Event: 2.821 Executing VM operation: HandshakeAllThreads (Deoptimize) done
Event: 3.823 Executing VM operation: Cleanup
Event: 3.823 Executing VM operation: Cleanup done

Events (20 events):
Event: 0.322 Thread 0x00007f93e4012600 Thread added: 0x00007f93e4012600
Event: 0.322 Protecting memory [0x000070000fbd3000,0x000070000fbd7000] with protection modes 0
Event: 0.594 Thread 0x00007f93e507c000 Thread added: 0x00007f93e507c000
Event: 0.594 Protecting memory [0x000070000fcd6000,0x000070000fcda000] with protection modes 0
Event: 0.841 Thread 0x00007f93e4114000 Thread added: 0x00007f93e4114000
Event: 0.841 Protecting memory [0x000070000fdd9000,0x000070000fddd000] with protection modes 0
Event: 0.843 Protecting memory [0x00007ff7b8eb3000,0x00007ff7b8eb7000] with protection modes 0
Event: 0.843 Thread 0x00007f93e5109800 Thread added: 0x00007f93e5109800
Event: 1.053 Protecting memory [0x00007000101e5000,0x00007000101e9000] with protection modes 0
Event: 1.053 Thread 0x00007f93e5859400 Thread added: 0x00007f93e5859400
Event: 1.107 Thread 0x00007f93e617e400 Thread added: 0x00007f93e617e400
Event: 1.107 Protecting memory [0x00007000103f1000,0x00007000103f5000] with protection modes 0
Event: 1.304 Protecting memory [0x00007000101e5000,0x00007000101e9000] with protection modes 3
Event: 1.304 Thread 0x00007f93e5859400 Thread exited: 0x00007f93e5859400
Event: 2.355 Protecting memory [0x00007000101e5000,0x00007000101e9000] with protection modes 0
Event: 2.355 Thread 0x00007f93e421c600 Thread added: 0x00007f93e421c600
Event: 2.598 Thread 0x00007f93e4227200 Thread added: 0x00007f93e4227200
Event: 2.598 Protecting memory [0x00007000104f4000,0x00007000104f8000] with protection modes 0
Event: 3.003 Thread 0x00007f93e51f6a00 Thread added: 0x00007f93e51f6a00
Event: 3.003 Protecting memory [0x00007000105f7000,0x00007000105fb000] with protection modes 0


Dynamic libraries:
0x0000000106976000 	/Library/Java/JavaVirtualMachines/jdk-21.jdk/Contents/Home/lib/libjli.dylib
0x00007ff822297000 	/usr/lib/libz.1.dylib
0x00007ff822377000 	/usr/lib/libSystem.B.dylib
0x00007ff822372000 	/usr/lib/system/libcache.dylib
0x00007ff82232e000 	/usr/lib/system/libcommonCrypto.dylib
0x00007ff822357000 	/usr/lib/system/libcompiler_rt.dylib
0x00007ff82234d000 	/usr/lib/system/libcopyfile.dylib
0x00007ff817306000 	/usr/lib/system/libcorecrypto.dylib
0x00007ff8173c4000 	/usr/lib/system/libdispatch.dylib
0x00007ff817585000 	/usr/lib/system/libdyld.dylib
0x00007ff822369000 	/usr/lib/system/libkeymgr.dylib
0x00007ff82230c000 	/usr/lib/system/libmacho.dylib
0x00007ff82198d000 	/usr/lib/system/libquarantine.dylib
0x00007ff822367000 	/usr/lib/system/libremovefile.dylib
0x00007ff81c519000 	/usr/lib/system/libsystem_asl.dylib
0x00007ff8172af000 	/usr/lib/system/libsystem_blocks.dylib
0x00007ff817449000 	/usr/lib/system/libsystem_c.dylib
0x00007ff82235f000 	/usr/lib/system/libsystem_collections.dylib
0x00007ff820c41000 	/usr/lib/system/libsystem_configuration.dylib
0x00007ff81feeb000 	/usr/lib/system/libsystem_containermanager.dylib
0x00007ff822044000 	/usr/lib/system/libsystem_coreservices.dylib
0x00007ff819bbc000 	/usr/lib/system/libsystem_darwin.dylib
0x00007ff82236a000 	/usr/lib/system/libsystem_dnssd.dylib
0x00007ff817446000 	/usr/lib/system/libsystem_featureflags.dylib
0x00007ff81759b000 	/usr/lib/system/libsystem_info.dylib
0x00007ff8222aa000 	/usr/lib/system/libsystem_m.dylib
0x00007ff817398000 	/usr/lib/system/libsystem_malloc.dylib
0x00007ff81c4b4000 	/usr/lib/system/libsystem_networkextension.dylib
0x00007ff819fe2000 	/usr/lib/system/libsystem_notify.dylib
0x00007ff8285ea000 	/usr/lib/system/libsystem_product_info_filter.dylib
0x00007ff820c45000 	/usr/lib/system/libsystem_sandbox.dylib
0x00007ff822364000 	/usr/lib/system/libsystem_secinit.dylib
0x00007ff817541000 	/usr/lib/system/libsystem_kernel.dylib
0x00007ff817591000 	/usr/lib/system/libsystem_platform.dylib
0x00007ff817579000 	/usr/lib/system/libsystem_pthread.dylib
0x00007ff81dd67000 	/usr/lib/system/libsystem_symptoms.dylib
0x00007ff8172ed000 	/usr/lib/system/libsystem_trace.dylib
0x00007ff82233a000 	/usr/lib/system/libunwind.dylib
0x00007ff8172b1000 	/usr/lib/system/libxpc.dylib
0x00007ff81752b000 	/usr/lib/libc++abi.dylib
0x00007ff81740b000 	/usr/lib/libobjc.A.dylib
0x00007ff822345000 	/usr/lib/liboah.dylib
0x00007ff8174d2000 	/usr/lib/libc++.1.dylib
0x00007ff82e3f7000 	/System/Library/Frameworks/Cocoa.framework/Versions/A/Cocoa
0x00007ff81a040000 	/System/Library/Frameworks/AppKit.framework/Versions/C/AppKit
0x00007ff81d555000 	/System/Library/Frameworks/CoreData.framework/Versions/A/CoreData
0x00007ff818443000 	/System/Library/Frameworks/Foundation.framework/Versions/C/Foundation
0x00007ff81aed0000 	/System/Library/PrivateFrameworks/UIFoundation.framework/Versions/A/UIFoundation
0x00007ff8282ed000 	/System/Library/PrivateFrameworks/RemoteViewServices.framework/Versions/A/RemoteViewServices
0x00007ff8205cb000 	/System/Library/PrivateFrameworks/XCTTargetBootstrap.framework/Versions/A/XCTTargetBootstrap
0x00007ff824183000 	/System/Library/PrivateFrameworks/InternationalSupport.framework/Versions/A/InternationalSupport
0x00007ff82420d000 	/System/Library/PrivateFrameworks/UserActivity.framework/Versions/A/UserActivity
0x00007ff82355f000 	/usr/lib/libspindump.dylib
0x00007ff81b15f000 	/System/Library/Frameworks/UniformTypeIdentifiers.framework/Versions/A/UniformTypeIdentifiers
0x00007ff81ecf0000 	/usr/lib/libapp_launch_measurement.dylib
0x00007ff81df27000 	/System/Library/PrivateFrameworks/CoreAnalytics.framework/Versions/A/CoreAnalytics
0x00007ff81ecf3000 	/System/Library/PrivateFrameworks/CoreAutoLayout.framework/Versions/A/CoreAutoLayout
0x00007ff81ff23000 	/System/Library/Frameworks/Metal.framework/Versions/A/Metal
0x00007ff820c51000 	/usr/lib/liblangid.dylib
0x00007ff8205d0000 	/System/Library/PrivateFrameworks/CoreSVG.framework/Versions/A/CoreSVG
0x00007ff81c549000 	/System/Library/PrivateFrameworks/SkyLight.framework/Versions/A/SkyLight
0x00007ff81c8e8000 	/System/Library/Frameworks/CoreGraphics.framework/Versions/A/CoreGraphics
0x00007ff8289ad000 	/System/Library/Frameworks/Accelerate.framework/Versions/A/Accelerate
0x00007ff822fde000 	/System/Library/PrivateFrameworks/IconServices.framework/Versions/A/IconServices
0x00007ff81ff08000 	/System/Library/Frameworks/IOSurface.framework/Versions/A/IOSurface
0x00007ff81df55000 	/usr/lib/libDiagnosticMessagesClient.dylib
0x00007ff82c09b000 	/System/Library/Frameworks/ApplicationServices.framework/Versions/A/ApplicationServices
0x00007ff8205b7000 	/System/Library/PrivateFrameworks/DFRFoundation.framework/Versions/A/DFRFoundation
0x00007ff819928000 	/usr/lib/libicucore.A.dylib
0x00007ff824f79000 	/System/Library/Frameworks/AudioToolbox.framework/Versions/A/AudioToolbox
0x00007ff82418f000 	/System/Library/PrivateFrameworks/DataDetectorsCore.framework/Versions/A/DataDetectorsCore
0x00007ff920694000 	/System/Library/PrivateFrameworks/TextInput.framework/Versions/A/TextInput
0x00007ff81c4cc000 	/usr/lib/libMobileGestalt.dylib
0x00007ff8202c3000 	/System/Library/Frameworks/Carbon.framework/Versions/A/Frameworks/HIToolbox.framework/Versions/A/HIToolbox
0x00007ff81e6f2000 	/System/Library/Frameworks/QuartzCore.framework/Versions/A/QuartzCore
0x00007ff8195cd000 	/System/Library/Frameworks/Security.framework/Versions/A/Security
0x00007ff828325000 	/System/Library/Frameworks/Carbon.framework/Versions/A/Frameworks/SpeechRecognition.framework/Versions/A/SpeechRecognition
0x00007ff81ea50000 	/System/Library/PrivateFrameworks/CoreUI.framework/Versions/A/CoreUI
0x00007ff818e97000 	/System/Library/Frameworks/CoreAudio.framework/Versions/A/CoreAudio
0x00007ff81e044000 	/System/Library/Frameworks/DiskArbitration.framework/Versions/A/DiskArbitration
0x00007ff82394f000 	/System/Library/PrivateFrameworks/MultitouchSupport.framework/Versions/A/MultitouchSupport
0x00007ff81c4cb000 	/usr/lib/libenergytrace.dylib
0x00007ff819f2c000 	/System/Library/Frameworks/IOKit.framework/Versions/A/IOKit
0x00007ff828715000 	/System/Library/Frameworks/CoreServices.framework/Versions/A/CoreServices
0x00007ff81ec8a000 	/System/Library/PrivateFrameworks/PerformanceAnalysis.framework/Versions/A/PerformanceAnalysis
0x00007ffa30369000 	/System/Library/Frameworks/OpenGL.framework/Versions/A/OpenGL
0x00007ff8218b3000 	/System/Library/PrivateFrameworks/MobileKeyBag.framework/Versions/A/MobileKeyBag
0x00007ff81cfb4000 	/System/Library/Frameworks/ColorSync.framework/Versions/A/ColorSync
0x00007ff8175c6000 	/System/Library/Frameworks/CoreFoundation.framework/Versions/A/CoreFoundation
0x00007ff820847000 	/System/Library/Frameworks/CoreImage.framework/Versions/A/CoreImage
0x00007ff818cab000 	/System/Library/Frameworks/CoreText.framework/Versions/A/CoreText
0x00007ff820600000 	/System/Library/Frameworks/ImageIO.framework/Versions/A/ImageIO
0x00007ff82237d000 	/System/Library/PrivateFrameworks/SoftLinking.framework/Versions/A/SoftLinking
0x00007ff81ed3b000 	/usr/lib/libxml2.2.dylib
0x00007ff822601000 	/usr/lib/libcompression.dylib
0x00007ff8240b6000 	/System/Library/PrivateFrameworks/TextureIO.framework/Versions/A/TextureIO
0x00007ff822cef000 	/usr/lib/libate.dylib
0x00007ff822acb000 	/usr/lib/liblzma.5.dylib
0x00007ff818155000 	/System/Library/Frameworks/SystemConfiguration.framework/Versions/A/SystemConfiguration
0x00007ff822379000 	/usr/lib/libfakelink.dylib
0x00007ff81c026000 	/System/Library/Frameworks/CFNetwork.framework/Versions/A/CFNetwork
0x00007ff8224ba000 	/usr/lib/libarchive.2.dylib
0x00007ff820c4d000 	/System/Library/PrivateFrameworks/AppleSystemInfo.framework/Versions/A/AppleSystemInfo
0x00007ff8219b4000 	/usr/lib/libbsm.0.dylib
0x00007ff81b635000 	/usr/lib/libnetwork.dylib
0x00007ff822312000 	/usr/lib/system/libkxld.dylib
0x00007ff8215e7000 	/System/Library/PrivateFrameworks/IOMobileFramebuffer.framework/Versions/A/IOMobileFramebuffer
0x00007ffb2fd4a000 	/usr/lib/libCoreEntitlements.dylib
0x00007ff822026000 	/System/Library/PrivateFrameworks/AppleFSCompression.framework/Versions/A/AppleFSCompression
0x00007ff82199c000 	/usr/lib/libcoretls.dylib
0x00007ff822ae5000 	/usr/lib/libcoretls_cfhelpers.dylib
0x00007ff8225fb000 	/usr/lib/libpam.2.dylib
0x00007ff81d986000 	/usr/lib/libsqlite3.dylib
0x00007ff822b54000 	/usr/lib/libxar.1.dylib
0x00007ff822036000 	/usr/lib/libbz2.1.0.dylib
0x00007ff82237e000 	/usr/lib/libpcap.A.dylib
0x00007ff81dd5f000 	/usr/lib/libdns_services.dylib
0x00007ff8225cb000 	/usr/lib/libapple_nghttp2.dylib
0x00007ff8223b8000 	/usr/lib/libiconv.2.dylib
0x00007ff82230b000 	/usr/lib/libcharset.1.dylib
0x00007ff81ecbe000 	/System/Library/Frameworks/CoreServices.framework/Versions/A/Frameworks/FSEvents.framework/Versions/A/FSEvents
0x00007ff819bc6000 	/System/Library/Frameworks/CoreServices.framework/Versions/A/Frameworks/CarbonCore.framework/Versions/A/CarbonCore
0x00007ff81dfa8000 	/System/Library/Frameworks/CoreServices.framework/Versions/A/Frameworks/Metadata.framework/Versions/A/Metadata
0x00007ff822049000 	/System/Library/Frameworks/CoreServices.framework/Versions/A/Frameworks/OSServices.framework/Versions/A/OSServices
0x00007ff822540000 	/System/Library/Frameworks/CoreServices.framework/Versions/A/Frameworks/SearchKit.framework/Versions/A/SearchKit
0x00007ff81dcf1000 	/System/Library/Frameworks/CoreServices.framework/Versions/A/Frameworks/AE.framework/Versions/A/AE
0x00007ff817ac9000 	/System/Library/Frameworks/CoreServices.framework/Versions/A/Frameworks/LaunchServices.framework/Versions/A/LaunchServices
0x00007ff822a7c000 	/System/Library/Frameworks/CoreServices.framework/Versions/A/Frameworks/DictionaryServices.framework/Versions/A/DictionaryServices
0x00007ff81eccb000 	/System/Library/Frameworks/CoreServices.framework/Versions/A/Frameworks/SharedFileList.framework/Versions/A/SharedFileList
0x00007ff821990000 	/usr/lib/libCheckFix.dylib
0x00007ff81c530000 	/System/Library/PrivateFrameworks/TCC.framework/Versions/A/TCC
0x00007ff820c53000 	/System/Library/PrivateFrameworks/CoreNLP.framework/Versions/A/CoreNLP
0x00007ff81df58000 	/System/Library/PrivateFrameworks/MetadataUtilities.framework/Versions/A/MetadataUtilities
0x00007ff818206000 	/usr/lib/libmecabra.dylib
0x00007ff8219c4000 	/usr/lib/libmecab.dylib
0x00007ff8181d1000 	/usr/lib/libCRFSuite.dylib
0x00007ff821a1e000 	/usr/lib/libgermantok.dylib
0x00007ff8225a6000 	/usr/lib/libThaiTokenizer.dylib
0x00007ff81e04b000 	/System/Library/Frameworks/Accelerate.framework/Versions/A/Frameworks/vImage.framework/Versions/A/vImage
0x00007ff8286ec000 	/System/Library/Frameworks/Accelerate.framework/Versions/A/Frameworks/vecLib.framework/Versions/A/vecLib
0x00007ff822b95000 	/System/Library/Frameworks/Accelerate.framework/Versions/A/Frameworks/vecLib.framework/Versions/A/libvMisc.dylib
0x00007ff821412000 	/System/Library/Frameworks/Accelerate.framework/Versions/A/Frameworks/vecLib.framework/Versions/A/libvDSP.dylib
0x00007ff817e45000 	/System/Library/Frameworks/Accelerate.framework/Versions/A/Frameworks/vecLib.framework/Versions/A/libBLAS.dylib
0x00007ff8226de000 	/System/Library/Frameworks/Accelerate.framework/Versions/A/Frameworks/vecLib.framework/Versions/A/libLAPACK.dylib
0x00007ff821a21000 	/System/Library/Frameworks/Accelerate.framework/Versions/A/Frameworks/vecLib.framework/Versions/A/libLinearAlgebra.dylib
0x00007ff8225e3000 	/System/Library/Frameworks/Accelerate.framework/Versions/A/Frameworks/vecLib.framework/Versions/A/libSparseBLAS.dylib
0x00007ff8226d8000 	/System/Library/Frameworks/Accelerate.framework/Versions/A/Frameworks/vecLib.framework/Versions/A/libQuadrature.dylib
0x00007ff820d3e000 	/System/Library/Frameworks/Accelerate.framework/Versions/A/Frameworks/vecLib.framework/Versions/A/libBNNS.dylib
0x00007ff8180df000 	/System/Library/Frameworks/Accelerate.framework/Versions/A/Frameworks/vecLib.framework/Versions/A/libSparse.dylib
0x00007ff820d37000 	/System/Library/PrivateFrameworks/LinguisticData.framework/Versions/A/LinguisticData
0x00007ff818095000 	/System/Library/PrivateFrameworks/Lexicon.framework/Versions/A/Lexicon
0x00007ff822b8e000 	/usr/lib/libChineseTokenizer.dylib
0x00007ff818800000 	/System/Library/PrivateFrameworks/LanguageModeling.framework/Versions/A/LanguageModeling
0x00007ff8225a8000 	/System/Library/PrivateFrameworks/AppleSauce.framework/Versions/A/AppleSauce
0x00007ff8215d5000 	/System/Library/PrivateFrameworks/CoreEmoji.framework/Versions/A/CoreEmoji
0x00007ff8224a9000 	/usr/lib/libcmph.dylib
0x00007ff81eca2000 	/System/Library/Frameworks/OpenDirectory.framework/Versions/A/Frameworks/CFOpenDirectory.framework/Versions/A/CFOpenDirectory
0x00007ff81ec96000 	/System/Library/Frameworks/OpenDirectory.framework/Versions/A/OpenDirectory
0x00007ff822ae7000 	/System/Library/PrivateFrameworks/APFS.framework/Versions/A/APFS
0x00007ff8218eb000 	/System/Library/Frameworks/SecurityFoundation.framework/Versions/A/SecurityFoundation
0x00007ff822b62000 	/usr/lib/libutil.dylib
0x00007ff819ef0000 	/System/Library/PrivateFrameworks/CoreServicesStore.framework/Versions/A/CoreServicesStore
0x00007ff822b66000 	/usr/lib/libxslt.1.dylib
0x00007ff821978000 	/System/Library/PrivateFrameworks/BackgroundTaskManagement.framework/Versions/A/BackgroundTaskManagement
0x00007ff823fd6000 	/System/Library/Frameworks/ImageIO.framework/Versions/A/Resources/libRadiance.dylib
0x00007ff823fdf000 	/System/Library/Frameworks/ImageIO.framework/Versions/A/Resources/libJPEG.dylib
0x00007ff823f2e000 	/System/Library/Frameworks/ImageIO.framework/Versions/A/Resources/libPng.dylib
0x00007ff823f4f000 	/System/Library/Frameworks/ImageIO.framework/Versions/A/Resources/libTIFF.dylib
0x00007ff82403f000 	/System/Library/Frameworks/ImageIO.framework/Versions/A/Resources/libGIF.dylib
0x00007ff823869000 	/System/Library/Frameworks/ImageIO.framework/Versions/A/Resources/libJP2.dylib
0x00007ff822fa4000 	/usr/lib/libexpat.1.dylib
0x00007ff82381e000 	/System/Library/PrivateFrameworks/AppleJPEG.framework/Versions/A/AppleJPEG
0x00007ff820188000 	/System/Library/PrivateFrameworks/FontServices.framework/libFontParser.dylib
0x00007ff81dc9b000 	/System/Library/PrivateFrameworks/RunningBoardServices.framework/Versions/A/RunningBoardServices
0x00007ff82e9b2000 	/System/Library/PrivateFrameworks/IOSurfaceAccelerator.framework/Versions/A/IOSurfaceAccelerator
0x00007ff82394b000 	/System/Library/PrivateFrameworks/WatchdogClient.framework/Versions/A/WatchdogClient
0x00007ff8188ee000 	/System/Library/Frameworks/CoreDisplay.framework/Versions/A/CoreDisplay
0x00007ff820086000 	/System/Library/Frameworks/CoreMedia.framework/Versions/A/CoreMedia
0x00007ff81ff1a000 	/System/Library/PrivateFrameworks/IOAccelerator.framework/Versions/A/IOAccelerator
0x00007ff81ee1f000 	/System/Library/Frameworks/CoreVideo.framework/Versions/A/CoreVideo
0x00007ff8225f9000 	/System/Library/Frameworks/MetalPerformanceShaders.framework/Versions/A/MetalPerformanceShaders
0x00007ff823988000 	/System/Library/Frameworks/VideoToolbox.framework/Versions/A/VideoToolbox
0x00007ff81dbe5000 	/System/Library/PrivateFrameworks/BaseBoard.framework/Versions/A/BaseBoard
0x00007ff81d96c000 	/System/Library/PrivateFrameworks/ProtocolBuffer.framework/Versions/A/ProtocolBuffer
0x00007ff823fcf000 	/System/Library/PrivateFrameworks/GPUWrangler.framework/Versions/A/GPUWrangler
0x00007ff823fb3000 	/System/Library/PrivateFrameworks/IOPresentment.framework/Versions/A/IOPresentment
0x00007ff823fd9000 	/System/Library/PrivateFrameworks/DSExternalDisplay.framework/Versions/A/DSExternalDisplay
0x00007ffa3035d000 	/System/Library/Frameworks/OpenGL.framework/Versions/A/Libraries/libCoreFSCache.dylib
0x00007ffb1d435000 	/System/Library/PrivateFrameworks/GPUCompiler.framework/Versions/31001/Libraries/libGPUCompilerUtils.dylib
0x00007ff824044000 	/System/Library/PrivateFrameworks/CMCaptureCore.framework/Versions/A/CMCaptureCore
0x00007ff82354d000 	/System/Library/PrivateFrameworks/AppServerSupport.framework/Versions/A/AppServerSupport
0x00007ff825812000 	/System/Library/PrivateFrameworks/perfdata.framework/Versions/A/perfdata
0x00007ff818a1a000 	/System/Library/PrivateFrameworks/AudioToolboxCore.framework/Versions/A/AudioToolboxCore
0x00007ff820064000 	/System/Library/PrivateFrameworks/caulk.framework/Versions/A/caulk
0x00007ff825124000 	/usr/lib/libAudioStatistics.dylib
0x00007ff91ce1e000 	/System/Library/PrivateFrameworks/SystemPolicy.framework/Versions/A/SystemPolicy
0x00007ff82537f000 	/usr/lib/libSMC.dylib
0x00007ff82e2aa000 	/System/Library/Frameworks/CoreMIDI.framework/Versions/A/CoreMIDI
0x00007ff823efd000 	/usr/lib/libAudioToolboxUtility.dylib
0x00007ff919042000 	/System/Library/PrivateFrameworks/OSAServicesClient.framework/Versions/A/OSAServicesClient
0x00007ff82581f000 	/usr/lib/libperfcheck.dylib
0x00007ff91d8cf000 	/usr/lib/libmis.dylib
0x00007ffa303b8000 	/System/Library/Frameworks/OpenGL.framework/Versions/A/Libraries/libGLU.dylib
0x00007ffa3037c000 	/System/Library/Frameworks/OpenGL.framework/Versions/A/Libraries/libGFXShared.dylib
0x00007ffa30585000 	/System/Library/Frameworks/OpenGL.framework/Versions/A/Libraries/libGL.dylib
0x00007ffa30385000 	/System/Library/Frameworks/OpenGL.framework/Versions/A/Libraries/libGLImage.dylib
0x00007ffa30379000 	/System/Library/Frameworks/OpenGL.framework/Versions/A/Libraries/libCVMSPluginSupport.dylib
0x00007ffa30364000 	/System/Library/Frameworks/OpenGL.framework/Versions/A/Libraries/libCoreVMClient.dylib
0x00007ff820bcf000 	/System/Library/Frameworks/MetalPerformanceShaders.framework/Versions/A/Frameworks/MPSCore.framework/Versions/A/MPSCore
0x00007ff821f91000 	/System/Library/Frameworks/MetalPerformanceShaders.framework/Versions/A/Frameworks/MPSImage.framework/Versions/A/MPSImage
0x00007ff821a37000 	/System/Library/Frameworks/MetalPerformanceShaders.framework/Versions/A/Frameworks/MPSNeuralNetwork.framework/Versions/A/MPSNeuralNetwork
0x00007ff821eab000 	/System/Library/Frameworks/MetalPerformanceShaders.framework/Versions/A/Frameworks/MPSMatrix.framework/Versions/A/MPSMatrix
0x00007ff821c66000 	/System/Library/Frameworks/MetalPerformanceShaders.framework/Versions/A/Frameworks/MPSRayIntersector.framework/Versions/A/MPSRayIntersector
0x00007ff821ee3000 	/System/Library/Frameworks/MetalPerformanceShaders.framework/Versions/A/Frameworks/MPSNDArray.framework/Versions/A/MPSNDArray
0x00007ffa35e3d000 	/System/Library/Frameworks/MetalPerformanceShaders.framework/Versions/A/Frameworks/MPSFunctions.framework/Versions/A/MPSFunctions
0x00007ff817d21000 	/System/Library/PrivateFrameworks/MetalTools.framework/Versions/A/MetalTools
0x00007ff820c4b000 	/System/Library/PrivateFrameworks/AggregateDictionary.framework/Versions/A/AggregateDictionary
0x00007ff822d86000 	/usr/lib/libIOReport.dylib
0x00007ffa31994000 	/System/Library/Frameworks/OpenCL.framework/Versions/A/OpenCL
0x00007ff8230eb000 	/System/Library/PrivateFrameworks/FaceCore.framework/Versions/A/FaceCore
0x00007ff8230dc000 	/System/Library/PrivateFrameworks/GraphVisualizer.framework/Versions/A/GraphVisualizer
0x00007ffb1d340000 	/System/Library/PrivateFrameworks/FontServices.framework/Versions/A/FontServices
0x00007ff823505000 	/System/Library/PrivateFrameworks/OTSVG.framework/Versions/A/OTSVG
0x00007ff81ea05000 	/System/Library/Frameworks/ApplicationServices.framework/Versions/A/Frameworks/ATS.framework/Versions/A/Resources/libFontRegistry.dylib
0x00007ff823555000 	/System/Library/PrivateFrameworks/FontServices.framework/libhvf.dylib
0x00007ffb1d341000 	/System/Library/PrivateFrameworks/FontServices.framework/libXTFontStaticRegistryData.dylib
0x00007ff822f54000 	/System/Library/PrivateFrameworks/AppleVA.framework/Versions/A/AppleVA
0x00007ff825144000 	/System/Library/Frameworks/ApplicationServices.framework/Versions/A/Frameworks/ATS.framework/Versions/A/ATS
0x00007ff81d0b2000 	/System/Library/Frameworks/ApplicationServices.framework/Versions/A/Frameworks/HIServices.framework/Versions/A/HIServices
0x00007ff82404e000 	/System/Library/Frameworks/ApplicationServices.framework/Versions/A/Frameworks/PrintCore.framework/Versions/A/PrintCore
0x00007ff8254d2000 	/System/Library/Frameworks/ApplicationServices.framework/Versions/A/Frameworks/QD.framework/Versions/A/QD
0x00007ff8254ca000 	/System/Library/Frameworks/ApplicationServices.framework/Versions/A/Frameworks/ColorSyncLegacy.framework/Versions/A/ColorSyncLegacy
0x00007ff825134000 	/System/Library/Frameworks/ApplicationServices.framework/Versions/A/Frameworks/SpeechSynthesis.framework/Versions/A/SpeechSynthesis
0x00007ff82400f000 	/System/Library/Frameworks/ApplicationServices.framework/Versions/A/Frameworks/ATSUI.framework/Versions/A/ATSUI
0x00007ff82545f000 	/usr/lib/libcups.2.dylib
0x00007ff82582e000 	/System/Library/Frameworks/Kerberos.framework/Versions/A/Kerberos
0x00007ff82583d000 	/System/Library/Frameworks/GSS.framework/Versions/A/GSS
0x00007ff8251b0000 	/usr/lib/libresolv.9.dylib
0x00007ff823564000 	/System/Library/PrivateFrameworks/Heimdal.framework/Versions/A/Heimdal
0x00007ff82c42d000 	/System/Library/Frameworks/Kerberos.framework/Versions/A/Libraries/libHeimdalProxy.dylib
0x00007ff81dd6f000 	/System/Library/Frameworks/Network.framework/Versions/A/Network
0x00007ff822fbf000 	/usr/lib/libheimdal-asn1.dylib
0x00007ff825888000 	/System/Library/PrivateFrameworks/CommonAuth.framework/Versions/A/CommonAuth
0x00007ff8250b6000 	/System/Library/PrivateFrameworks/AudioSession.framework/Versions/A/AudioSession
0x00007ff82304f000 	/System/Library/PrivateFrameworks/MediaExperience.framework/Versions/A/MediaExperience
0x00007ff824f48000 	/System/Library/PrivateFrameworks/AudioSession.framework/libSessionUtility.dylib
0x00007ff8254de000 	/System/Library/PrivateFrameworks/AudioResourceArbitration.framework/Versions/A/AudioResourceArbitration
0x00007ff82955f000 	/System/Library/PrivateFrameworks/PowerLog.framework/Versions/A/PowerLog
0x00007ff822fc8000 	/System/Library/PrivateFrameworks/IconFoundation.framework/Versions/A/IconFoundation
0x00007ff828315000 	/System/Library/PrivateFrameworks/SpeechRecognitionCore.framework/Versions/A/SpeechRecognitionCore
0x0000000107bc1000 	/Library/Java/JavaVirtualMachines/jdk-21.jdk/Contents/Home/lib/server/libjvm.dylib
0x00000001069a5000 	/Library/Java/JavaVirtualMachines/jdk-21.jdk/Contents/Home/lib/libjimage.dylib
0x0000000106a1f000 	/Library/Java/JavaVirtualMachines/jdk-21.jdk/Contents/Home/lib/libjava.dylib
0x0000000107481000 	/Library/Java/JavaVirtualMachines/jdk-21.jdk/Contents/Home/lib/libnio.dylib
0x000000010749d000 	/Library/Java/JavaVirtualMachines/jdk-21.jdk/Contents/Home/lib/libnet.dylib
0x00000001074b1000 	/Library/Java/JavaVirtualMachines/jdk-21.jdk/Contents/Home/lib/libzip.dylib
0x0000000107466000 	/Users/mac/.openjfx/cache/13/libprism_es2.dylib
0x00007ff819eb2000 	/System/Library/PrivateFrameworks/CoreServicesInternal.framework/Versions/A/CoreServicesInternal
0x00007ffa30590000 	/System/Library/Frameworks/OpenGL.framework/Versions/A/Resources/GLEngine.bundle/GLEngine
0x00007ffa303f6000 	/System/Library/Frameworks/OpenGL.framework/Versions/A/Libraries/libGLProgrammability.dylib
0x00007ffa28d65000 	/System/Library/Extensions/AppleIntelBDWGraphicsGLDriver.bundle/Contents/MacOS/AppleIntelBDWGraphicsGLDriver
0x00007ff927a6a000 	/System/Library/PrivateFrameworks/GPUSupport.framework/Versions/A/Libraries/libGPUSupportMercury.dylib
0x00007ffa3071a000 	/System/Library/Frameworks/OpenGL.framework/Versions/A/Resources/GLRendererFloat.bundle/GLRendererFloat
0x00000001079ac000 	/Users/mac/.openjfx/cache/13/libglass.dylib
0x00007ff829b50000 	/System/Library/Frameworks/FileProvider.framework/Versions/A/FileProvider
0x00007ff81db52000 	/System/Library/Frameworks/Accounts.framework/Versions/A/Accounts
0x00007ff829cc9000 	/System/Library/PrivateFrameworks/GenerationalStorage.framework/Versions/A/GenerationalStorage
0x00007ff82a7da000 	/System/Library/PrivateFrameworks/CoreSymbolication.framework/Versions/A/CoreSymbolication
0x00007ff829554000 	/System/Library/PrivateFrameworks/SymptomDiagnosticReporter.framework/Versions/A/SymptomDiagnosticReporter
0x00007ff81b173000 	/System/Library/PrivateFrameworks/DesktopServicesPriv.framework/Versions/A/DesktopServicesPriv
0x00007ff819ff1000 	/usr/lib/libsandbox.1.dylib
0x00007ff81ee9e000 	/System/Library/PrivateFrameworks/UserManagement.framework/Versions/A/UserManagement
0x00007ff82a79f000 	/System/Library/PrivateFrameworks/DebugSymbols.framework/Versions/A/DebugSymbols
0x00007ff8254bf000 	/System/Library/PrivateFrameworks/NetAuth.framework/Versions/A/NetAuth
0x00007ff8263ce000 	/System/Library/PrivateFrameworks/Sharing.framework/Versions/A/Sharing
0x00007ff81ee71000 	/System/Library/PrivateFrameworks/login.framework/Versions/A/Frameworks/loginsupport.framework/Versions/A/loginsupport
0x00007ff82b93d000 	/System/Library/PrivateFrameworks/Apple80211.framework/Versions/A/Apple80211
0x00007ff822076000 	/System/Library/PrivateFrameworks/AuthKit.framework/Versions/A/AuthKit
0x00007ff8216cb000 	/System/Library/PrivateFrameworks/CoreUtils.framework/Versions/A/CoreUtils
0x00007ff8215f2000 	/System/Library/Frameworks/CoreWLAN.framework/Versions/A/CoreWLAN
0x00007ff82652d000 	/System/Library/Frameworks/IOBluetooth.framework/Versions/A/IOBluetooth
0x00007ff82b9a5000 	/System/Library/PrivateFrameworks/CoreWiFi.framework/Versions/A/CoreWiFi
0x00007ff82a373000 	/System/Library/PrivateFrameworks/FrontBoardServices.framework/Versions/A/FrontBoardServices
0x00007ff82a404000 	/System/Library/PrivateFrameworks/BoardServices.framework/Versions/A/BoardServices
0x00007ff8218da000 	/System/Library/PrivateFrameworks/AssertionServices.framework/Versions/A/AssertionServices
0x00007ff82bb28000 	/System/Library/PrivateFrameworks/BackBoardServices.framework/Versions/A/BackBoardServices
0x00007ff825919000 	/System/Library/PrivateFrameworks/CorePhoneNumbers.framework/Versions/A/CorePhoneNumbers
0x00007ff8251dd000 	/System/Library/PrivateFrameworks/MultiverseSupport.framework/Versions/A/MultiverseSupport
0x00007ff82bd9c000 	/System/Library/PrivateFrameworks/RemoteServiceDiscovery.framework/Versions/A/RemoteServiceDiscovery
0x00007ff829671000 	/System/Library/PrivateFrameworks/DiskManagement.framework/Versions/A/DiskManagement
0x00007ff829585000 	/System/Library/PrivateFrameworks/AppleIDAuthSupport.framework/Versions/A/AppleIDAuthSupport
0x00007ffb17cbb000 	/System/Library/PrivateFrameworks/AAAFoundation.framework/Versions/A/AAAFoundation
0x00007ff8258fa000 	/System/Library/PrivateFrameworks/KeychainCircle.framework/Versions/A/KeychainCircle
0x00007ff82bdac000 	/System/Library/PrivateFrameworks/RemoteXPC.framework/Versions/A/RemoteXPC
0x00007ff82963d000 	/System/Library/PrivateFrameworks/MediaKit.framework/Versions/A/MediaKit
0x00007ff829591000 	/System/Library/Frameworks/DiscRecording.framework/Versions/A/DiscRecording
0x00007ff822ecc000 	/usr/lib/libCoreStorage.dylib
0x00007ff82be17000 	/usr/lib/libcsfde.dylib
0x00007ff8265fa000 	/System/Library/PrivateFrameworks/ProtectedCloudStorage.framework/Versions/A/ProtectedCloudStorage
0x00007ff82be13000 	/System/Library/PrivateFrameworks/EFILogin.framework/Versions/A/EFILogin
0x00007ff829cef000 	/System/Library/PrivateFrameworks/OctagonTrust.framework/Versions/A/OctagonTrust
0x00007ffb1c5a3000 	/System/Library/PrivateFrameworks/CoreUtilsExtras.framework/Versions/A/CoreUtilsExtras
0x00007ff8294b8000 	/System/Library/Frameworks/CoreBluetooth.framework/Versions/A/CoreBluetooth
0x00007ff82c4b2000 	/System/Library/Frameworks/AudioUnit.framework/Versions/A/AudioUnit
0x00007ff822ec4000 	/usr/lib/libMatch.1.dylib
0x00007ff921ef3000 	/System/Library/Frameworks/Accelerate.framework/Versions/A/Frameworks/vImage.framework/Versions/A/Libraries/libCGInterfaces.dylib
0x0000000107b94000 	/usr/lib/libobjc-trampolines.dylib
0x00007ff81eb96000 	/System/Library/PrivateFrameworks/ViewBridge.framework/Versions/A/ViewBridge
0x0000000126ff2000 	/Users/mac/.openjfx/cache/13/libjavafx_font.dylib
0x00007ff82361c000 	/System/Library/PrivateFrameworks/login.framework/Versions/A/login
0x00007ffb2fe39000 	/usr/lib/libRosetta.dylib


VM Arguments:
jvm_args: --module-path=/Users/mac/Projects-NIC/SecurePasswordManager/target/classes:/Users/mac/.m2/repository/org/openjfx/javafx-base/13/javafx-base-13-mac.jar:/Users/mac/.m2/repository/org/openjfx/javafx-controls/13/javafx-controls-13-mac.jar:/Users/mac/.m2/repository/org/openjfx/javafx-fxml/13/javafx-fxml-13-mac.jar:/Users/mac/.m2/repository/org/openjfx/javafx-graphics/13/javafx-graphics-13-mac.jar --add-modules=com.mycompany.securepasswordmanager -Djdk.module.main=com.mycompany.securepasswordmanager 
java_command: com.mycompany.securepasswordmanager/com.mycompany.securepasswordmanager.App
java_class_path (initial): /Users/mac/Projects-NIC/SecurePasswordManager/target/classes:/Users/mac/.m2/repository/org/openjfx/javafx-base/13/javafx-base-13.jar:/Users/mac/.m2/repository/org/openjfx/javafx-controls/13/javafx-controls-13.jar:/Users/mac/.m2/repository/org/openjfx/javafx-fxml/13/javafx-fxml-13.jar:/Users/mac/.m2/repository/org/openjfx/javafx-graphics/13/javafx-graphics-13.jar
Launcher Type: SUN_STANDARD

[Global flags]
     intx CICompilerCount                          = 3                                         {product} {ergonomic}
     uint ConcGCThreads                            = 1                                         {product} {ergonomic}
     uint G1ConcRefinementThreads                  = 4                                         {product} {ergonomic}
   size_t G1HeapRegionSize                         = 1048576                                   {product} {ergonomic}
    uintx GCDrainStackTargetSize                   = 64                                        {product} {ergonomic}
   size_t InitialHeapSize                          = 134217728                                 {product} {ergonomic}
   size_t MarkStackSize                            = 4194304                                   {product} {ergonomic}
   size_t MaxHeapSize                              = 2147483648                                {product} {ergonomic}
   size_t MaxNewSize                               = 1287651328                                {product} {ergonomic}
   size_t MinHeapDeltaBytes                        = 1048576                                   {product} {ergonomic}
   size_t MinHeapSize                              = 8388608                                   {product} {ergonomic}
    uintx NonNMethodCodeHeapSize                   = 5832780                                {pd product} {ergonomic}
    uintx NonProfiledCodeHeapSize                  = 122912730                              {pd product} {ergonomic}
    uintx ProfiledCodeHeapSize                     = 122912730                              {pd product} {ergonomic}
    uintx ReservedCodeCacheSize                    = 251658240                              {pd product} {ergonomic}
     bool SegmentedCodeCache                       = true                                      {product} {ergonomic}
   size_t SoftMaxHeapSize                          = 2147483648                             {manageable} {ergonomic}
     bool UseCompressedOops                        = true                           {product lp64_product} {ergonomic}
     bool UseG1GC                                  = true                                      {product} {ergonomic}
     bool UseNUMA                                  = false                                     {product} {ergonomic}
     bool UseNUMAInterleaving                      = false                                     {product} {ergonomic}

Logging:
Log output configuration:
 #0: stdout all=warning uptime,level,tags foldmultilines=false
 #1: stderr all=off uptime,level,tags foldmultilines=false

Environment Variables:
JAVA_HOME=/Library/Java/JavaVirtualMachines/jdk-21.jdk/Contents/Home
PATH=/usr/bin:/bin:/usr/sbin:/sbin
SHELL=/bin/zsh
LC_CTYPE=UTF-8
TMPDIR=/var/folders/zl/nrqd4rt96d77gmwxhn69bq4r0000gn/T/

Active Locale:
LC_ALL=C/UTF-8/C/C/C/C
LC_COLLATE=C
LC_CTYPE=UTF-8
LC_MESSAGES=C
LC_MONETARY=C
LC_NUMERIC=C
LC_TIME=C

Signal Handlers:
   SIGSEGV: crash_handler in libjvm.dylib, mask=11100110000111110111111111111111, flags=SA_ONSTACK|SA_RESTART|SA_SIGINFO, unblocked
    SIGBUS: crash_handler in libjvm.dylib, mask=11100110000111110111111111111111, flags=SA_RESTART|SA_SIGINFO, unblocked
    SIGFPE: crash_handler in libjvm.dylib, mask=11100110000111110111111111111111, flags=SA_RESTART|SA_SIGINFO, unblocked
   SIGPIPE: javaSignalHandler in libjvm.dylib, mask=11100110000111110111111111111111, flags=SA_RESTART|SA_SIGINFO, blocked
   SIGXFSZ: javaSignalHandler in libjvm.dylib, mask=11100110000111110111111111111111, flags=SA_RESTART|SA_SIGINFO, blocked
    SIGILL: crash_handler in libjvm.dylib, mask=11100110000111110111111111111111, flags=SA_RESTART|SA_SIGINFO, unblocked
   SIGUSR2: SR_handler in libjvm.dylib, mask=00000000000000000000000000000000, flags=SA_RESTART|SA_SIGINFO, blocked
    SIGHUP: UserHandler in libjvm.dylib, mask=11100110000111110111111111111111, flags=SA_RESTART|SA_SIGINFO, blocked
    SIGINT: SIG_IGN, mask=00000000000000000000000000000000, flags=none, blocked
   SIGTERM: UserHandler in libjvm.dylib, mask=11100110000111110111111111111111, flags=SA_RESTART|SA_SIGINFO, blocked
   SIGQUIT: UserHandler in libjvm.dylib, mask=11100110000111110111111111111111, flags=SA_RESTART|SA_SIGINFO, blocked
   SIGTRAP: crash_handler in libjvm.dylib, mask=11100110000111110111111111111111, flags=SA_RESTART|SA_SIGINFO, unblocked


Periodic native trim disabled

---------------  S Y S T E M  ---------------

OS:
uname: Darwin 21.6.0 Darwin Kernel Version 21.6.0: Wed Oct  4 23:55:28 PDT 2023; root:xnu-8020.240.18.704.15~1/RELEASE_X86_64 x86_64
OS uptime: 10 days 2:57 hours
rlimit (soft/hard): STACK 8192k/65532k , CORE 0k/infinity , NPROC 1392/2088 , NOFILE 10240/infinity , AS infinity/infinity , CPU infinity/infinity , DATA infinity/infinity , FSIZE infinity/infinity , MEMLOCK infinity/infinity , RSS infinity/infinity
load average: 4.34 2.87 2.68

CPU: total 4 (initial active 4) (2 cores per cpu, 2 threads per core) family 6 model 61 stepping 4 microcode 0x2f, cx8, cmov, fxsr, ht, mmx, 3dnowpref, sse, sse2, sse3, ssse3, sse4.1, sse4.2, popcnt, lzcnt, tsc, tscinvbit, avx, avx2, aes, erms, clmul, bmi1, bmi2, adx, fma, vzeroupper, clflush, rdtscp, f16c
machdep.cpu.brand_string:Intel(R) Core(TM) i5-5257U CPU @ 2.70GHz
hw.cpufrequency:2700000000
hw.cpufrequency_min:2700000000
hw.cpufrequency_max:2700000000
hw.cachelinesize:64
hw.l1icachesize:32768
hw.l1dcachesize:32768
hw.l2cachesize:262144
hw.l3cachesize:3145728

Memory: 4k page, physical 8388608k(37532k free), swap 2097152k(1510656k free)

vm_info: Java HotSpot(TM) 64-Bit Server VM (21.0.2+13-LTS-58) for bsd-amd64 JRE (21.0.2+13-LTS-58), built on 2024-01-05T18:32:24Z by "mach5one" with clang Apple LLVM 12.0.0 (clang-1200.0.32.29)

END.
